cube_sd_head 3 40 0.0 0.0 0.7714285714285715 1.0
cube_sd_head 3 40 0.0 0.25 1.0 1.0
cube_sd_head 3 40 0.0 0.5 1.0 1.0
cube_sd_head 3 40 0.0 0.75 1.0 0.9895833333333334
cube_sd_head 3 40 0.0 1.0 1.0 0.9166666666666666
cube_sd_head 3 40 0.0 1.25 1.0 0.9166666666666666
cube_sd_head 3 40 0.0 1.5 1.0 0.75
cube_sd_head 3 40 0.0 1.75 1.0 0.6666666666666666
cube_sd_head 3 40 0.0 2.0 1.0 0.71875
cube_sd_head 3 40 0.0 2.25 1.0 0.6979166666666666
cube_sd_head 3 40 0.0 2.5 1.0 0.6458333333333334
cube_sd_head 3 40 0.0 2.75 1.0 0.6666666666666666
cube_sd_head 3 40 0.0 3.0 1.0 0.65625
cube_sd_head 3 40 0.0 3.25 1.0 0.4479166666666667
cube_sd_head 3 40 0.0 3.5 1.0 0.5833333333333334
cube_sd_head 3 40 0.0 3.75 1.0 0.5416666666666666
cube_sd_head 3 40 0.0 4.0 1.0 0.6354166666666666
cube_sd_head 3 40 0.2 0.0 0.7629750000000001 0.9884479166666668
cube_sd_head 3 40 0.2 0.25 0.8148571428571428 0.9805208333333333
cube_sd_head 3 40 0.2 0.5 0.8881714285714285 0.9240208333333334
cube_sd_head 3 40 0.2 0.75 0.9506178571428574 0.9322187500000001
cube_sd_head 3 40 0.2 1.0 0.9705964285714286 0.7881041666666667
cube_sd_head 3 40 0.2 1.25 0.9884607142857145 0.8564999999999999
cube_sd_head 3 40 0.2 1.5 0.9963142857142858 0.7746770833333333
cube_sd_head 3 40 0.2 1.75 0.9989178571428572 0.7258958333333334
cube_sd_head 3 40 0.2 2.0 0.9997250000000002 0.66590625
cube_sd_head 3 40 0.2 2.25 0.9999642857142857 0.5780416666666667
cube_sd_head 3 40 0.2 2.5 0.9999714285714284 0.56321875
cube_sd_head 3 40 0.2 2.75 0.9999928571428571 0.6058020833333334
cube_sd_head 3 40 0.2 3.0 1.0 0.64846875
cube_sd_head 3 40 0.2 3.25 1.0 0.5419375
cube_sd_head 3 40 0.2 3.5 1.0 0.622125
cube_sd_head 3 40 0.2 3.75 1.0 0.5093125
cube_sd_head 3 40 0.2 4.0 1.0 0.5856041666666667
cube_sd_head 3 40 1.0 0.0 0.6084321428571428 0.6336145833333333
cube_sd_head 3 40 1.0 0.25 0.6151142857142857 0.6294375
cube_sd_head 3 40 1.0 0.5 0.6284750000000001 0.6212395833333333
cube_sd_head 3 40 1.0 0.75 0.6517178571428571 0.6274062499999999
cube_sd_head 3 40 1.0 1.0 0.6750214285714284 0.6246770833333334
cube_sd_head 3 40 1.0 1.25 0.6988821428571428 0.58965625
cube_sd_head 3 40 1.0 1.5 0.7181750000000001 0.5579270833333333
cube_sd_head 3 40 1.0 1.75 0.7407964285714286 0.5597604166666666
cube_sd_head 3 40 1.0 2.0 0.7704714285714286 0.5419791666666667
cube_sd_head 3 40 1.0 2.25 0.7849571428571429 0.4488125
cube_sd_head 3 40 1.0 2.5 0.826332142857143 0.5629895833333334
cube_sd_head 3 40 1.0 2.75 0.8394678571428571 0.5409270833333334
cube_sd_head 3 40 1.0 3.0 0.8577535714285716 0.6229687500000001
cube_sd_head 3 40 1.0 3.25 0.8632392857142857 0.4417083333333333
cube_sd_head 3 40 1.0 3.5 0.8863964285714285 0.5290104166666666
cube_sd_head 3 40 1.0 3.75 0.8933571428571428 0.45645833333333335
cube_sd_head 3 40 1.0 4.0 0.9137857142857143 0.5638958333333334
cube_sd_head 3 60 0.0 0.0 0.7714285714285715 1.0
cube_sd_head 3 60 0.0 0.25 1.0 1.0
cube_sd_head 3 60 0.0 0.5 1.0 1.0
cube_sd_head 3 60 0.0 0.75 1.0 1.0
cube_sd_head 3 60 0.0 1.0 1.0 0.96875
cube_sd_head 3 60 0.0 1.25 1.0 0.9895833333333334
cube_sd_head 3 60 0.0 1.5 1.0 0.8020833333333334
cube_sd_head 3 60 0.0 1.75 1.0 0.7916666666666666
cube_sd_head 3 60 0.0 2.0 1.0 0.7395833333333334
cube_sd_head 3 60 0.0 2.25 1.0 0.6666666666666666
cube_sd_head 3 60 0.0 2.5 1.0 0.5625
cube_sd_head 3 60 0.0 2.75 1.0 0.7604166666666666
cube_sd_head 3 60 0.0 3.0 1.0 0.59375
cube_sd_head 3 60 0.0 3.25 1.0 0.5729166666666666
cube_sd_head 3 60 0.0 3.5 1.0 0.5520833333333334
cube_sd_head 3 60 0.0 3.75 1.0 0.46875
cube_sd_head 3 60 0.0 4.0 1.0 0.65625
cube_sd_head 3 60 0.2 0.0 0.7621500000000001 0.9890625000000001
cube_sd_head 3 60 0.2 0.25 0.8140107142857143 0.9837395833333332
cube_sd_head 3 60 0.2 0.5 0.8814678571428569 0.9700312499999999
cube_sd_head 3 60 0.2 0.75 0.9526892857142857 0.935375
cube_sd_head 3 60 0.2 1.0 0.9753428571428572 0.8759166666666666
cube_sd_head 3 60 0.2 1.25 0.9891000000000001 0.8699166666666667
cube_sd_head 3 60 0.2 1.5 0.9971107142857144 0.8119999999999999
cube_sd_head 3 60 0.2 1.75 0.9992107142857143 0.6976979166666667
cube_sd_head 3 60 0.2 2.0 0.9997928571428571 0.6567291666666667
cube_sd_head 3 60 0.2 2.25 0.9999642857142857 0.8209791666666667
cube_sd_head 3 60 0.2 2.5 1.0 0.5783125
cube_sd_head 3 60 0.2 2.75 1.0 0.5690937500000001
cube_sd_head 3 60 0.2 3.0 1.0 0.6517708333333334
cube_sd_head 3 60 0.2 3.25 1.0 0.43130208333333325
cube_sd_head 3 60 0.2 3.5 1.0 0.5697291666666667
cube_sd_head 3 60 0.2 3.75 1.0 0.5143854166666667
cube_sd_head 3 60 0.2 4.0 1.0 0.5578333333333334
cube_sd_head 3 60 1.0 0.0 0.6075178571428572 0.6298125
cube_sd_head 3 60 1.0 0.25 0.6128964285714286 0.6281979166666667
cube_sd_head 3 60 1.0 0.5 0.6268464285714285 0.62740625
cube_sd_head 3 60 1.0 0.75 0.651532142857143 0.621375
cube_sd_head 3 60 1.0 1.0 0.6739392857142857 0.6004583333333333
cube_sd_head 3 60 1.0 1.25 0.7041035714285715 0.5813437499999999
cube_sd_head 3 60 1.0 1.5 0.7222964285714285 0.5954270833333333
cube_sd_head 3 60 1.0 1.75 0.7462535714285715 0.5765520833333334
cube_sd_head 3 60 1.0 2.0 0.7748964285714286 0.5925729166666667
cube_sd_head 3 60 1.0 2.25 0.7920035714285715 0.574875
cube_sd_head 3 60 1.0 2.5 0.810725 0.5731979166666668
cube_sd_head 3 60 1.0 2.75 0.8336928571428571 0.543
cube_sd_head 3 60 1.0 3.0 0.8583321428571429 0.55559375
cube_sd_head 3 60 1.0 3.25 0.8755571428571428 0.52146875
cube_sd_head 3 60 1.0 3.5 0.8856607142857144 0.57171875
cube_sd_head 3 60 1.0 3.75 0.8958428571428572 0.5573645833333334
cube_sd_head 3 60 1.0 4.0 0.9231321428571427 0.5839166666666666
cube_sd_head 3 80 0.0 0.0 0.7714285714285715 1.0
cube_sd_head 3 80 0.0 0.25 1.0 1.0
cube_sd_head 3 80 0.0 0.5 1.0 1.0
cube_sd_head 3 80 0.0 0.75 1.0 1.0
cube_sd_head 3 80 0.0 1.0 1.0 0.9895833333333334
cube_sd_head 3 80 0.0 1.25 1.0 0.9270833333333334
cube_sd_head 3 80 0.0 1.5 1.0 0.9791666666666666
cube_sd_head 3 80 0.0 1.75 1.0 0.8229166666666666
cube_sd_head 3 80 0.0 2.0 1.0 0.8020833333333334
cube_sd_head 3 80 0.0 2.25 1.0 0.7708333333333334
cube_sd_head 3 80 0.0 2.5 1.0 0.6354166666666666
cube_sd_head 3 80 0.0 2.75 1.0 0.6979166666666666
cube_sd_head 3 80 0.0 3.0 1.0 0.65625
cube_sd_head 3 80 0.0 3.25 1.0 0.5416666666666666
cube_sd_head 3 80 0.0 3.5 1.0 0.5104166666666666
cube_sd_head 3 80 0.0 3.75 1.0 0.3645833333333333
cube_sd_head 3 80 0.0 4.0 1.0 0.5416666666666666
cube_sd_head 3 80 0.2 0.0 0.7620178571428572 0.9883020833333335
cube_sd_head 3 80 0.2 0.25 0.8138 0.9819479166666666
cube_sd_head 3 80 0.2 0.5 0.8885357142857142 0.9715208333333333
cube_sd_head 3 80 0.2 0.75 0.9456607142857144 0.9408020833333334
cube_sd_head 3 80 0.2 1.0 0.9777607142857144 0.8505312500000001
cube_sd_head 3 80 0.2 1.25 0.9906464285714289 0.8874166666666667
cube_sd_head 3 80 0.2 1.5 0.9976678571428573 0.8323541666666667
cube_sd_head 3 80 0.2 1.75 0.9990500000000001 0.8329999999999999
cube_sd_head 3 80 0.2 2.0 0.9999285714285713 0.7065208333333333
cube_sd_head 3 80 0.2 2.25 0.9998714285714285 0.5697604166666667
cube_sd_head 3 80 0.2 2.5 0.9999857142857143 0.5981875
cube_sd_head 3 80 0.2 2.75 1.0 0.6257604166666667
cube_sd_head 3 80 0.2 3.0 1.0 0.6845833333333333
cube_sd_head 3 80 0.2 3.25 1.0 0.5966979166666667
cube_sd_head 3 80 0.2 3.5 1.0 0.5822083333333333
cube_sd_head 3 80 0.2 3.75 1.0 0.48362499999999997
cube_sd_head 3 80 0.2 4.0 1.0 0.5164375
cube_sd_head 3 80 1.0 0.0 0.6082142857142857 0.6293333333333333
cube_sd_head 3 80 1.0 0.25 0.6132964285714285 0.62784375
cube_sd_head 3 80 1.0 0.5 0.627207142857143 0.6176458333333333
cube_sd_head 3 80 1.0 0.75 0.6484214285714286 0.6151354166666667
cube_sd_head 3 80 1.0 1.0 0.6791357142857143 0.6096666666666667
cube_sd_head 3 80 1.0 1.25 0.6987714285714285 0.5749479166666666
cube_sd_head 3 80 1.0 1.5 0.7235785714285713 0.5955729166666667
cube_sd_head 3 80 1.0 1.75 0.7524892857142856 0.6227187500000001
cube_sd_head 3 80 1.0 2.0 0.7797499999999999 0.5817708333333332
cube_sd_head 3 80 1.0 2.25 0.8019750000000001 0.56490625
cube_sd_head 3 80 1.0 2.5 0.8246178571428571 0.5588229166666666
cube_sd_head 3 80 1.0 2.75 0.8408142857142858 0.6025833333333334
cube_sd_head 3 80 1.0 3.0 0.8631642857142857 0.5561666666666667
cube_sd_head 3 80 1.0 3.25 0.8756107142857142 0.5326770833333333
cube_sd_head 3 80 1.0 3.5 0.8947785714285714 0.5659375
cube_sd_head 3 80 1.0 3.75 0.9083392857142858 0.4905937500000001
cube_sd_head 3 80 1.0 4.0 0.9145214285714285 0.56209375
cube_sd_head 3 100 0.0 0.0 0.7714285714285715 1.0
cube_sd_head 3 100 0.0 0.25 1.0 1.0
cube_sd_head 3 100 0.0 0.5 1.0 1.0
cube_sd_head 3 100 0.0 0.75 1.0 1.0
cube_sd_head 3 100 0.0 1.0 1.0 0.9375
cube_sd_head 3 100 0.0 1.25 1.0 0.8645833333333334
cube_sd_head 3 100 0.0 1.5 1.0 0.84375
cube_sd_head 3 100 0.0 1.75 1.0 0.8020833333333334
cube_sd_head 3 100 0.0 2.0 1.0 0.6770833333333334
cube_sd_head 3 100 0.0 2.25 1.0 0.7395833333333334
cube_sd_head 3 100 0.0 2.5 1.0 0.6041666666666666
cube_sd_head 3 100 0.0 2.75 1.0 0.6354166666666666
cube_sd_head 3 100 0.0 3.0 1.0 0.7291666666666666
cube_sd_head 3 100 0.0 3.25 1.0 0.53125
cube_sd_head 3 100 0.0 3.5 1.0 0.7291666666666666
cube_sd_head 3 100 0.0 3.75 1.0 0.5625
cube_sd_head 3 100 0.0 4.0 1.0 0.6145833333333334
cube_sd_head 3 100 0.2 0.0 0.7615392857142856 0.9880208333333335
cube_sd_head 3 100 0.2 0.25 0.8151892857142856 0.9849166666666666
cube_sd_head 3 100 0.2 0.5 0.8925857142857143 0.9617708333333334
cube_sd_head 3 100 0.2 0.75 0.9465107142857144 0.93759375
cube_sd_head 3 100 0.2 1.0 0.9781321428571427 0.8860104166666667
cube_sd_head 3 100 0.2 1.25 0.9916964285714286 0.8851666666666667
cube_sd_head 3 100 0.2 1.5 0.9980785714285716 0.80515625
cube_sd_head 3 100 0.2 1.75 0.9990535714285713 0.8349791666666668
cube_sd_head 3 100 0.2 2.0 0.9997214285714284 0.7481562500000001
cube_sd_head 3 100 0.2 2.25 0.9999535714285713 0.6689999999999999
cube_sd_head 3 100 0.2 2.5 0.9999857142857143 0.6195
cube_sd_head 3 100 0.2 2.75 1.0 0.70603125
cube_sd_head 3 100 0.2 3.0 1.0 0.68015625
cube_sd_head 3 100 0.2 3.25 1.0 0.69203125
cube_sd_head 3 100 0.2 3.5 1.0 0.53059375
cube_sd_head 3 100 0.2 3.75 1.0 0.5293020833333334
cube_sd_head 3 100 0.2 4.0 1.0 0.6251666666666666
cube_sd_head 3 100 1.0 0.0 0.6048178571428571 0.6299270833333334
cube_sd_head 3 100 1.0 0.25 0.6113107142857143 0.6259583333333333
cube_sd_head 3 100 1.0 0.5 0.6281678571428571 0.61853125
cube_sd_head 3 100 1.0 0.75 0.6544571428571428 0.6098541666666667
cube_sd_head 3 100 1.0 1.0 0.6670142857142856 0.6087604166666667
cube_sd_head 3 100 1.0 1.25 0.6984321428571428 0.5728020833333334
cube_sd_head 3 100 1.0 1.5 0.7246535714285715 0.5708541666666668
cube_sd_head 3 100 1.0 1.75 0.7455714285714287 0.5626666666666668
cube_sd_head 3 100 1.0 2.0 0.7769142857142857 0.56175
cube_sd_head 3 100 1.0 2.25 0.798125 0.5303749999999999
cube_sd_head 3 100 1.0 2.5 0.8163857142857143 0.5346458333333334
cube_sd_head 3 100 1.0 2.75 0.8423428571428572 0.5087395833333334
cube_sd_head 3 100 1.0 3.0 0.8564928571428571 0.5197291666666667
cube_sd_head 3 100 1.0 3.25 0.8710035714285714 0.523375
cube_sd_head 3 100 1.0 3.5 0.8960821428571428 0.53453125
cube_sd_head 3 100 1.0 3.75 0.9113714285714286 0.5641979166666666
cube_sd_head 3 100 1.0 4.0 0.923175 0.5432604166666667
cube_sd_head 3 120 0.0 0.0 0.7714285714285715 1.0
cube_sd_head 3 120 0.0 0.25 1.0 1.0
cube_sd_head 3 120 0.0 0.5 1.0 1.0
cube_sd_head 3 120 0.0 0.75 1.0 1.0
cube_sd_head 3 120 0.0 1.0 1.0 1.0
cube_sd_head 3 120 0.0 1.25 1.0 0.96875
cube_sd_head 3 120 0.0 1.5 1.0 0.9791666666666666
cube_sd_head 3 120 0.0 1.75 1.0 0.9791666666666666
cube_sd_head 3 120 0.0 2.0 1.0 0.84375
cube_sd_head 3 120 0.0 2.25 1.0 0.59375
cube_sd_head 3 120 0.0 2.5 1.0 0.8645833333333334
cube_sd_head 3 120 0.0 2.75 1.0 0.6041666666666666
cube_sd_head 3 120 0.0 3.0 1.0 0.6875
cube_sd_head 3 120 0.0 3.25 1.0 0.6354166666666666
cube_sd_head 3 120 0.0 3.5 1.0 0.59375
cube_sd_head 3 120 0.0 3.75 1.0 0.71875
cube_sd_head 3 120 0.0 4.0 1.0 0.5625
cube_sd_head 3 120 0.2 0.0 0.7612 0.9877291666666667
cube_sd_head 3 120 0.2 0.25 0.8136499999999999 0.9849583333333333
cube_sd_head 3 120 0.2 0.5 0.8945357142857142 0.9706562499999999
cube_sd_head 3 120 0.2 0.75 0.9465392857142857 0.9440833333333334
cube_sd_head 3 120 0.2 1.0 0.9806607142857142 0.8847708333333334
cube_sd_head 3 120 0.2 1.25 0.9917535714285716 0.8529062500000001
cube_sd_head 3 120 0.2 1.5 0.9976357142857142 0.85740625
cube_sd_head 3 120 0.2 1.75 0.999307142857143 0.7689374999999999
cube_sd_head 3 120 0.2 2.0 0.999807142857143 0.6465729166666666
cube_sd_head 3 120 0.2 2.25 0.99995 0.6831875
cube_sd_head 3 120 0.2 2.5 0.9999892857142856 0.8398854166666666
cube_sd_head 3 120 0.2 2.75 1.0 0.8072499999999999
cube_sd_head 3 120 0.2 3.0 1.0 0.5871458333333334
cube_sd_head 3 120 0.2 3.25 1.0 0.6539479166666666
cube_sd_head 3 120 0.2 3.5 1.0 0.6200208333333334
cube_sd_head 3 120 0.2 3.75 1.0 0.7848020833333332
cube_sd_head 3 120 0.2 4.0 1.0 0.5811354166666667
cube_sd_head 3 120 1.0 0.0 0.6037964285714286 0.6291145833333333
cube_sd_head 3 120 1.0 0.25 0.609692857142857 0.6238958333333334
cube_sd_head 3 120 1.0 0.5 0.6271178571428572 0.62184375
cube_sd_head 3 120 1.0 0.75 0.6446642857142857 0.6065833333333334
cube_sd_head 3 120 1.0 1.0 0.6754964285714286 0.5956562500000001
cube_sd_head 3 120 1.0 1.25 0.6917964285714285 0.5688124999999999
cube_sd_head 3 120 1.0 1.5 0.7267357142857144 0.5989687499999999
cube_sd_head 3 120 1.0 1.75 0.7453035714285714 0.5752395833333334
cube_sd_head 3 120 1.0 2.0 0.7736035714285715 0.5622604166666667
cube_sd_head 3 120 1.0 2.25 0.7933857142857144 0.59865625
cube_sd_head 3 120 1.0 2.5 0.8146428571428571 0.5677916666666666
cube_sd_head 3 120 1.0 2.75 0.8390571428571428 0.53996875
cube_sd_head 3 120 1.0 3.0 0.8571714285714286 0.5738541666666667
cube_sd_head 3 120 1.0 3.25 0.8806678571428571 0.5555833333333333
cube_sd_head 3 120 1.0 3.5 0.8925785714285714 0.5206770833333333
cube_sd_head 3 120 1.0 3.75 0.9078428571428572 0.5148437499999999
cube_sd_head 3 120 1.0 4.0 0.9244821428571429 0.5213229166666667
cube_sd_head 3 140 0.0 0.0 0.7714285714285715 1.0
cube_sd_head 3 140 0.0 0.25 1.0 1.0
cube_sd_head 3 140 0.0 0.5 1.0 1.0
cube_sd_head 3 140 0.0 0.75 1.0 1.0
cube_sd_head 3 140 0.0 1.0 1.0 1.0
cube_sd_head 3 140 0.0 1.25 1.0 0.9270833333333334
cube_sd_head 3 140 0.0 1.5 1.0 0.9479166666666666
cube_sd_head 3 140 0.0 1.75 1.0 0.8958333333333334
cube_sd_head 3 140 0.0 2.0 1.0 0.8854166666666666
cube_sd_head 3 140 0.0 2.25 1.0 0.65625
cube_sd_head 3 140 0.0 2.5 1.0 0.7604166666666666
cube_sd_head 3 140 0.0 2.75 1.0 0.59375
cube_sd_head 3 140 0.0 3.0 1.0 0.5729166666666666
cube_sd_head 3 140 0.0 3.25 1.0 0.5729166666666666
cube_sd_head 3 140 0.0 3.5 1.0 0.7604166666666666
cube_sd_head 3 140 0.0 3.75 1.0 0.6458333333333334
cube_sd_head 3 140 0.0 4.0 1.0 0.6354166666666666
cube_sd_head 3 140 0.2 0.0 0.7609428571428571 0.9876875000000002
cube_sd_head 3 140 0.2 0.25 0.8131464285714286 0.9832708333333334
cube_sd_head 3 140 0.2 0.5 0.8961642857142856 0.9723125
cube_sd_head 3 140 0.2 0.75 0.9495607142857143 0.9475625000000001
cube_sd_head 3 140 0.2 1.0 0.9776285714285716 0.9139791666666667
cube_sd_head 3 140 0.2 1.25 0.9915249999999999 0.8491875000000001
cube_sd_head 3 140 0.2 1.5 0.9978499999999999 0.7995416666666667
cube_sd_head 3 140 0.2 1.75 0.9993428571428572 0.8274895833333332
cube_sd_head 3 140 0.2 2.0 0.9998678571428572 0.82340625
cube_sd_head 3 140 0.2 2.25 0.9999821428571428 0.6794166666666667
cube_sd_head 3 140 0.2 2.5 0.9999964285714287 0.6895833333333333
cube_sd_head 3 140 0.2 2.75 1.0 0.49342708333333335
cube_sd_head 3 140 0.2 3.0 1.0 0.6505416666666667
cube_sd_head 3 140 0.2 3.25 1.0 0.7218645833333334
cube_sd_head 3 140 0.2 3.5 1.0 0.7630833333333333
cube_sd_head 3 140 0.2 3.75 1.0 0.5497291666666667
cube_sd_head 3 140 0.2 4.0 1.0 0.5788333333333333
cube_sd_head 3 140 1.0 0.0 0.602125 0.6274895833333333
cube_sd_head 3 140 1.0 0.25 0.60955 0.6235937500000001
cube_sd_head 3 140 1.0 0.5 0.6242249999999999 0.6205729166666667
cube_sd_head 3 140 1.0 0.75 0.6422964285714287 0.606375
cube_sd_head 3 140 1.0 1.0 0.6717107142857143 0.6060625
cube_sd_head 3 140 1.0 1.25 0.6953678571428571 0.59396875
cube_sd_head 3 140 1.0 1.5 0.7225857142857143 0.566
cube_sd_head 3 140 1.0 1.75 0.7481464285714287 0.5707291666666666
cube_sd_head 3 140 1.0 2.0 0.7769035714285715 0.5715416666666667
cube_sd_head 3 140 1.0 2.25 0.7986214285714286 0.5674270833333334
cube_sd_head 3 140 1.0 2.5 0.8210500000000001 0.5460729166666667
cube_sd_head 3 140 1.0 2.75 0.8404428571428572 0.5559062499999999
cube_sd_head 3 140 1.0 3.0 0.8528892857142857 0.60453125
cube_sd_head 3 140 1.0 3.25 0.8736249999999999 0.5218541666666666
cube_sd_head 3 140 1.0 3.5 0.8948178571428572 0.5092708333333333
cube_sd_head 3 140 1.0 3.75 0.9091892857142857 0.5203541666666667
cube_sd_head 3 140 1.0 4.0 0.9202214285714285 0.5481874999999999
cube_sd_head 3 160 0.0 0.0 0.7714285714285715 1.0
cube_sd_head 3 160 0.0 0.25 1.0 1.0
cube_sd_head 3 160 0.0 0.5 1.0 1.0
cube_sd_head 3 160 0.0 0.75 1.0 1.0
cube_sd_head 3 160 0.0 1.0 1.0 1.0
cube_sd_head 3 160 0.0 1.25 1.0 0.9895833333333334
cube_sd_head 3 160 0.0 1.5 1.0 0.9583333333333334
cube_sd_head 3 160 0.0 1.75 1.0 0.8854166666666666
cube_sd_head 3 160 0.0 2.0 1.0 0.9166666666666666
cube_sd_head 3 160 0.0 2.25 1.0 0.6979166666666666
cube_sd_head 3 160 0.0 2.5 1.0 0.8541666666666666
cube_sd_head 3 160 0.0 2.75 1.0 0.6041666666666666
cube_sd_head 3 160 0.0 3.0 1.0 0.6145833333333334
cube_sd_head 3 160 0.0 3.25 1.0 0.7083333333333334
cube_sd_head 3 160 0.0 3.5 1.0 0.5104166666666666
cube_sd_head 3 160 0.0 3.75 1.0 0.5520833333333334
cube_sd_head 3 160 0.0 4.0 1.0 0.71875
cube_sd_head 3 160 0.2 0.0 0.7592964285714285 0.9885104166666667
cube_sd_head 3 160 0.2 0.25 0.8107071428571428 0.9831979166666667
cube_sd_head 3 160 0.2 0.5 0.89295 0.973375
cube_sd_head 3 160 0.2 0.75 0.9490107142857144 0.9439791666666668
cube_sd_head 3 160 0.2 1.0 0.979325 0.9103125
cube_sd_head 3 160 0.2 1.25 0.992592857142857 0.8459479166666668
cube_sd_head 3 160 0.2 1.5 0.9975071428571429 0.9012395833333334
cube_sd_head 3 160 0.2 1.75 0.999492857142857 0.7882604166666667
cube_sd_head 3 160 0.2 2.0 0.9997714285714286 0.80075
cube_sd_head 3 160 0.2 2.25 0.9999571428571431 0.7867291666666666
cube_sd_head 3 160 0.2 2.5 0.9999892857142858 0.7199166666666666
cube_sd_head 3 160 0.2 2.75 1.0 0.6682708333333333
cube_sd_head 3 160 0.2 3.0 1.0 0.6518125
cube_sd_head 3 160 0.2 3.25 1.0 0.46704166666666663
cube_sd_head 3 160 0.2 3.5 1.0 0.6175416666666668
cube_sd_head 3 160 0.2 3.75 1.0 0.5168229166666666
cube_sd_head 3 160 0.2 4.0 1.0 0.5202395833333333
cube_sd_head 3 160 1.0 0.0 0.6014678571428571 0.6241041666666667
cube_sd_head 3 160 1.0 0.25 0.6088535714285713 0.6290833333333333
cube_sd_head 3 160 1.0 0.5 0.62695 0.6207083333333333
cube_sd_head 3 160 1.0 0.75 0.6452035714285714 0.6141041666666668
cube_sd_head 3 160 1.0 1.0 0.6663964285714284 0.5935729166666667
cube_sd_head 3 160 1.0 1.25 0.702767857142857 0.6035833333333334
cube_sd_head 3 160 1.0 1.5 0.72395 0.5958854166666666
cube_sd_head 3 160 1.0 1.75 0.7499428571428571 0.5846458333333334
cube_sd_head 3 160 1.0 2.0 0.7760428571428573 0.5929479166666666
cube_sd_head 3 160 1.0 2.25 0.7968785714285713 0.5531875
cube_sd_head 3 160 1.0 2.5 0.817475 0.5821458333333333
cube_sd_head 3 160 1.0 2.75 0.8404214285714288 0.5584895833333333
cube_sd_head 3 160 1.0 3.0 0.8563214285714286 0.5452604166666667
cube_sd_head 3 160 1.0 3.25 0.8742 0.5668958333333334
cube_sd_head 3 160 1.0 3.5 0.8925964285714286 0.5119791666666667
cube_sd_head 3 160 1.0 3.75 0.9069107142857143 0.5364583333333333
cube_sd_head 3 160 1.0 4.0 0.9177714285714286 0.5376875
cube_sd_head 3 180 0.0 0.0 0.7714285714285715 1.0
cube_sd_head 3 180 0.0 0.25 1.0 1.0
cube_sd_head 3 180 0.0 0.5 1.0 1.0
cube_sd_head 3 180 0.0 0.75 1.0 1.0
cube_sd_head 3 180 0.0 1.0 1.0 1.0
cube_sd_head 3 180 0.0 1.25 1.0 0.9791666666666666
cube_sd_head 3 180 0.0 1.5 1.0 0.96875
cube_sd_head 3 180 0.0 1.75 1.0 0.8958333333333334
cube_sd_head 3 180 0.0 2.0 1.0 0.9375
cube_sd_head 3 180 0.0 2.25 1.0 0.7291666666666666
cube_sd_head 3 180 0.0 2.5 1.0 0.7916666666666666
cube_sd_head 3 180 0.0 2.75 1.0 0.6770833333333334
cube_sd_head 3 180 0.0 3.0 1.0 0.6875
cube_sd_head 3 180 0.0 3.25 1.0 0.8333333333333334
cube_sd_head 3 180 0.0 3.5 1.0 0.5104166666666666
cube_sd_head 3 180 0.0 3.75 1.0 0.625
cube_sd_head 3 180 0.0 4.0 1.0 0.53125
cube_sd_head 3 180 0.2 0.0 0.7587178571428571 0.9873958333333334
cube_sd_head 3 180 0.2 0.25 0.8135035714285717 0.98425
cube_sd_head 3 180 0.2 0.5 0.8945571428571427 0.9681562499999999
cube_sd_head 3 180 0.2 0.75 0.9474035714285716 0.9214791666666667
cube_sd_head 3 180 0.2 1.0 0.9788964285714286 0.8940312499999999
cube_sd_head 3 180 0.2 1.25 0.9918642857142859 0.8918333333333334
cube_sd_head 3 180 0.2 1.5 0.9976107142857144 0.8859895833333334
cube_sd_head 3 180 0.2 1.75 0.999292857142857 0.8080416666666667
cube_sd_head 3 180 0.2 2.0 0.9998714285714285 0.6629270833333334
cube_sd_head 3 180 0.2 2.25 0.9999785714285715 0.7233333333333333
cube_sd_head 3 180 0.2 2.5 1.0 0.6952916666666665
cube_sd_head 3 180 0.2 2.75 1.0 0.6418541666666666
cube_sd_head 3 180 0.2 3.0 1.0 0.6089895833333333
cube_sd_head 3 180 0.2 3.25 1.0 0.6356145833333334
cube_sd_head 3 180 0.2 3.5 1.0 0.58715625
cube_sd_head 3 180 0.2 3.75 1.0 0.7176874999999999
cube_sd_head 3 180 0.2 4.0 1.0 0.5829791666666667
cube_sd_head 3 180 1.0 0.0 0.6007464285714286 0.6256041666666666
cube_sd_head 3 180 1.0 0.25 0.6056821428571428 0.6232708333333333
cube_sd_head 3 180 1.0 0.5 0.6232571428571428 0.6173541666666668
cube_sd_head 3 180 1.0 0.75 0.6425857142857142 0.6074166666666666
cube_sd_head 3 180 1.0 1.0 0.6654714285714286 0.5990416666666667
cube_sd_head 3 180 1.0 1.25 0.697975 0.5934166666666667
cube_sd_head 3 180 1.0 1.5 0.7250821428571429 0.5733645833333334
cube_sd_head 3 180 1.0 1.75 0.7476678571428572 0.5795833333333333
cube_sd_head 3 180 1.0 2.0 0.7685892857142858 0.5544270833333333
cube_sd_head 3 180 1.0 2.25 0.7921392857142856 0.5543750000000001
cube_sd_head 3 180 1.0 2.5 0.817107142857143 0.5715625
cube_sd_head 3 180 1.0 2.75 0.8406142857142855 0.5297916666666667
cube_sd_head 3 180 1.0 3.0 0.8630857142857143 0.549625
cube_sd_head 3 180 1.0 3.25 0.8728464285714286 0.5542291666666667
cube_sd_head 3 180 1.0 3.5 0.8908571428571429 0.5553437499999999
cube_sd_head 3 180 1.0 3.75 0.9084857142857142 0.5424895833333334
cube_sd_head 3 180 1.0 4.0 0.9189214285714286 0.5633229166666667
cube_sd_head 3 200 0.0 0.0 0.7714285714285715 1.0
cube_sd_head 3 200 0.0 0.25 1.0 1.0
cube_sd_head 3 200 0.0 0.5 1.0 1.0
cube_sd_head 3 200 0.0 0.75 1.0 1.0
cube_sd_head 3 200 0.0 1.0 1.0 1.0
cube_sd_head 3 200 0.0 1.25 1.0 1.0
cube_sd_head 3 200 0.0 1.5 1.0 0.9583333333333334
cube_sd_head 3 200 0.0 1.75 1.0 0.8125
cube_sd_head 3 200 0.0 2.0 1.0 0.8020833333333334
cube_sd_head 3 200 0.0 2.25 1.0 0.90625
cube_sd_head 3 200 0.0 2.5 1.0 0.7708333333333334
cube_sd_head 3 200 0.0 2.75 1.0 0.6145833333333334
cube_sd_head 3 200 0.0 3.0 1.0 0.75
cube_sd_head 3 200 0.0 3.25 1.0 0.7291666666666666
cube_sd_head 3 200 0.0 3.5 1.0 0.65625
cube_sd_head 3 200 0.0 3.75 1.0 0.6145833333333334
cube_sd_head 3 200 0.0 4.0 1.0 0.6979166666666666
cube_sd_head 3 200 0.2 0.0 0.7588142857142857 0.9871770833333334
cube_sd_head 3 200 0.2 0.25 0.8114107142857142 0.98415625
cube_sd_head 3 200 0.2 0.5 0.8935428571428572 0.96896875
cube_sd_head 3 200 0.2 0.75 0.9493464285714286 0.9448229166666667
cube_sd_head 3 200 0.2 1.0 0.9780249999999999 0.9115104166666667
cube_sd_head 3 200 0.2 1.25 0.9920535714285713 0.8819270833333333
cube_sd_head 3 200 0.2 1.5 0.9981892857142859 0.8753645833333333
cube_sd_head 3 200 0.2 1.75 0.9995071428571427 0.7593749999999999
cube_sd_head 3 200 0.2 2.0 0.9998464285714286 0.77659375
cube_sd_head 3 200 0.2 2.25 0.9999750000000002 0.6820624999999999
cube_sd_head 3 200 0.2 2.5 0.9999964285714287 0.6046354166666666
cube_sd_head 3 200 0.2 2.75 1.0 0.6789062499999999
cube_sd_head 3 200 0.2 3.0 1.0 0.7744270833333333
cube_sd_head 3 200 0.2 3.25 1.0 0.5539895833333334
cube_sd_head 3 200 0.2 3.5 1.0 0.7782291666666667
cube_sd_head 3 200 0.2 3.75 1.0 0.6391041666666667
cube_sd_head 3 200 0.2 4.0 1.0 0.5539375
cube_sd_head 3 200 1.0 0.0 0.5997285714285715 0.6261041666666667
cube_sd_head 3 200 1.0 0.25 0.6059857142857142 0.6218437499999999
cube_sd_head 3 200 1.0 0.5 0.6215999999999999 0.6159270833333333
cube_sd_head 3 200 1.0 0.75 0.6437464285714286 0.6127604166666667
cube_sd_head 3 200 1.0 1.0 0.6641214285714284 0.591875
cube_sd_head 3 200 1.0 1.25 0.6927285714285714 0.5966770833333334
cube_sd_head 3 200 1.0 1.5 0.717017857142857 0.5731770833333333
cube_sd_head 3 200 1.0 1.75 0.7474571428571429 0.56646875
cube_sd_head 3 200 1.0 2.0 0.7684607142857143 0.5450729166666667
cube_sd_head 3 200 1.0 2.25 0.7930714285714285 0.5573229166666667
cube_sd_head 3 200 1.0 2.5 0.8147785714285715 0.5376041666666667
cube_sd_head 3 200 1.0 2.75 0.8363321428571429 0.5418958333333334
cube_sd_head 3 200 1.0 3.0 0.8591678571428571 0.5293541666666667
cube_sd_head 3 200 1.0 3.25 0.874792857142857 0.562375
cube_sd_head 3 200 1.0 3.5 0.8956 0.5628958333333333
cube_sd_head 3 200 1.0 3.75 0.9055678571428573 0.5302708333333334
cube_sd_head 3 200 1.0 4.0 0.9212285714285715 0.5510104166666666
cube_sd_head 3 220 0.0 0.0 0.7714285714285715 1.0
cube_sd_head 3 220 0.0 0.25 1.0 1.0
cube_sd_head 3 220 0.0 0.5 1.0 1.0
cube_sd_head 3 220 0.0 0.75 1.0 1.0
cube_sd_head 3 220 0.0 1.0 1.0 1.0
cube_sd_head 3 220 0.0 1.25 1.0 0.9895833333333334
cube_sd_head 3 220 0.0 1.5 1.0 0.9166666666666666
cube_sd_head 3 220 0.0 1.75 1.0 0.8958333333333334
cube_sd_head 3 220 0.0 2.0 1.0 0.96875
cube_sd_head 3 220 0.0 2.25 1.0 0.875
cube_sd_head 3 220 0.0 2.5 1.0 0.7291666666666666
cube_sd_head 3 220 0.0 2.75 1.0 0.7083333333333334
cube_sd_head 3 220 0.0 3.0 1.0 0.71875
cube_sd_head 3 220 0.0 3.25 1.0 0.71875
cube_sd_head 3 220 0.0 3.5 1.0 0.7708333333333334
cube_sd_head 3 220 0.0 3.75 1.0 0.5729166666666666
cube_sd_head 3 220 0.0 4.0 1.0 0.6354166666666666
cube_sd_head 3 220 0.2 0.0 0.7591607142857143 0.98709375
cube_sd_head 3 220 0.2 0.25 0.8129928571428572 0.9828645833333334
cube_sd_head 3 220 0.2 0.5 0.8887642857142858 0.9748854166666666
cube_sd_head 3 220 0.2 0.75 0.9488714285714285 0.9486875
cube_sd_head 3 220 0.2 1.0 0.9747678571428572 0.8904791666666667
cube_sd_head 3 220 0.2 1.25 0.9929249999999998 0.8671041666666667
cube_sd_head 3 220 0.2 1.5 0.9979821428571428 0.8591562500000002
cube_sd_head 3 220 0.2 1.75 0.9993107142857144 0.7378541666666667
cube_sd_head 3 220 0.2 2.0 0.999782142857143 0.7740520833333333
cube_sd_head 3 220 0.2 2.25 0.9999464285714286 0.7252812500000001
cube_sd_head 3 220 0.2 2.5 0.9999928571428571 0.7053229166666667
cube_sd_head 3 220 0.2 2.75 0.9999964285714287 0.6805416666666666
cube_sd_head 3 220 0.2 3.0 1.0 0.7914687499999999
cube_sd_head 3 220 0.2 3.25 1.0 0.5590520833333333
cube_sd_head 3 220 0.2 3.5 1.0 0.6790416666666667
cube_sd_head 3 220 0.2 3.75 1.0 0.7372916666666667
cube_sd_head 3 220 0.2 4.0 1.0 0.6048958333333334
cube_sd_head 3 220 1.0 0.0 0.5980178571428573 0.6214270833333333
cube_sd_head 3 220 1.0 0.25 0.6058071428571428 0.6228645833333334
cube_sd_head 3 220 1.0 0.5 0.6208999999999999 0.6186979166666667
cube_sd_head 3 220 1.0 0.75 0.6406178571428571 0.6093020833333332
cube_sd_head 3 220 1.0 1.0 0.667167857142857 0.6006041666666667
cube_sd_head 3 220 1.0 1.25 0.6908785714285716 0.600125
cube_sd_head 3 220 1.0 1.5 0.7164857142857143 0.577375
cube_sd_head 3 220 1.0 1.75 0.7448892857142858 0.5628854166666667
cube_sd_head 3 220 1.0 2.0 0.768375 0.5678229166666667
cube_sd_head 3 220 1.0 2.25 0.7958535714285713 0.5971770833333333
cube_sd_head 3 220 1.0 2.5 0.8199607142857143 0.5564583333333334
cube_sd_head 3 220 1.0 2.75 0.8358178571428572 0.55540625
cube_sd_head 3 220 1.0 3.0 0.8576714285714285 0.5490520833333333
cube_sd_head 3 220 1.0 3.25 0.8747642857142857 0.5406458333333334
cube_sd_head 3 220 1.0 3.5 0.8925000000000001 0.5662395833333332
cube_sd_head 3 220 1.0 3.75 0.9065892857142858 0.5183229166666666
cube_sd_head 3 220 1.0 4.0 0.9196 0.5081041666666667
cube_sd_head 3 240 0.0 0.0 0.7714285714285715 1.0
cube_sd_head 3 240 0.0 0.25 1.0 1.0
cube_sd_head 3 240 0.0 0.5 1.0 1.0
cube_sd_head 3 240 0.0 0.75 1.0 1.0
cube_sd_head 3 240 0.0 1.0 1.0 1.0
cube_sd_head 3 240 0.0 1.25 1.0 0.9791666666666666
cube_sd_head 3 240 0.0 1.5 1.0 0.96875
cube_sd_head 3 240 0.0 1.75 1.0 0.90625
cube_sd_head 3 240 0.0 2.0 1.0 0.84375
cube_sd_head 3 240 0.0 2.25 1.0 0.9479166666666666
cube_sd_head 3 240 0.0 2.5 1.0 0.75
cube_sd_head 3 240 0.0 2.75 1.0 0.8020833333333334
cube_sd_head 3 240 0.0 3.0 1.0 0.8020833333333334
cube_sd_head 3 240 0.0 3.25 1.0 0.8020833333333334
cube_sd_head 3 240 0.0 3.5 1.0 0.6354166666666666
cube_sd_head 3 240 0.0 3.75 1.0 0.5208333333333334
cube_sd_head 3 240 0.0 4.0 1.0 0.5833333333333334
cube_sd_head 3 240 0.2 0.0 0.7577285714285714 0.9869895833333334
cube_sd_head 3 240 0.2 0.25 0.8098642857142856 0.9834791666666667
cube_sd_head 3 240 0.2 0.5 0.8916 0.9682187500000001
cube_sd_head 3 240 0.2 0.75 0.9454714285714286 0.9375625
cube_sd_head 3 240 0.2 1.0 0.9803214285714286 0.9121874999999999
cube_sd_head 3 240 0.2 1.25 0.9937464285714287 0.8801770833333334
cube_sd_head 3 240 0.2 1.5 0.9977642857142858 0.79009375
cube_sd_head 3 240 0.2 1.75 0.9994 0.842625
cube_sd_head 3 240 0.2 2.0 0.9998642857142856 0.7302708333333333
cube_sd_head 3 240 0.2 2.25 0.9999714285714286 0.76859375
cube_sd_head 3 240 0.2 2.5 0.9999928571428571 0.7522812499999999
cube_sd_head 3 240 0.2 2.75 0.9999964285714287 0.691375
cube_sd_head 3 240 0.2 3.0 1.0 0.7709479166666666
cube_sd_head 3 240 0.2 3.25 1.0 0.7070520833333335
cube_sd_head 3 240 0.2 3.5 1.0 0.5327604166666666
cube_sd_head 3 240 0.2 3.75 1.0 0.7062395833333333
cube_sd_head 3 240 0.2 4.0 1.0 0.5353333333333333
cube_sd_head 3 240 1.0 0.0 0.5972178571428571 0.6225208333333333
cube_sd_head 3 240 1.0 0.25 0.6046892857142856 0.6193125
cube_sd_head 3 240 1.0 0.5 0.6206821428571428 0.6163125
cube_sd_head 3 240 1.0 0.75 0.6411535714285714 0.6105208333333333
cube_sd_head 3 240 1.0 1.0 0.660975 0.5988749999999999
cube_sd_head 3 240 1.0 1.25 0.6943892857142858 0.5806354166666666
cube_sd_head 3 240 1.0 1.5 0.7182071428571428 0.56728125
cube_sd_head 3 240 1.0 1.75 0.7427999999999999 0.5825416666666666
cube_sd_head 3 240 1.0 2.0 0.7693964285714286 0.5778229166666666
cube_sd_head 3 240 1.0 2.25 0.7924249999999999 0.57703125
cube_sd_head 3 240 1.0 2.5 0.8133785714285715 0.5576666666666666
cube_sd_head 3 240 1.0 2.75 0.8363607142857143 0.5402291666666666
cube_sd_head 3 240 1.0 3.0 0.8560357142857142 0.5721250000000001
cube_sd_head 3 240 1.0 3.25 0.8780821428571428 0.5175208333333333
cube_sd_head 3 240 1.0 3.5 0.8909392857142858 0.5196770833333334
cube_sd_head 3 240 1.0 3.75 0.9085749999999999 0.5751041666666666
cube_sd_head 3 240 1.0 4.0 0.9193607142857144 0.5263541666666667
cube_sd_head 3 260 0.0 0.0 0.7714285714285715 1.0
cube_sd_head 3 260 0.0 0.25 1.0 1.0
cube_sd_head 3 260 0.0 0.5 1.0 1.0
cube_sd_head 3 260 0.0 0.75 1.0 1.0
cube_sd_head 3 260 0.0 1.0 1.0 1.0
cube_sd_head 3 260 0.0 1.25 1.0 1.0
cube_sd_head 3 260 0.0 1.5 1.0 0.9895833333333334
cube_sd_head 3 260 0.0 1.75 1.0 0.8333333333333334
cube_sd_head 3 260 0.0 2.0 1.0 0.96875
cube_sd_head 3 260 0.0 2.25 1.0 0.7708333333333334
cube_sd_head 3 260 0.0 2.5 1.0 0.9375
cube_sd_head 3 260 0.0 2.75 1.0 0.6875
cube_sd_head 3 260 0.0 3.0 1.0 0.59375
cube_sd_head 3 260 0.0 3.25 1.0 0.6979166666666666
cube_sd_head 3 260 0.0 3.5 1.0 0.4375
cube_sd_head 3 260 0.0 3.75 1.0 0.71875
cube_sd_head 3 260 0.0 4.0 1.0 0.6145833333333334
cube_sd_head 3 260 0.2 0.0 0.7556857142857143 0.9866041666666666
cube_sd_head 3 260 0.2 0.25 0.8105392857142856 0.9843020833333332
cube_sd_head 3 260 0.2 0.5 0.8912464285714286 0.9675729166666667
cube_sd_head 3 260 0.2 0.75 0.9467928571428571 0.9631875
cube_sd_head 3 260 0.2 1.0 0.9775857142857143 0.9279375
cube_sd_head 3 260 0.2 1.25 0.9932249999999998 0.8729895833333333
cube_sd_head 3 260 0.2 1.5 0.9980607142857144 0.8265833333333333
cube_sd_head 3 260 0.2 1.75 0.9995249999999999 0.7331145833333332
cube_sd_head 3 260 0.2 2.0 0.9998857142857144 0.7339583333333334
cube_sd_head 3 260 0.2 2.25 0.9999821428571428 0.7606562499999999
cube_sd_head 3 260 0.2 2.5 0.9999928571428571 0.7062604166666667
cube_sd_head 3 260 0.2 2.75 1.0 0.6938749999999999
cube_sd_head 3 260 0.2 3.0 1.0 0.7686458333333333
cube_sd_head 3 260 0.2 3.25 1.0 0.6974791666666667
cube_sd_head 3 260 0.2 3.5 1.0 0.7727187500000001
cube_sd_head 3 260 0.2 3.75 1.0 0.5271041666666667
cube_sd_head 3 260 0.2 4.0 1.0 0.6639583333333334
cube_sd_head 3 260 1.0 0.0 0.5971321428571428 0.6218750000000001
cube_sd_head 3 260 1.0 0.25 0.6015999999999999 0.6220416666666667
cube_sd_head 3 260 1.0 0.5 0.6164928571428572 0.6124895833333334
cube_sd_head 3 260 1.0 0.75 0.6430821428571428 0.6083333333333334
cube_sd_head 3 260 1.0 1.0 0.6605107142857143 0.5921041666666667
cube_sd_head 3 260 1.0 1.25 0.6902857142857142 0.5848854166666667
cube_sd_head 3 260 1.0 1.5 0.7188607142857143 0.5850520833333334
cube_sd_head 3 260 1.0 1.75 0.7441821428571428 0.5893229166666667
cube_sd_head 3 260 1.0 2.0 0.7727857142857144 0.5743541666666667
cube_sd_head 3 260 1.0 2.25 0.7981714285714286 0.5763645833333334
cube_sd_head 3 260 1.0 2.5 0.8184535714285716 0.5530520833333333
cube_sd_head 3 260 1.0 2.75 0.8345821428571428 0.5368124999999999
cube_sd_head 3 260 1.0 3.0 0.8555142857142858 0.5444687500000001
cube_sd_head 3 260 1.0 3.25 0.8743964285714285 0.4960729166666667
cube_sd_head 3 260 1.0 3.5 0.8910714285714286 0.5446770833333333
cube_sd_head 3 260 1.0 3.75 0.9085071428571427 0.540625
cube_sd_head 3 260 1.0 4.0 0.921425 0.5552291666666667
cube_sd_head 3 280 0.0 0.0 0.7714285714285715 1.0
cube_sd_head 3 280 0.0 0.25 1.0 1.0
cube_sd_head 3 280 0.0 0.5 1.0 1.0
cube_sd_head 3 280 0.0 0.75 1.0 1.0
cube_sd_head 3 280 0.0 1.0 1.0 1.0
cube_sd_head 3 280 0.0 1.25 1.0 1.0
cube_sd_head 3 280 0.0 1.5 1.0 0.9895833333333334
cube_sd_head 3 280 0.0 1.75 1.0 1.0
cube_sd_head 3 280 0.0 2.0 1.0 0.9583333333333334
cube_sd_head 3 280 0.0 2.25 1.0 0.9270833333333334
cube_sd_head 3 280 0.0 2.5 1.0 0.8854166666666666
cube_sd_head 3 280 0.0 2.75 1.0 0.8958333333333334
cube_sd_head 3 280 0.0 3.0 1.0 0.7395833333333334
cube_sd_head 3 280 0.0 3.25 1.0 0.7708333333333334
cube_sd_head 3 280 0.0 3.5 1.0 0.65625
cube_sd_head 3 280 0.0 3.75 1.0 0.5104166666666666
cube_sd_head 3 280 0.0 4.0 1.0 0.7395833333333334
cube_sd_head 3 280 0.2 0.0 0.7566214285714286 0.9865624999999999
cube_sd_head 3 280 0.2 0.25 0.8085964285714287 0.9828645833333334
cube_sd_head 3 280 0.2 0.5 0.8917250000000001 0.9683229166666667
cube_sd_head 3 280 0.2 0.75 0.9443678571428572 0.94446875
cube_sd_head 3 280 0.2 1.0 0.9791107142857143 0.9212708333333333
cube_sd_head 3 280 0.2 1.25 0.9900571428571429 0.8941770833333332
cube_sd_head 3 280 0.2 1.5 0.9977392857142858 0.8567604166666666
cube_sd_head 3 280 0.2 1.75 0.9993535714285715 0.81753125
cube_sd_head 3 280 0.2 2.0 0.999857142857143 0.7809375
cube_sd_head 3 280 0.2 2.25 0.999975 0.7750104166666666
cube_sd_head 3 280 0.2 2.5 1.0 0.70175
cube_sd_head 3 280 0.2 2.75 1.0 0.6335937500000001
cube_sd_head 3 280 0.2 3.0 1.0 0.62096875
cube_sd_head 3 280 0.2 3.25 1.0 0.6107916666666667
cube_sd_head 3 280 0.2 3.5 1.0 0.6774687500000001
cube_sd_head 3 280 0.2 3.75 1.0 0.5317291666666667
cube_sd_head 3 280 0.2 4.0 1.0 0.5325624999999999
cube_sd_head 3 280 1.0 0.0 0.5945785714285715 0.6210625
cube_sd_head 3 280 1.0 0.25 0.5986428571428571 0.6173645833333333
cube_sd_head 3 280 1.0 0.5 0.6185142857142858 0.61940625
cube_sd_head 3 280 1.0 0.75 0.6370928571428571 0.6050833333333333
cube_sd_head 3 280 1.0 1.0 0.6668071428571428 0.6085416666666666
cube_sd_head 3 280 1.0 1.25 0.6899178571428571 0.59578125
cube_sd_head 3 280 1.0 1.5 0.7163035714285714 0.5765729166666667
cube_sd_head 3 280 1.0 1.75 0.7439071428571429 0.5786354166666666
cube_sd_head 3 280 1.0 2.0 0.7696 0.57015625
cube_sd_head 3 280 1.0 2.25 0.7928178571428571 0.5502083333333334
cube_sd_head 3 280 1.0 2.5 0.8140428571428572 0.55096875
cube_sd_head 3 280 1.0 2.75 0.8368285714285715 0.5709479166666666
cube_sd_head 3 280 1.0 3.0 0.8584285714285714 0.53903125
cube_sd_head 3 280 1.0 3.25 0.8740714285714286 0.5304791666666667
cube_sd_head 3 280 1.0 3.5 0.8946249999999999 0.5311770833333332
cube_sd_head 3 280 1.0 3.75 0.9076821428571429 0.5231979166666666
cube_sd_head 3 280 1.0 4.0 0.9172107142857143 0.5399166666666666
cube_sd_head 3 300 0.0 0.0 0.7714285714285715 1.0
cube_sd_head 3 300 0.0 0.25 1.0 1.0
cube_sd_head 3 300 0.0 0.5 1.0 1.0
cube_sd_head 3 300 0.0 0.75 1.0 1.0
cube_sd_head 3 300 0.0 1.0 1.0 1.0
cube_sd_head 3 300 0.0 1.25 1.0 1.0
cube_sd_head 3 300 0.0 1.5 1.0 1.0
cube_sd_head 3 300 0.0 1.75 1.0 0.9895833333333334
cube_sd_head 3 300 0.0 2.0 1.0 0.9375
cube_sd_head 3 300 0.0 2.25 1.0 0.84375
cube_sd_head 3 300 0.0 2.5 1.0 0.84375
cube_sd_head 3 300 0.0 2.75 1.0 0.875
cube_sd_head 3 300 0.0 3.0 1.0 0.8020833333333334
cube_sd_head 3 300 0.0 3.25 1.0 0.7916666666666666
cube_sd_head 3 300 0.0 3.5 1.0 0.5833333333333334
cube_sd_head 3 300 0.0 3.75 1.0 0.53125
cube_sd_head 3 300 0.0 4.0 1.0 0.3020833333333333
cube_sd_head 3 300 0.2 0.0 0.7557392857142857 0.9873020833333334
cube_sd_head 3 300 0.2 0.25 0.8118535714285714 0.9834687500000001
cube_sd_head 3 300 0.2 0.5 0.8888 0.968375
cube_sd_head 3 300 0.2 0.75 0.9445857142857143 0.9468958333333334
cube_sd_head 3 300 0.2 1.0 0.9788178571428572 0.9107083333333333
cube_sd_head 3 300 0.2 1.25 0.992732142857143 0.8500729166666666
cube_sd_head 3 300 0.2 1.5 0.9974892857142856 0.8428541666666667
cube_sd_head 3 300 0.2 1.75 0.9994892857142859 0.83790625
cube_sd_head 3 300 0.2 2.0 0.9998 0.8168541666666665
cube_sd_head 3 300 0.2 2.25 0.9999785714285713 0.7618229166666666
cube_sd_head 3 300 0.2 2.5 0.9999928571428571 0.7099791666666667
cube_sd_head 3 300 0.2 2.75 1.0 0.7017604166666667
cube_sd_head 3 300 0.2 3.0 1.0 0.6441770833333333
cube_sd_head 3 300 0.2 3.25 1.0 0.6121458333333333
cube_sd_head 3 300 0.2 3.5 1.0 0.6169687500000001
cube_sd_head 3 300 0.2 3.75 1.0 0.5887708333333334
cube_sd_head 3 300 0.2 4.0 1.0 0.6093229166666667
cube_sd_head 3 300 1.0 0.0 0.5943321428571429 0.6195208333333333
cube_sd_head 3 300 1.0 0.25 0.6009499999999999 0.6189166666666667
cube_sd_head 3 300 1.0 0.5 0.6150107142857142 0.6132916666666667
cube_sd_head 3 300 1.0 0.75 0.6365142857142856 0.6074895833333334
cube_sd_head 3 300 1.0 1.0 0.66385 0.60646875
cube_sd_head 3 300 1.0 1.25 0.6891035714285714 0.5888958333333333
cube_sd_head 3 300 1.0 1.5 0.7128749999999999 0.5715
cube_sd_head 3 300 1.0 1.75 0.7445785714285715 0.5821354166666667
cube_sd_head 3 300 1.0 2.0 0.7692785714285714 0.5691666666666667
cube_sd_head 3 300 1.0 2.25 0.7954321428571429 0.5466770833333333
cube_sd_head 3 300 1.0 2.5 0.8120214285714287 0.5399270833333334
cube_sd_head 3 300 1.0 2.75 0.8379142857142856 0.54865625
cube_sd_head 3 300 1.0 3.0 0.8616964285714285 0.5205208333333333
cube_sd_head 3 300 1.0 3.25 0.8745678571428572 0.575125
cube_sd_head 3 300 1.0 3.5 0.8938392857142857 0.5331666666666667
cube_sd_head 3 300 1.0 3.75 0.9011678571428572 0.5333020833333333
cube_sd_head 3 300 1.0 4.0 0.9196392857142858 0.5295520833333333
cube_sd_head 3 320 0.0 0.0 0.7714285714285715 1.0
cube_sd_head 3 320 0.0 0.25 1.0 1.0
cube_sd_head 3 320 0.0 0.5 1.0 1.0
cube_sd_head 3 320 0.0 0.75 1.0 1.0
cube_sd_head 3 320 0.0 1.0 1.0 1.0
cube_sd_head 3 320 0.0 1.25 1.0 1.0
cube_sd_head 3 320 0.0 1.5 1.0 0.9479166666666666
cube_sd_head 3 320 0.0 1.75 1.0 0.9270833333333334
cube_sd_head 3 320 0.0 2.0 1.0 0.8541666666666666
cube_sd_head 3 320 0.0 2.25 1.0 0.9479166666666666
cube_sd_head 3 320 0.0 2.5 1.0 0.8541666666666666
cube_sd_head 3 320 0.0 2.75 1.0 0.5729166666666666
cube_sd_head 3 320 0.0 3.0 1.0 0.78125
cube_sd_head 3 320 0.0 3.25 1.0 0.6770833333333334
cube_sd_head 3 320 0.0 3.5 1.0 0.6770833333333334
cube_sd_head 3 320 0.0 3.75 1.0 0.6458333333333334
cube_sd_head 3 320 0.0 4.0 1.0 0.71875
cube_sd_head 3 320 0.2 0.0 0.7556285714285713 0.9865729166666667
cube_sd_head 3 320 0.2 0.25 0.8103857142857143 0.9841666666666667
cube_sd_head 3 320 0.2 0.5 0.89085 0.9745
cube_sd_head 3 320 0.2 0.75 0.9502892857142857 0.94953125
cube_sd_head 3 320 0.2 1.0 0.9781642857142858 0.9139791666666666
cube_sd_head 3 320 0.2 1.25 0.9923678571428574 0.8547604166666667
cube_sd_head 3 320 0.2 1.5 0.9977142857142858 0.8327395833333333
cube_sd_head 3 320 0.2 1.75 0.9994678571428574 0.8168854166666666
cube_sd_head 3 320 0.2 2.0 0.9998785714285715 0.7771145833333333
cube_sd_head 3 320 0.2 2.25 0.9999678571428571 0.7753437499999999
cube_sd_head 3 320 0.2 2.5 0.9999785714285715 0.8168749999999999
cube_sd_head 3 320 0.2 2.75 0.9999964285714287 0.7548333333333334
cube_sd_head 3 320 0.2 3.0 1.0 0.6911875
cube_sd_head 3 320 0.2 3.25 1.0 0.7514791666666666
cube_sd_head 3 320 0.2 3.5 1.0 0.7293854166666666
cube_sd_head 3 320 0.2 3.75 1.0 0.6761874999999998
cube_sd_head 3 320 0.2 4.0 1.0 0.6459375
cube_sd_head 3 320 1.0 0.0 0.5926642857142858 0.6208125000000001
cube_sd_head 3 320 1.0 0.25 0.5997714285714286 0.6210312499999999
cube_sd_head 3 320 1.0 0.5 0.6145249999999999 0.6084375
cube_sd_head 3 320 1.0 0.75 0.6374142857142857 0.6042604166666666
cube_sd_head 3 320 1.0 1.0 0.6630285714285715 0.5958020833333334
cube_sd_head 3 320 1.0 1.25 0.6889892857142857 0.5913750000000001
cube_sd_head 3 320 1.0 1.5 0.7184464285714286 0.5895312500000001
cube_sd_head 3 320 1.0 1.75 0.7428428571428571 0.5705208333333333
cube_sd_head 3 320 1.0 2.0 0.7651821428571429 0.5766041666666667
cube_sd_head 3 320 1.0 2.25 0.7897428571428571 0.5603541666666666
cube_sd_head 3 320 1.0 2.5 0.8165821428571428 0.5463854166666666
cube_sd_head 3 320 1.0 2.75 0.8330035714285714 0.5596666666666666
cube_sd_head 3 320 1.0 3.0 0.8563857142857143 0.5560625
cube_sd_head 3 320 1.0 3.25 0.8730785714285715 0.5398333333333333
cube_sd_head 3 320 1.0 3.5 0.8887964285714286 0.58428125
cube_sd_head 3 320 1.0 3.75 0.9047071428571428 0.5169791666666667
cube_sd_head 3 320 1.0 4.0 0.9193250000000001 0.5059479166666667
cube_sd_head 3 340 0.0 0.0 0.7714285714285715 1.0
cube_sd_head 3 340 0.0 0.25 1.0 1.0
cube_sd_head 3 340 0.0 0.5 1.0 1.0
cube_sd_head 3 340 0.0 0.75 1.0 1.0
cube_sd_head 3 340 0.0 1.0 1.0 1.0
cube_sd_head 3 340 0.0 1.25 1.0 1.0
cube_sd_head 3 340 0.0 1.5 1.0 1.0
cube_sd_head 3 340 0.0 1.75 1.0 0.9270833333333334
cube_sd_head 3 340 0.0 2.0 1.0 0.9895833333333334
cube_sd_head 3 340 0.0 2.25 1.0 0.9270833333333334
cube_sd_head 3 340 0.0 2.5 1.0 0.9166666666666666
cube_sd_head 3 340 0.0 2.75 1.0 0.8125
cube_sd_head 3 340 0.0 3.0 1.0 0.6979166666666666
cube_sd_head 3 340 0.0 3.25 1.0 0.8125
cube_sd_head 3 340 0.0 3.5 1.0 0.6770833333333334
cube_sd_head 3 340 0.0 3.75 1.0 0.75
cube_sd_head 3 340 0.0 4.0 1.0 0.5208333333333334
cube_sd_head 3 340 0.2 0.0 0.7544 0.98653125
cube_sd_head 3 340 0.2 0.25 0.8112142857142858 0.9832916666666667
cube_sd_head 3 340 0.2 0.5 0.8924892857142857 0.97340625
cube_sd_head 3 340 0.2 0.75 0.9505142857142858 0.9436354166666666
cube_sd_head 3 340 0.2 1.0 0.9805 0.9016041666666667
cube_sd_head 3 340 0.2 1.25 0.9928142857142859 0.8627083333333333
cube_sd_head 3 340 0.2 1.5 0.9976250000000001 0.8574375
cube_sd_head 3 340 0.2 1.75 0.9994321428571431 0.7807812500000001
cube_sd_head 3 340 0.2 2.0 0.9999035714285714 0.7599166666666667
cube_sd_head 3 340 0.2 2.25 0.9999857142857144 0.7605416666666667
cube_sd_head 3 340 0.2 2.5 1.0 0.7070416666666667
cube_sd_head 3 340 0.2 2.75 1.0 0.7609583333333333
cube_sd_head 3 340 0.2 3.0 1.0 0.7432916666666666
cube_sd_head 3 340 0.2 3.25 1.0 0.79690625
cube_sd_head 3 340 0.2 3.5 1.0 0.62975
cube_sd_head 3 340 0.2 3.75 1.0 0.6796875
cube_sd_head 3 340 0.2 4.0 1.0 0.7116770833333333
cube_sd_head 3 340 1.0 0.0 0.5908714285714286 0.6190729166666666
cube_sd_head 3 340 1.0 0.25 0.5988857142857144 0.6168541666666666
cube_sd_head 3 340 1.0 0.5 0.6140107142857143 0.6113750000000001
cube_sd_head 3 340 1.0 0.75 0.6362785714285714 0.59796875
cube_sd_head 3 340 1.0 1.0 0.6615785714285713 0.5976458333333333
cube_sd_head 3 340 1.0 1.25 0.688807142857143 0.5912812500000001
cube_sd_head 3 340 1.0 1.5 0.7129071428571427 0.5760312500000001
cube_sd_head 3 340 1.0 1.75 0.7374214285714286 0.5710833333333333
cube_sd_head 3 340 1.0 2.0 0.7664785714285716 0.5668333333333333
cube_sd_head 3 340 1.0 2.25 0.7920142857142859 0.5710104166666666
cube_sd_head 3 340 1.0 2.5 0.8151964285714286 0.5623229166666667
cube_sd_head 3 340 1.0 2.75 0.8329321428571429 0.5548125
cube_sd_head 3 340 1.0 3.0 0.855925 0.5644895833333333
cube_sd_head 3 340 1.0 3.25 0.8746214285714285 0.5367395833333334
cube_sd_head 3 340 1.0 3.5 0.8885071428571429 0.5475625000000001
cube_sd_head 3 340 1.0 3.75 0.9025214285714286 0.5579583333333332
cube_sd_head 3 340 1.0 4.0 0.9201214285714286 0.5484895833333333
cube_sd_head 3 360 0.0 0.0 0.7714285714285715 1.0
cube_sd_head 3 360 0.0 0.25 1.0 1.0
cube_sd_head 3 360 0.0 0.5 1.0 1.0
cube_sd_head 3 360 0.0 0.75 1.0 1.0
cube_sd_head 3 360 0.0 1.0 1.0 1.0
cube_sd_head 3 360 0.0 1.25 1.0 0.9895833333333334
cube_sd_head 3 360 0.0 1.5 1.0 1.0
cube_sd_head 3 360 0.0 1.75 1.0 0.9583333333333334
cube_sd_head 3 360 0.0 2.0 1.0 0.8645833333333334
cube_sd_head 3 360 0.0 2.25 1.0 0.8854166666666666
cube_sd_head 3 360 0.0 2.5 1.0 0.7916666666666666
cube_sd_head 3 360 0.0 2.75 1.0 0.78125
cube_sd_head 3 360 0.0 3.0 1.0 0.84375
cube_sd_head 3 360 0.0 3.25 1.0 0.59375
cube_sd_head 3 360 0.0 3.5 1.0 0.6875
cube_sd_head 3 360 0.0 3.75 1.0 0.6979166666666666
cube_sd_head 3 360 0.0 4.0 1.0 0.7083333333333334
cube_sd_head 3 360 0.2 0.0 0.7532785714285715 0.98640625
cube_sd_head 3 360 0.2 0.25 0.8084250000000001 0.9824166666666668
cube_sd_head 3 360 0.2 0.5 0.8922785714285714 0.9704791666666667
cube_sd_head 3 360 0.2 0.75 0.9486035714285715 0.9460625
cube_sd_head 3 360 0.2 1.0 0.9787928571428571 0.9383125
cube_sd_head 3 360 0.2 1.25 0.9915642857142857 0.9069687499999999
cube_sd_head 3 360 0.2 1.5 0.9973285714285715 0.8618958333333332
cube_sd_head 3 360 0.2 1.75 0.9994464285714285 0.8106562500000001
cube_sd_head 3 360 0.2 2.0 0.9999107142857143 0.7898020833333333
cube_sd_head 3 360 0.2 2.25 0.9999678571428571 0.7527604166666667
cube_sd_head 3 360 0.2 2.5 1.0 0.7093541666666666
cube_sd_head 3 360 0.2 2.75 0.9999964285714287 0.6829062499999999
cube_sd_head 3 360 0.2 3.0 1.0 0.6696145833333332
cube_sd_head 3 360 0.2 3.25 1.0 0.7124791666666667
cube_sd_head 3 360 0.2 3.5 1.0 0.7000624999999999
cube_sd_head 3 360 0.2 3.75 1.0 0.59059375
cube_sd_head 3 360 0.2 4.0 1.0 0.6279166666666667
cube_sd_head 3 360 1.0 0.0 0.5924357142857143 0.6165833333333334
cube_sd_head 3 360 1.0 0.25 0.5963107142857142 0.6199270833333334
cube_sd_head 3 360 1.0 0.5 0.6128607142857143 0.6122604166666666
cube_sd_head 3 360 1.0 0.75 0.6368571428571429 0.6030000000000001
cube_sd_head 3 360 1.0 1.0 0.6608428571428572 0.591625
cube_sd_head 3 360 1.0 1.25 0.6910821428571428 0.5851666666666667
cube_sd_head 3 360 1.0 1.5 0.7144392857142857 0.5890208333333333
cube_sd_head 3 360 1.0 1.75 0.7413107142857144 0.5691875000000001
cube_sd_head 3 360 1.0 2.0 0.7687464285714286 0.5724374999999999
cube_sd_head 3 360 1.0 2.25 0.7941035714285714 0.56784375
cube_sd_head 3 360 1.0 2.5 0.8146928571428571 0.5653229166666666
cube_sd_head 3 360 1.0 2.75 0.8366642857142856 0.55565625
cube_sd_head 3 360 1.0 3.0 0.8542178571428573 0.5510104166666666
cube_sd_head 3 360 1.0 3.25 0.8702214285714286 0.556625
cube_sd_head 3 360 1.0 3.5 0.8884464285714286 0.5460937499999999
cube_sd_head 3 360 1.0 3.75 0.9041071428571429 0.5485729166666667
cube_sd_head 3 360 1.0 4.0 0.9205285714285714 0.5421770833333334
cube_sd_head 3 380 0.0 0.0 0.7714285714285715 1.0
cube_sd_head 3 380 0.0 0.25 1.0 1.0
cube_sd_head 3 380 0.0 0.5 1.0 1.0
cube_sd_head 3 380 0.0 0.75 1.0 1.0
cube_sd_head 3 380 0.0 1.0 1.0 1.0
cube_sd_head 3 380 0.0 1.25 1.0 1.0
cube_sd_head 3 380 0.0 1.5 1.0 1.0
cube_sd_head 3 380 0.0 1.75 1.0 0.8958333333333334
cube_sd_head 3 380 0.0 2.0 1.0 0.90625
cube_sd_head 3 380 0.0 2.25 1.0 0.96875
cube_sd_head 3 380 0.0 2.5 1.0 0.78125
cube_sd_head 3 380 0.0 2.75 1.0 0.8020833333333334
cube_sd_head 3 380 0.0 3.0 1.0 0.78125
cube_sd_head 3 380 0.0 3.25 1.0 0.65625
cube_sd_head 3 380 0.0 3.5 1.0 0.75
cube_sd_head 3 380 0.0 3.75 1.0 0.7604166666666666
cube_sd_head 3 380 0.0 4.0 1.0 0.53125
cube_sd_head 3 380 0.2 0.0 0.7545071428571428 0.9868854166666666
cube_sd_head 3 380 0.2 0.25 0.8043142857142858 0.9823229166666666
cube_sd_head 3 380 0.2 0.5 0.8878285714285715 0.9700208333333334
cube_sd_head 3 380 0.2 0.75 0.9484107142857143 0.9479270833333334
cube_sd_head 3 380 0.2 1.0 0.9767035714285713 0.9234791666666666
cube_sd_head 3 380 0.2 1.25 0.9916249999999999 0.8781041666666667
cube_sd_head 3 380 0.2 1.5 0.9975749999999999 0.8566145833333333
cube_sd_head 3 380 0.2 1.75 0.9994321428571431 0.8477083333333334
cube_sd_head 3 380 0.2 2.0 0.9998857142857144 0.7769791666666667
cube_sd_head 3 380 0.2 2.25 0.9999678571428573 0.7131250000000001
cube_sd_head 3 380 0.2 2.5 0.9999892857142856 0.6524479166666667
cube_sd_head 3 380 0.2 2.75 0.9999964285714287 0.7537083333333333
cube_sd_head 3 380 0.2 3.0 1.0 0.5938333333333333
cube_sd_head 3 380 0.2 3.25 1.0 0.6869375
cube_sd_head 3 380 0.2 3.5 1.0 0.6824166666666667
cube_sd_head 3 380 0.2 3.75 1.0 0.6356562499999999
cube_sd_head 3 380 0.2 4.0 1.0 0.6380208333333334
cube_sd_head 3 380 1.0 0.0 0.5892285714285713 0.6192708333333333
cube_sd_head 3 380 1.0 0.25 0.5949000000000001 0.6165520833333334
cube_sd_head 3 380 1.0 0.5 0.6138857142857143 0.6121354166666667
cube_sd_head 3 380 1.0 0.75 0.6315357142857142 0.5981875
cube_sd_head 3 380 1.0 1.0 0.6616214285714286 0.5901562499999999
cube_sd_head 3 380 1.0 1.25 0.6857285714285715 0.5824270833333333
cube_sd_head 3 380 1.0 1.5 0.7114964285714286 0.5743229166666667
cube_sd_head 3 380 1.0 1.75 0.7416214285714285 0.5748333333333333
cube_sd_head 3 380 1.0 2.0 0.7665464285714285 0.5727395833333334
cube_sd_head 3 380 1.0 2.25 0.7886607142857143 0.5758958333333334
cube_sd_head 3 380 1.0 2.5 0.8129000000000001 0.5418958333333334
cube_sd_head 3 380 1.0 2.75 0.8341142857142857 0.5505104166666667
cube_sd_head 3 380 1.0 3.0 0.854225 0.5490416666666668
cube_sd_head 3 380 1.0 3.25 0.871417857142857 0.5327708333333333
cube_sd_head 3 380 1.0 3.5 0.8878392857142857 0.5453645833333333
cube_sd_head 3 380 1.0 3.75 0.9023821428571429 0.524375
cube_sd_head 3 380 1.0 4.0 0.9183678571428571 0.52625
cube_sd_head 3 400 0.0 0.0 0.7714285714285715 1.0
cube_sd_head 3 400 0.0 0.25 1.0 1.0
cube_sd_head 3 400 0.0 0.5 1.0 1.0
cube_sd_head 3 400 0.0 0.75 1.0 1.0
cube_sd_head 3 400 0.0 1.0 1.0 1.0
cube_sd_head 3 400 0.0 1.25 1.0 0.9895833333333334
cube_sd_head 3 400 0.0 1.5 1.0 0.9479166666666666
cube_sd_head 3 400 0.0 1.75 1.0 0.9270833333333334
cube_sd_head 3 400 0.0 2.0 1.0 0.9270833333333334
cube_sd_head 3 400 0.0 2.25 1.0 0.8541666666666666
cube_sd_head 3 400 0.0 2.5 1.0 0.8125
cube_sd_head 3 400 0.0 2.75 1.0 0.75
cube_sd_head 3 400 0.0 3.0 1.0 0.7083333333333334
cube_sd_head 3 400 0.0 3.25 1.0 0.7291666666666666
cube_sd_head 3 400 0.0 3.5 1.0 0.6666666666666666
cube_sd_head 3 400 0.0 3.75 1.0 0.625
cube_sd_head 3 400 0.0 4.0 1.0 0.7708333333333334
cube_sd_head 3 400 0.2 0.0 0.7532249999999999 0.98653125
cube_sd_head 3 400 0.2 0.25 0.8075142857142857 0.9813854166666666
cube_sd_head 3 400 0.2 0.5 0.8888678571428571 0.9701354166666668
cube_sd_head 3 400 0.2 0.75 0.9462250000000001 0.9416875
cube_sd_head 3 400 0.2 1.0 0.9783678571428572 0.9173854166666668
cube_sd_head 3 400 0.2 1.25 0.9918749999999998 0.8826666666666667
cube_sd_head 3 400 0.2 1.5 0.9979571428571429 0.8543541666666666
cube_sd_head 3 400 0.2 1.75 0.9992714285714287 0.8137604166666667
cube_sd_head 3 400 0.2 2.0 0.999875 0.7568645833333334
cube_sd_head 3 400 0.2 2.25 0.9999714285714286 0.8057708333333333
cube_sd_head 3 400 0.2 2.5 0.9999964285714287 0.6999062500000001
cube_sd_head 3 400 0.2 2.75 1.0 0.6194583333333333
cube_sd_head 3 400 0.2 3.0 1.0 0.6730416666666666
cube_sd_head 3 400 0.2 3.25 1.0 0.66784375
cube_sd_head 3 400 0.2 3.5 1.0 0.6264270833333333
cube_sd_head 3 400 0.2 3.75 1.0 0.6421145833333334
cube_sd_head 3 400 0.2 4.0 1.0 0.58003125
cube_sd_head 3 400 1.0 0.0 0.5895821428571428 0.6173333333333334
cube_sd_head 3 400 1.0 0.25 0.5940178571428572 0.6116979166666666
cube_sd_head 3 400 1.0 0.5 0.6093571428571428 0.6076458333333333
cube_sd_head 3 400 1.0 0.75 0.6340964285714287 0.6007916666666667
cube_sd_head 3 400 1.0 1.0 0.6573107142857142 0.5993333333333333
cube_sd_head 3 400 1.0 1.25 0.6876392857142857 0.59190625
cube_sd_head 3 400 1.0 1.5 0.7108535714285715 0.57625
cube_sd_head 3 400 1.0 1.75 0.7394785714285714 0.5689895833333333
cube_sd_head 3 400 1.0 2.0 0.7640178571428572 0.5715937499999999
cube_sd_head 3 400 1.0 2.25 0.7886142857142856 0.5554166666666667
cube_sd_head 3 400 1.0 2.5 0.8152857142857143 0.5610416666666667
cube_sd_head 3 400 1.0 2.75 0.8329607142857143 0.5650937500000001
cube_sd_head 3 400 1.0 3.0 0.8508035714285714 0.56296875
cube_sd_head 3 400 1.0 3.25 0.872375 0.5307812500000001
cube_sd_head 3 400 1.0 3.5 0.8885500000000001 0.55684375
cube_sd_head 3 400 1.0 3.75 0.9057142857142856 0.5543125
cube_sd_head 3 400 1.0 4.0 0.9178285714285713 0.5356770833333334
