cube_sd_head 4 40 0.0 0.0 0.725625 1.0
cube_sd_head 4 40 0.0 0.25 1.0 1.0
cube_sd_head 4 40 0.0 0.5 1.0 1.0
cube_sd_head 4 40 0.0 0.75 1.0 0.9942602040816326
cube_sd_head 4 40 0.0 1.0 1.0 0.942123724489796
cube_sd_head 4 40 0.0 1.25 1.0 0.8785076530612246
cube_sd_head 4 40 0.0 1.5 1.0 0.8128985969387755
cube_sd_head 4 40 0.0 1.75 1.0 0.899234693877551
cube_sd_head 4 40 0.0 2.0 1.0 0.807876275510204
cube_sd_head 4 40 0.0 2.25 1.0 0.7260044642857143
cube_sd_head 4 40 0.0 2.5 1.0 0.8200733418367346
cube_sd_head 4 40 0.0 2.75 1.0 0.7230548469387755
cube_sd_head 4 40 0.0 3.0 1.0 0.6635044642857143
cube_sd_head 4 40 0.0 3.25 1.0 0.5738998724489796
cube_sd_head 4 40 0.0 3.5 1.0 0.6087372448979592
cube_sd_head 4 40 0.0 3.75 1.0 0.6298628826530612
cube_sd_head 4 40 0.0 4.0 1.0 0.5493463010204083
cube_sd_head 4 40 0.2 0.0 0.7027225 0.9912411511479592
cube_sd_head 4 40 0.2 0.25 0.726250625 0.9898639987244899
cube_sd_head 4 40 0.2 0.5 0.7932975 0.9783501275510205
cube_sd_head 4 40 0.2 0.75 0.8607068750000001 0.9710482302295917
cube_sd_head 4 40 0.2 1.0 0.9140643750000002 0.8835891262755101
cube_sd_head 4 40 0.2 1.25 0.9396043749999999 0.8735676020408163
cube_sd_head 4 40 0.2 1.5 0.958898125 0.8897056760204082
cube_sd_head 4 40 0.2 1.75 0.9767806250000001 0.7431664540816326
cube_sd_head 4 40 0.2 2.0 0.9864912499999998 0.7406898118622448
cube_sd_head 4 40 0.2 2.25 0.9886543749999999 0.770258131377551
cube_sd_head 4 40 0.2 2.5 0.9963774999999998 0.6264739317602042
cube_sd_head 4 40 0.2 2.75 0.997126875 0.6301481983418367
cube_sd_head 4 40 0.2 3.0 0.998713125 0.520538743622449
cube_sd_head 4 40 0.2 3.25 0.99960875 0.6930542091836734
cube_sd_head 4 40 0.2 3.5 0.9996787500000001 0.6552159598214287
cube_sd_head 4 40 0.2 3.75 0.9999068750000001 0.5366603954081632
cube_sd_head 4 40 0.2 4.0 0.9999156249999999 0.5577859534438775
cube_sd_head 4 40 1.0 0.0 0.5892681249999999 0.6539466677295919
cube_sd_head 4 40 1.0 0.25 0.593745625 0.6503721301020409
cube_sd_head 4 40 1.0 0.5 0.60227375 0.6478249362244899
cube_sd_head 4 40 1.0 0.75 0.609118125 0.635024394132653
cube_sd_head 4 40 1.0 1.0 0.6354093749999999 0.6405191326530612
cube_sd_head 4 40 1.0 1.25 0.647428125 0.6483125000000001
cube_sd_head 4 40 1.0 1.5 0.6672237500000001 0.6314525669642856
cube_sd_head 4 40 1.0 1.75 0.6723881249999999 0.5788659119897959
cube_sd_head 4 40 1.0 2.0 0.7016793750000001 0.6122633131377552
cube_sd_head 4 40 1.0 2.25 0.7235343749999998 0.5980886479591836
cube_sd_head 4 40 1.0 2.5 0.7372987499999999 0.5930597098214285
cube_sd_head 4 40 1.0 2.75 0.7604481249999999 0.5911541772959183
cube_sd_head 4 40 1.0 3.0 0.7731575 0.6304884406887755
cube_sd_head 4 40 1.0 3.25 0.7817925 0.5203422353316327
cube_sd_head 4 40 1.0 3.5 0.792865625 0.502578443877551
cube_sd_head 4 40 1.0 3.75 0.806279375 0.5157535076530612
cube_sd_head 4 40 1.0 4.0 0.8152543750000001 0.5078723692602041
cube_sd_head 4 60 0.0 0.0 0.711875 1.0
cube_sd_head 4 60 0.0 0.25 1.0 1.0
cube_sd_head 4 60 0.0 0.5 1.0 1.0
cube_sd_head 4 60 0.0 0.75 1.0 1.0
cube_sd_head 4 60 0.0 1.0 1.0 0.9970503826530612
cube_sd_head 4 60 0.0 1.25 1.0 0.9653220663265306
cube_sd_head 4 60 0.0 1.5 1.0 0.8584980867346939
cube_sd_head 4 60 0.0 1.75 1.0 0.9689891581632654
cube_sd_head 4 60 0.0 2.0 1.0 0.8175223214285714
cube_sd_head 4 60 0.0 2.25 1.0 0.7408322704081634
cube_sd_head 4 60 0.0 2.5 1.0 0.6175860969387755
cube_sd_head 4 60 0.0 2.75 1.0 0.6500318877551019
cube_sd_head 4 60 0.0 3.0 1.0 0.6218112244897959
cube_sd_head 4 60 0.0 3.25 1.0 0.5895248724489797
cube_sd_head 4 60 0.0 3.5 1.0 0.6180644132653061
cube_sd_head 4 60 0.0 3.75 1.0 0.5215242346938775
cube_sd_head 4 60 0.0 4.0 1.0 0.6244419642857143
cube_sd_head 4 60 0.2 0.0 0.7080018749999999 0.9912111766581633
cube_sd_head 4 60 0.2 0.25 0.7345781250000001 0.9895606664540817
cube_sd_head 4 60 0.2 0.5 0.8001649999999999 0.9797987085459184
cube_sd_head 4 60 0.2 0.75 0.86814 0.9702448979591836
cube_sd_head 4 60 0.2 1.0 0.9125600000000001 0.930961575255102
cube_sd_head 4 60 0.2 1.25 0.944166875 0.9036413424744898
cube_sd_head 4 60 0.2 1.5 0.96400875 0.8653220663265306
cube_sd_head 4 60 0.2 1.75 0.9838212499999999 0.7946768176020408
cube_sd_head 4 60 0.2 2.0 0.9905443749999998 0.7194330357142856
cube_sd_head 4 60 0.2 2.25 0.9941618750000002 0.777012037627551
cube_sd_head 4 60 0.2 2.5 0.9973406250000001 0.61475390625
cube_sd_head 4 60 0.2 2.75 0.999296875 0.6533537946428571
cube_sd_head 4 60 0.2 3.0 0.9995949999999998 0.6167567761479591
cube_sd_head 4 60 0.2 3.25 0.9997337500000001 0.6812298309948979
cube_sd_head 4 60 0.2 3.5 0.999949375 0.6068799426020408
cube_sd_head 4 60 0.2 3.75 0.9999581250000001 0.6258973214285715
cube_sd_head 4 60 0.2 4.0 0.9999800000000001 0.572228236607143
cube_sd_head 4 60 1.0 0.0 0.5829049999999999 0.6531439732142856
cube_sd_head 4 60 1.0 0.25 0.5910712499999999 0.6529715401785714
cube_sd_head 4 60 1.0 0.5 0.602105625 0.6462641900510204
cube_sd_head 4 60 1.0 0.75 0.61517875 0.6466019610969389
cube_sd_head 4 60 1.0 1.0 0.62797125 0.626554049744898
cube_sd_head 4 60 1.0 1.25 0.6456049999999999 0.6172629145408164
cube_sd_head 4 60 1.0 1.5 0.6657881250000002 0.6060054209183674
cube_sd_head 4 60 1.0 1.75 0.6904025 0.6072042410714286
cube_sd_head 4 60 1.0 2.0 0.6998618749999997 0.5997036830357143
cube_sd_head 4 60 1.0 2.25 0.720304375 0.5851167091836735
cube_sd_head 4 60 1.0 2.5 0.7391374999999999 0.5598262117346939
cube_sd_head 4 60 1.0 2.75 0.7564725 0.5798193558673469
cube_sd_head 4 60 1.0 3.0 0.772375625 0.5893827327806123
cube_sd_head 4 60 1.0 3.25 0.788184375 0.557408880739796
cube_sd_head 4 60 1.0 3.5 0.8054350000000001 0.5689500956632653
cube_sd_head 4 60 1.0 3.75 0.8192206249999999 0.5823329878826531
cube_sd_head 4 60 1.0 4.0 0.835485 0.5205613839285714
cube_sd_head 4 80 0.0 0.0 0.721875 1.0
cube_sd_head 4 80 0.0 0.25 1.0 1.0
cube_sd_head 4 80 0.0 0.5 1.0 1.0
cube_sd_head 4 80 0.0 0.75 1.0 1.0
cube_sd_head 4 80 0.0 1.0 1.0 0.9992028061224489
cube_sd_head 4 80 0.0 1.25 1.0 0.9912308673469388
cube_sd_head 4 80 0.0 1.5 1.0 0.9195631377551021
cube_sd_head 4 80 0.0 1.75 1.0 0.896843112244898
cube_sd_head 4 80 0.0 2.0 1.0 0.9268973214285714
cube_sd_head 4 80 0.0 2.25 1.0 0.8576211734693877
cube_sd_head 4 80 0.0 2.5 1.0 0.5658482142857143
cube_sd_head 4 80 0.0 2.75 1.0 0.7663424744897959
cube_sd_head 4 80 0.0 3.0 1.0 0.6475605867346939
cube_sd_head 4 80 0.0 3.25 1.0 0.6568080357142857
cube_sd_head 4 80 0.0 3.5 1.0 0.6172672193877551
cube_sd_head 4 80 0.0 3.75 1.0 0.724250637755102
cube_sd_head 4 80 0.0 4.0 1.0 0.45216836734693877
cube_sd_head 4 80 0.2 0.0 0.6925950000000001 0.9911230070153061
cube_sd_head 4 80 0.2 0.25 0.7357981250000002 0.9899072066326531
cube_sd_head 4 80 0.2 0.5 0.8096637500000001 0.9794064891581633
cube_sd_head 4 80 0.2 0.75 0.86689875 0.9732099011479591
cube_sd_head 4 80 0.2 1.0 0.91663375 0.942553093112245
cube_sd_head 4 80 0.2 1.25 0.9508249999999999 0.9026466039540817
cube_sd_head 4 80 0.2 1.5 0.9734293750000002 0.8851499521683673
cube_sd_head 4 80 0.2 1.75 0.9836493750000003 0.8577594068877551
cube_sd_head 4 80 0.2 2.0 0.9929056249999999 0.8685167410714285
cube_sd_head 4 80 0.2 2.25 0.9959375 0.7187661033163265
cube_sd_head 4 80 0.2 2.5 0.9980718749999999 0.7335426498724491
cube_sd_head 4 80 0.2 2.75 0.999301875 0.7537046396683673
cube_sd_head 4 80 0.2 3.0 0.9997799999999999 0.6844008290816326
cube_sd_head 4 80 0.2 3.25 0.9998049999999999 0.6243915816326531
cube_sd_head 4 80 0.2 3.5 0.9999293750000001 0.6106210140306123
cube_sd_head 4 80 0.2 3.75 0.9999906250000001 0.6273292410714285
cube_sd_head 4 80 0.2 4.0 0.9999956249999999 0.7266564891581633
cube_sd_head 4 80 1.0 0.0 0.58616625 0.6527470503826531
cube_sd_head 4 80 1.0 0.25 0.5896787500000001 0.6518582589285715
cube_sd_head 4 80 1.0 0.5 0.59963375 0.6468154496173469
cube_sd_head 4 80 1.0 0.75 0.6131006250000001 0.6452076690051021
cube_sd_head 4 80 1.0 1.0 0.6337375000000001 0.6318458227040816
cube_sd_head 4 80 1.0 1.25 0.645984375 0.6241607940051019
cube_sd_head 4 80 1.0 1.5 0.6702149999999999 0.6170286989795919
cube_sd_head 4 80 1.0 1.75 0.68737375 0.617979512117347
cube_sd_head 4 80 1.0 2.0 0.7096224999999998 0.6131174266581633
cube_sd_head 4 80 1.0 2.25 0.7229337499999999 0.6163152901785713
cube_sd_head 4 80 1.0 2.5 0.7377568749999999 0.5794418048469387
cube_sd_head 4 80 1.0 2.75 0.7591606250000001 0.5682992665816327
cube_sd_head 4 80 1.0 3.0 0.7752618750000001 0.5803965242346939
cube_sd_head 4 80 1.0 3.25 0.791433125 0.5560313297193877
cube_sd_head 4 80 1.0 3.5 0.8069287500000002 0.5257669802295918
cube_sd_head 4 80 1.0 3.75 0.818661875 0.5647307079081633
cube_sd_head 4 80 1.0 4.0 0.8409693749999999 0.5647083864795919
cube_sd_head 4 100 0.0 0.0 0.708125 1.0
cube_sd_head 4 100 0.0 0.25 1.0 1.0
cube_sd_head 4 100 0.0 0.5 1.0 1.0
cube_sd_head 4 100 0.0 0.75 1.0 1.0
cube_sd_head 4 100 0.0 1.0 1.0 0.9999202806122449
cube_sd_head 4 100 0.0 1.25 1.0 0.9983258928571428
cube_sd_head 4 100 0.0 1.5 1.0 0.9618941326530612
cube_sd_head 4 100 0.0 1.75 1.0 0.9564732142857143
cube_sd_head 4 100 0.0 2.0 1.0 0.9675542091836735
cube_sd_head 4 100 0.0 2.25 1.0 0.7661033163265306
cube_sd_head 4 100 0.0 2.5 1.0 0.7562978316326531
cube_sd_head 4 100 0.0 2.75 1.0 0.8013392857142857
cube_sd_head 4 100 0.0 3.0 1.0 0.7340561224489797
cube_sd_head 4 100 0.0 3.25 1.0 0.6917251275510203
cube_sd_head 4 100 0.0 3.5 1.0 0.6603954081632653
cube_sd_head 4 100 0.0 3.75 1.0 0.5661670918367347
cube_sd_head 4 100 0.0 4.0 1.0 0.7349330357142858
cube_sd_head 4 100 0.2 0.0 0.7012512500000001 0.991125956632653
cube_sd_head 4 100 0.2 0.25 0.7446225 0.9889945790816327
cube_sd_head 4 100 0.2 0.5 0.8030693750000001 0.9835573979591836
cube_sd_head 4 100 0.2 0.75 0.870423125 0.9688913424744898
cube_sd_head 4 100 0.2 1.0 0.9192799999999999 0.9518580994897959
cube_sd_head 4 100 0.2 1.25 0.9502556249999999 0.9169395727040817
cube_sd_head 4 100 0.2 1.5 0.972595625 0.8905889668367346
cube_sd_head 4 100 0.2 1.75 0.9859481250000002 0.8500030293367347
cube_sd_head 4 100 0.2 2.0 0.993456875 0.8233847257653061
cube_sd_head 4 100 0.2 2.25 0.9973562499999999 0.77225
cube_sd_head 4 100 0.2 2.5 0.998655625 0.7872391581632653
cube_sd_head 4 100 0.2 2.75 0.9995449999999999 0.6402110172193878
cube_sd_head 4 100 0.2 3.0 0.999753125 0.7080381855867347
cube_sd_head 4 100 0.2 3.25 0.9999325 0.6881514668367347
cube_sd_head 4 100 0.2 3.5 0.9999699999999998 0.7168393654336735
cube_sd_head 4 100 0.2 3.75 0.999988125 0.5618735650510204
cube_sd_head 4 100 0.2 4.0 0.9999968750000001 0.553555325255102
cube_sd_head 4 100 1.0 0.0 0.5813356249999999 0.6523681441326531
cube_sd_head 4 100 1.0 0.25 0.589045625 0.6503844866071429
cube_sd_head 4 100 1.0 0.5 0.601315625 0.6444610969387755
cube_sd_head 4 100 1.0 0.75 0.615623125 0.6401360012755102
cube_sd_head 4 100 1.0 1.0 0.624559375 0.6283784279336735
cube_sd_head 4 100 1.0 1.25 0.6438974999999999 0.621758131377551
cube_sd_head 4 100 1.0 1.5 0.6661725 0.6153160873724489
cube_sd_head 4 100 1.0 1.75 0.68470625 0.6081776147959184
cube_sd_head 4 100 1.0 2.0 0.704478125 0.6277429049744898
cube_sd_head 4 100 1.0 2.25 0.721511875 0.59636328125
cube_sd_head 4 100 1.0 2.5 0.740235625 0.5837331792091837
cube_sd_head 4 100 1.0 2.75 0.7656693750000001 0.604582350127551
cube_sd_head 4 100 1.0 3.0 0.7760462499999999 0.5777801339285714
cube_sd_head 4 100 1.0 3.25 0.7921918750000002 0.5793324298469388
cube_sd_head 4 100 1.0 3.5 0.8070274999999999 0.5358427933673469
cube_sd_head 4 100 1.0 3.75 0.8186950000000001 0.5337670599489797
cube_sd_head 4 100 1.0 4.0 0.8398175000000001 0.5603039700255102
cube_sd_head 4 120 0.0 0.0 0.719375 1.0
cube_sd_head 4 120 0.0 0.25 1.0 1.0
cube_sd_head 4 120 0.0 0.5 1.0 1.0
cube_sd_head 4 120 0.0 0.75 1.0 1.0
cube_sd_head 4 120 0.0 1.0 1.0 1.0
cube_sd_head 4 120 0.0 1.25 1.0 0.9950573979591837
cube_sd_head 4 120 0.0 1.5 1.0 0.982063137755102
cube_sd_head 4 120 0.0 1.75 1.0 0.9006696428571428
cube_sd_head 4 120 0.0 2.0 1.0 0.858657525510204
cube_sd_head 4 120 0.0 2.25 1.0 0.8681441326530612
cube_sd_head 4 120 0.0 2.5 1.0 0.8448660714285714
cube_sd_head 4 120 0.0 2.75 1.0 0.6593590561224492
cube_sd_head 4 120 0.0 3.0 1.0 0.7097417091836735
cube_sd_head 4 120 0.0 3.25 1.0 0.7289540816326531
cube_sd_head 4 120 0.0 3.5 1.0 0.6922831632653063
cube_sd_head 4 120 0.0 3.75 1.0 0.631218112244898
cube_sd_head 4 120 0.0 4.0 1.0 0.664779974489796
cube_sd_head 4 120 0.2 0.0 0.7056156250000002 0.9910140306122449
cube_sd_head 4 120 0.2 0.25 0.7381518750000001 0.9899886798469388
cube_sd_head 4 120 0.2 0.5 0.8112200000000002 0.9826647002551021
cube_sd_head 4 120 0.2 0.75 0.8716718750000001 0.9760381855867346
cube_sd_head 4 120 0.2 1.0 0.9237281250000001 0.9497743144132653
cube_sd_head 4 120 0.2 1.25 0.9468506250000001 0.9276222895408164
cube_sd_head 4 120 0.2 1.5 0.97222125 0.8502170758928572
cube_sd_head 4 120 0.2 1.75 0.98716625 0.882970344387755
cube_sd_head 4 120 0.2 2.0 0.9949181250000001 0.8288506855867348
cube_sd_head 4 120 0.2 2.25 0.99749625 0.811641262755102
cube_sd_head 4 120 0.2 2.5 0.9986799999999999 0.8203136957908163
cube_sd_head 4 120 0.2 2.75 0.9995656250000002 0.6955622608418368
cube_sd_head 4 120 0.2 3.0 0.9998225 0.7936799266581633
cube_sd_head 4 120 0.2 3.25 0.9999049999999999 0.7036524234693877
cube_sd_head 4 120 0.2 3.5 0.9999850000000001 0.6703422353316326
cube_sd_head 4 120 0.2 3.75 0.9999918750000001 0.5990447225765307
cube_sd_head 4 120 0.2 4.0 1.0 0.731453443877551
cube_sd_head 4 120 1.0 0.0 0.5836687500000001 0.6520564413265306
cube_sd_head 4 120 1.0 0.25 0.585304375 0.6492131696428571
cube_sd_head 4 120 1.0 0.5 0.597475 0.6516963488520408
cube_sd_head 4 120 1.0 0.75 0.61042 0.6406485969387755
cube_sd_head 4 120 1.0 1.0 0.62941875 0.6276025191326531
cube_sd_head 4 120 1.0 1.25 0.6508593749999999 0.6239929049744898
cube_sd_head 4 120 1.0 1.5 0.665219375 0.6156043526785714
cube_sd_head 4 120 1.0 1.75 0.68554 0.590647799744898
cube_sd_head 4 120 1.0 2.0 0.7037249999999999 0.6057348533163265
cube_sd_head 4 120 1.0 2.25 0.7210643749999999 0.5915372289540817
cube_sd_head 4 120 1.0 2.5 0.7460974999999999 0.6261241230867347
cube_sd_head 4 120 1.0 2.75 0.7612943749999999 0.5814346301020408
cube_sd_head 4 120 1.0 3.0 0.779405625 0.607527981505102
cube_sd_head 4 120 1.0 3.25 0.7929087499999998 0.547862324617347
cube_sd_head 4 120 1.0 3.5 0.8112825000000001 0.6071222098214286
cube_sd_head 4 120 1.0 3.75 0.8242424999999999 0.5658565848214285
cube_sd_head 4 120 1.0 4.0 0.8320775000000001 0.566356106505102
cube_sd_head 4 140 0.0 0.0 0.726875 1.0
cube_sd_head 4 140 0.0 0.25 1.0 1.0
cube_sd_head 4 140 0.0 0.5 1.0 1.0
cube_sd_head 4 140 0.0 0.75 1.0 1.0
cube_sd_head 4 140 0.0 1.0 1.0 0.9990433673469388
cube_sd_head 4 140 0.0 1.25 1.0 1.0
cube_sd_head 4 140 0.0 1.5 1.0 0.9973692602040816
cube_sd_head 4 140 0.0 1.75 1.0 0.9524872448979592
cube_sd_head 4 140 0.0 2.0 1.0 0.9107940051020408
cube_sd_head 4 140 0.0 2.25 1.0 0.8846460459183673
cube_sd_head 4 140 0.0 2.5 1.0 0.8239795918367346
cube_sd_head 4 140 0.0 2.75 1.0 0.8150510204081634
cube_sd_head 4 140 0.0 3.0 1.0 0.8037308673469388
cube_sd_head 4 140 0.0 3.25 1.0 0.7134088010204083
cube_sd_head 4 140 0.0 3.5 1.0 0.827407525510204
cube_sd_head 4 140 0.0 3.75 1.0 0.740593112244898
cube_sd_head 4 140 0.0 4.0 1.0 0.688297193877551
cube_sd_head 4 140 0.2 0.0 0.691975625 0.9910043048469387
cube_sd_head 4 140 0.2 0.25 0.7265662500000001 0.9893304368622449
cube_sd_head 4 140 0.2 0.5 0.8067799999999999 0.9863648756377552
cube_sd_head 4 140 0.2 0.75 0.86328 0.9728922193877552
cube_sd_head 4 140 0.2 1.0 0.9217981250000001 0.9612299904336734
cube_sd_head 4 140 0.2 1.25 0.956803125 0.9315258290816328
cube_sd_head 4 140 0.2 1.5 0.9754812500000001 0.9132192283163265
cube_sd_head 4 140 0.2 1.75 0.9885031249999998 0.8654929846938775
cube_sd_head 4 140 0.2 2.0 0.994903125 0.8691603156887754
cube_sd_head 4 140 0.2 2.25 0.9977731249999999 0.8852408322704082
cube_sd_head 4 140 0.2 2.5 0.9990025 0.6869850924744898
cube_sd_head 4 140 0.2 2.75 0.9996681250000001 0.7812389987244898
cube_sd_head 4 140 0.2 3.0 0.999845 0.7684909119897959
cube_sd_head 4 140 0.2 3.25 0.9999537500000001 0.6779418845663265
cube_sd_head 4 140 0.2 3.5 0.9999743750000001 0.7112560586734694
cube_sd_head 4 140 0.2 3.75 0.9999956249999999 0.6385566804846938
cube_sd_head 4 140 0.2 4.0 0.999999375 0.6817828443877552
cube_sd_head 4 140 1.0 0.0 0.5842762499999999 0.6514685905612245
cube_sd_head 4 140 1.0 0.25 0.5883056249999999 0.6501836734693878
cube_sd_head 4 140 1.0 0.5 0.5984206250000002 0.6440939891581633
cube_sd_head 4 140 1.0 0.75 0.610805 0.6354186065051021
cube_sd_head 4 140 1.0 1.0 0.628156875 0.6310010363520407
cube_sd_head 4 140 1.0 1.25 0.6462543749999999 0.631383769132653
cube_sd_head 4 140 1.0 1.5 0.6733206250000001 0.6172303093112246
cube_sd_head 4 140 1.0 1.75 0.685445 0.6003247767857143
cube_sd_head 4 140 1.0 2.0 0.7079781250000002 0.6070169005102041
cube_sd_head 4 140 1.0 2.25 0.7218575000000002 0.5797916135204081
cube_sd_head 4 140 1.0 2.5 0.74522375 0.5954596619897958
cube_sd_head 4 140 1.0 2.75 0.7622368749999998 0.5953964445153062
cube_sd_head 4 140 1.0 3.0 0.7768843749999997 0.5560919961734694
cube_sd_head 4 140 1.0 3.25 0.7957125 0.5939457908163266
cube_sd_head 4 140 1.0 3.5 0.812565625 0.554710618622449
cube_sd_head 4 140 1.0 3.75 0.8226943750000001 0.5669148596938776
cube_sd_head 4 140 1.0 4.0 0.8401925000000001 0.5523242984693878
cube_sd_head 4 160 0.0 0.0 0.71875 1.0
cube_sd_head 4 160 0.0 0.25 1.0 1.0
cube_sd_head 4 160 0.0 0.5 1.0 1.0
cube_sd_head 4 160 0.0 0.75 1.0 1.0
cube_sd_head 4 160 0.0 1.0 1.0 1.0
cube_sd_head 4 160 0.0 1.25 1.0 0.9996811224489797
cube_sd_head 4 160 0.0 1.5 1.0 0.995376275510204
cube_sd_head 4 160 0.0 1.75 1.0 0.9686702806122449
cube_sd_head 4 160 0.0 2.0 1.0 0.8901466836734694
cube_sd_head 4 160 0.0 2.25 1.0 0.9063297193877551
cube_sd_head 4 160 0.0 2.5 1.0 0.8903858418367347
cube_sd_head 4 160 0.0 2.75 1.0 0.7950414540816326
cube_sd_head 4 160 0.0 3.0 1.0 0.6943558673469388
cube_sd_head 4 160 0.0 3.25 1.0 0.8380899234693877
cube_sd_head 4 160 0.0 3.5 1.0 0.6779336734693878
cube_sd_head 4 160 0.0 3.75 1.0 0.6606345663265306
cube_sd_head 4 160 0.0 4.0 1.0 0.6895727040816326
cube_sd_head 4 160 0.2 0.0 0.7152799999999999 0.9909504942602041
cube_sd_head 4 160 0.2 0.25 0.717946875 0.989194674744898
cube_sd_head 4 160 0.2 0.5 0.7992606250000001 0.9836121651785714
cube_sd_head 4 160 0.2 0.75 0.8615375000000001 0.9697305484693878
cube_sd_head 4 160 0.2 1.0 0.9223181250000002 0.9628948501275509
cube_sd_head 4 160 0.2 1.25 0.9560500000000001 0.944572943239796
cube_sd_head 4 160 0.2 1.5 0.9784899999999999 0.9227797353316327
cube_sd_head 4 160 0.2 1.75 0.9891206249999999 0.894452806122449
cube_sd_head 4 160 0.2 2.0 0.9946487499999997 0.8556466039540817
cube_sd_head 4 160 0.2 2.25 0.997880625 0.8170774075255103
cube_sd_head 4 160 0.2 2.5 0.9989599999999998 0.7620686383928572
cube_sd_head 4 160 0.2 2.75 0.9997449999999999 0.7419029017857143
cube_sd_head 4 160 0.2 3.0 0.9998662500000001 0.7719406887755103
cube_sd_head 4 160 0.2 3.25 0.9999625000000001 0.7147021683673469
cube_sd_head 4 160 0.2 3.5 0.9999868749999998 0.7084695471938776
cube_sd_head 4 160 0.2 3.75 0.999999375 0.6560526147959185
cube_sd_head 4 160 0.2 4.0 1.0 0.6669021045918366
cube_sd_head 4 160 1.0 0.0 0.5881181249999999 0.6506293048469388
cube_sd_head 4 160 1.0 0.25 0.592593125 0.6493646364795919
cube_sd_head 4 160 1.0 0.5 0.5963793750000002 0.6460298947704081
cube_sd_head 4 160 1.0 0.75 0.61027375 0.6419587053571428
cube_sd_head 4 160 1.0 1.0 0.6315493750000001 0.6370186543367347
cube_sd_head 4 160 1.0 1.25 0.642965625 0.6188613679846939
cube_sd_head 4 160 1.0 1.5 0.6659781250000002 0.6090961415816327
cube_sd_head 4 160 1.0 1.75 0.6888381250000001 0.5977641103316327
cube_sd_head 4 160 1.0 2.0 0.7106700000000002 0.6105590720663265
cube_sd_head 4 160 1.0 2.25 0.724645625 0.6183514827806122
cube_sd_head 4 160 1.0 2.5 0.7408931249999999 0.577420599489796
cube_sd_head 4 160 1.0 2.75 0.7580006249999998 0.584504544005102
cube_sd_head 4 160 1.0 3.0 0.7750175 0.5759580676020408
cube_sd_head 4 160 1.0 3.25 0.795403125 0.5775386639030613
cube_sd_head 4 160 1.0 3.5 0.8131381250000002 0.5805526147959184
cube_sd_head 4 160 1.0 3.75 0.8248006249999998 0.5313042091836735
cube_sd_head 4 160 1.0 4.0 0.837983125 0.5611320153061224
cube_sd_head 4 180 0.0 0.0 0.70625 1.0
cube_sd_head 4 180 0.0 0.25 1.0 1.0
cube_sd_head 4 180 0.0 0.5 1.0 1.0
cube_sd_head 4 180 0.0 0.75 1.0 1.0
cube_sd_head 4 180 0.0 1.0 1.0 1.0
cube_sd_head 4 180 0.0 1.25 1.0 1.0
cube_sd_head 4 180 0.0 1.5 1.0 0.9941007653061225
cube_sd_head 4 180 0.0 1.75 1.0 0.991390306122449
cube_sd_head 4 180 0.0 2.0 1.0 0.939971301020408
cube_sd_head 4 180 0.0 2.25 1.0 0.8832908163265307
cube_sd_head 4 180 0.0 2.5 1.0 0.8644770408163266
cube_sd_head 4 180 0.0 2.75 1.0 0.8447066326530612
cube_sd_head 4 180 0.0 3.0 1.0 0.8255739795918366
cube_sd_head 4 180 0.0 3.25 1.0 0.7465720663265306
cube_sd_head 4 180 0.0 3.5 1.0 0.7913743622448979
cube_sd_head 4 180 0.0 3.75 1.0 0.7450573979591837
cube_sd_head 4 180 0.0 4.0 1.0 0.782844387755102
cube_sd_head 4 180 0.2 0.0 0.7104799999999999 0.9908907844387755
cube_sd_head 4 180 0.2 0.25 0.7352624999999999 0.9895801179846939
cube_sd_head 4 180 0.2 0.5 0.8008749999999999 0.9833139349489797
cube_sd_head 4 180 0.2 0.75 0.8749624999999999 0.972375956632653
cube_sd_head 4 180 0.2 1.0 0.9194256249999999 0.9659559151785714
cube_sd_head 4 180 0.2 1.25 0.955106875 0.9424408482142858
cube_sd_head 4 180 0.2 1.5 0.9779987499999998 0.9164373405612246
cube_sd_head 4 180 0.2 1.75 0.9873312499999999 0.8881534598214286
cube_sd_head 4 180 0.2 2.0 0.9946412499999999 0.8266781728316326
cube_sd_head 4 180 0.2 2.25 0.9978393750000001 0.8596023596938775
cube_sd_head 4 180 0.2 2.5 0.9989825 0.826805644132653
cube_sd_head 4 180 0.2 2.75 0.999715625 0.7451341677295917
cube_sd_head 4 180 0.2 3.0 0.9999212500000002 0.7288928571428571
cube_sd_head 4 180 0.2 3.25 0.9999512500000002 0.7503384088010202
cube_sd_head 4 180 0.2 3.5 0.9999950000000001 0.6963978794642858
cube_sd_head 4 180 0.2 3.75 0.9999975000000001 0.6163474968112245
cube_sd_head 4 180 0.2 4.0 0.999999375 0.6060113201530613
cube_sd_head 4 180 1.0 0.0 0.577409375 0.6500164221938776
cube_sd_head 4 180 1.0 0.25 0.5835093749999999 0.6485150669642857
cube_sd_head 4 180 1.0 0.5 0.598514375 0.6471599170918367
cube_sd_head 4 180 1.0 0.75 0.6113049999999999 0.633975924744898
cube_sd_head 4 180 1.0 1.0 0.626221875 0.6316984215561224
cube_sd_head 4 180 1.0 1.25 0.6454906250000001 0.6201531409438776
cube_sd_head 4 180 1.0 1.5 0.66484 0.611442681760204
cube_sd_head 4 180 1.0 1.75 0.684521875 0.6044052136479592
cube_sd_head 4 180 1.0 2.0 0.7025937499999999 0.5974523278061225
cube_sd_head 4 180 1.0 2.25 0.7253900000000002 0.6000350765306123
cube_sd_head 4 180 1.0 2.5 0.7401706250000001 0.5881856664540817
cube_sd_head 4 180 1.0 2.75 0.7595243749999999 0.5722242506377551
cube_sd_head 4 180 1.0 3.0 0.7796399999999999 0.5963930963010204
cube_sd_head 4 180 1.0 3.25 0.794951875 0.5628141741071429
cube_sd_head 4 180 1.0 3.5 0.8102181249999998 0.5686089764030613
cube_sd_head 4 180 1.0 3.75 0.8253887499999999 0.5702593271683674
cube_sd_head 4 180 1.0 4.0 0.839850625 0.5564836575255102
cube_sd_head 4 200 0.0 0.0 0.69 1.0
cube_sd_head 4 200 0.0 0.25 1.0 1.0
cube_sd_head 4 200 0.0 0.5 1.0 1.0
cube_sd_head 4 200 0.0 0.75 1.0 1.0
cube_sd_head 4 200 0.0 1.0 1.0 1.0
cube_sd_head 4 200 0.0 1.25 1.0 1.0
cube_sd_head 4 200 0.0 1.5 1.0 0.9919483418367347
cube_sd_head 4 200 0.0 1.75 1.0 0.9939413265306123
cube_sd_head 4 200 0.0 2.0 1.0 0.9045758928571428
cube_sd_head 4 200 0.0 2.25 1.0 0.9208386479591836
cube_sd_head 4 200 0.0 2.5 1.0 0.9157366071428571
cube_sd_head 4 200 0.0 2.75 1.0 0.8419961734693877
cube_sd_head 4 200 0.0 3.0 1.0 0.8385682397959183
cube_sd_head 4 200 0.0 3.25 1.0 0.7154017857142857
cube_sd_head 4 200 0.0 3.5 1.0 0.8227040816326531
cube_sd_head 4 200 0.0 3.75 1.0 0.6908482142857143
cube_sd_head 4 200 0.0 4.0 1.0 0.6666932397959183
cube_sd_head 4 200 0.2 0.0 0.6888243749999998 0.9908551498724489
cube_sd_head 4 200 0.2 0.25 0.7408437500000001 0.9891755420918367
cube_sd_head 4 200 0.2 0.5 0.8063475 0.9836672512755102
cube_sd_head 4 200 0.2 0.75 0.8770399999999999 0.9750230389030612
cube_sd_head 4 200 0.2 1.0 0.9211706249999998 0.9580658482142858
cube_sd_head 4 200 0.2 1.25 0.9555631249999998 0.944045280612245
cube_sd_head 4 200 0.2 1.5 0.9766125 0.9133156887755102
cube_sd_head 4 200 0.2 1.75 0.9872200000000002 0.8854158163265307
cube_sd_head 4 200 0.2 2.0 0.9952362499999998 0.8392456951530611
cube_sd_head 4 200 0.2 2.25 0.9978081249999999 0.8168288424744898
cube_sd_head 4 200 0.2 2.5 0.999056875 0.7811252391581633
cube_sd_head 4 200 0.2 2.75 0.9997024999999999 0.7517582908163265
cube_sd_head 4 200 0.2 3.0 0.999891875 0.7394676339285715
cube_sd_head 4 200 0.2 3.25 0.9999512500000001 0.7177797353316326
cube_sd_head 4 200 0.2 3.5 0.9999912499999999 0.7498370535714285
cube_sd_head 4 200 0.2 3.75 0.999995625 0.6198461415816326
cube_sd_head 4 200 0.2 4.0 1.0 0.657889987244898
cube_sd_head 4 200 1.0 0.0 0.5788331250000001 0.649292649872449
cube_sd_head 4 200 1.0 0.25 0.5822643750000001 0.6480738201530611
cube_sd_head 4 200 1.0 0.5 0.5960743749999999 0.6422665019132653
cube_sd_head 4 200 1.0 0.75 0.6134018750000001 0.641008131377551
cube_sd_head 4 200 1.0 1.0 0.627084375 0.6286354432397958
cube_sd_head 4 200 1.0 1.25 0.6475225 0.6258427933673469
cube_sd_head 4 200 1.0 1.5 0.660476875 0.6183891900510203
cube_sd_head 4 200 1.0 1.75 0.6837250000000001 0.6132032844387755
cube_sd_head 4 200 1.0 2.0 0.7062749999999999 0.6034696269132652
cube_sd_head 4 200 1.0 2.25 0.7218456249999999 0.6061918845663266
cube_sd_head 4 200 1.0 2.5 0.742603125 0.5975911192602041
cube_sd_head 4 200 1.0 2.75 0.7579650000000002 0.5829956154336735
cube_sd_head 4 200 1.0 3.0 0.7766 0.5842482461734693
cube_sd_head 4 200 1.0 3.25 0.795064375 0.5700666454081633
cube_sd_head 4 200 1.0 3.5 0.8101887500000001 0.5776213329081633
cube_sd_head 4 200 1.0 3.75 0.827361875 0.5401492346938775
cube_sd_head 4 200 1.0 4.0 0.838305 0.5788436702806123
cube_sd_head 4 220 0.0 0.0 0.730625 1.0
cube_sd_head 4 220 0.0 0.25 1.0 1.0
cube_sd_head 4 220 0.0 0.5 1.0 1.0
cube_sd_head 4 220 0.0 0.75 1.0 1.0
cube_sd_head 4 220 0.0 1.0 1.0 1.0
cube_sd_head 4 220 0.0 1.25 1.0 0.9988839285714286
cube_sd_head 4 220 0.0 1.5 1.0 0.9956951530612245
cube_sd_head 4 220 0.0 1.75 1.0 0.9768016581632653
cube_sd_head 4 220 0.0 2.0 1.0 0.9701849489795918
cube_sd_head 4 220 0.0 2.25 1.0 0.9372608418367346
cube_sd_head 4 220 0.0 2.5 1.0 0.9258609693877551
cube_sd_head 4 220 0.0 2.75 1.0 0.8256536989795918
cube_sd_head 4 220 0.0 3.0 1.0 0.8008609693877551
cube_sd_head 4 220 0.0 3.25 1.0 0.8205516581632653
cube_sd_head 4 220 0.0 3.5 1.0 0.8053252551020408
cube_sd_head 4 220 0.0 3.75 1.0 0.7823660714285714
cube_sd_head 4 220 0.0 4.0 1.0 0.8412786989795918
cube_sd_head 4 220 0.2 0.0 0.7017268750000001 0.9907881058673469
cube_sd_head 4 220 0.2 0.25 0.7318250000000001 0.9896861447704082
cube_sd_head 4 220 0.2 0.5 0.8004106249999998 0.9859582270408163
cube_sd_head 4 220 0.2 0.75 0.868545625 0.9764925860969388
cube_sd_head 4 220 0.2 1.0 0.922669375 0.9657309470663265
cube_sd_head 4 220 0.2 1.25 0.9565018749999998 0.948851243622449
cube_sd_head 4 220 0.2 1.5 0.9796468749999998 0.9221063456632653
cube_sd_head 4 220 0.2 1.75 0.989225 0.8609173309948979
cube_sd_head 4 220 0.2 2.0 0.99526375 0.866605149872449
cube_sd_head 4 220 0.2 2.25 0.998179375 0.8015676020408163
cube_sd_head 4 220 0.2 2.5 0.9993093749999998 0.780478156887755
cube_sd_head 4 220 0.2 2.75 0.99972875 0.7804536830357143
cube_sd_head 4 220 0.2 3.0 0.9999187500000001 0.7444415656887755
cube_sd_head 4 220 0.2 3.25 0.99996 0.7334457908163264
cube_sd_head 4 220 0.2 3.5 0.999989375 0.6837178730867347
cube_sd_head 4 220 0.2 3.75 0.9999962500000001 0.7073879145408163
cube_sd_head 4 220 0.2 4.0 0.999999375 0.753612962372449
cube_sd_head 4 220 1.0 0.0 0.579695 0.6492674585459184
cube_sd_head 4 220 1.0 0.25 0.587149375 0.6469598214285714
cube_sd_head 4 220 1.0 0.5 0.5955693750000001 0.6435935905612246
cube_sd_head 4 220 1.0 0.75 0.60802875 0.6399153380102041
cube_sd_head 4 220 1.0 1.0 0.6239475 0.6242963169642858
cube_sd_head 4 220 1.0 1.25 0.6444481249999999 0.6237934470663266
cube_sd_head 4 220 1.0 1.5 0.66413375 0.6120554846938775
cube_sd_head 4 220 1.0 1.75 0.6847537499999998 0.6008290019132654
cube_sd_head 4 220 1.0 2.0 0.7000325 0.5936169483418368
cube_sd_head 4 220 1.0 2.25 0.7243906250000002 0.5988041294642857
cube_sd_head 4 220 1.0 2.5 0.741783125 0.5894753667091837
cube_sd_head 4 220 1.0 2.75 0.758824375 0.5768959661989796
cube_sd_head 4 220 1.0 3.0 0.777074375 0.5690829878826531
cube_sd_head 4 220 1.0 3.25 0.7932600000000001 0.5834659598214286
cube_sd_head 4 220 1.0 3.5 0.8090756250000001 0.5649660395408164
cube_sd_head 4 220 1.0 3.75 0.8314562500000001 0.5565457589285714
cube_sd_head 4 220 1.0 4.0 0.8434849999999998 0.5651306600765307
cube_sd_head 4 240 0.0 0.0 0.71375 1.0
cube_sd_head 4 240 0.0 0.25 1.0 1.0
cube_sd_head 4 240 0.0 0.5 1.0 1.0
cube_sd_head 4 240 0.0 0.75 1.0 1.0
cube_sd_head 4 240 0.0 1.0 1.0 1.0
cube_sd_head 4 240 0.0 1.25 1.0 1.0
cube_sd_head 4 240 0.0 1.5 1.0 0.9978475765306123
cube_sd_head 4 240 0.0 1.75 1.0 0.9972098214285714
cube_sd_head 4 240 0.0 2.0 1.0 0.9692283163265305
cube_sd_head 4 240 0.0 2.25 1.0 0.9743303571428572
cube_sd_head 4 240 0.0 2.5 1.0 0.8765146683673469
cube_sd_head 4 240 0.0 2.75 1.0 0.9389349489795918
cube_sd_head 4 240 0.0 3.0 1.0 0.8364955357142857
cube_sd_head 4 240 0.0 3.25 1.0 0.8291613520408163
cube_sd_head 4 240 0.0 3.5 1.0 0.7965561224489796
cube_sd_head 4 240 0.0 3.75 1.0 0.7000956632653061
cube_sd_head 4 240 0.0 4.0 1.0 0.80078125
cube_sd_head 4 240 0.2 0.0 0.7101968750000001 0.990733099489796
cube_sd_head 4 240 0.2 0.25 0.74065625 0.9895939891581633
cube_sd_head 4 240 0.2 0.5 0.8102912500000001 0.9844842952806123
cube_sd_head 4 240 0.2 0.75 0.86653375 0.9748459821428571
cube_sd_head 4 240 0.2 1.0 0.9233249999999998 0.9620437659438775
cube_sd_head 4 240 0.2 1.25 0.9570475 0.9402374840561225
cube_sd_head 4 240 0.2 1.5 0.9791831250000002 0.923446906887755
cube_sd_head 4 240 0.2 1.75 0.989690625 0.8808907844387754
cube_sd_head 4 240 0.2 2.0 0.9951106249999999 0.8470394610969388
cube_sd_head 4 240 0.2 2.25 0.9980018750000003 0.8418573820153061
cube_sd_head 4 240 0.2 2.5 0.99927875 0.8270261479591836
cube_sd_head 4 240 0.2 2.75 0.9997531249999999 0.7486576849489797
cube_sd_head 4 240 0.2 3.0 0.9998975000000001 0.7949994419642856
cube_sd_head 4 240 0.2 3.25 0.999975625 0.6248361766581634
cube_sd_head 4 240 0.2 3.5 0.9999856249999999 0.7101858258928571
cube_sd_head 4 240 0.2 3.75 0.99999875 0.663065768494898
cube_sd_head 4 240 0.2 4.0 0.99999875 0.6847381218112245
cube_sd_head 4 240 1.0 0.0 0.58133875 0.6483507653061225
cube_sd_head 4 240 1.0 0.25 0.579074375 0.647299186862245
cube_sd_head 4 240 1.0 0.5 0.5938481250000001 0.6437105389030613
cube_sd_head 4 240 1.0 0.75 0.60829375 0.634955436862245
cube_sd_head 4 240 1.0 1.0 0.622668125 0.6286633450255101
cube_sd_head 4 240 1.0 1.25 0.6453162499999999 0.6265725446428572
cube_sd_head 4 240 1.0 1.5 0.6645568750000002 0.6214728156887755
cube_sd_head 4 240 1.0 1.75 0.684680625 0.6050876116071429
cube_sd_head 4 240 1.0 2.0 0.7013049999999998 0.6100943877551019
cube_sd_head 4 240 1.0 2.25 0.7230037499999998 0.5969596619897959
cube_sd_head 4 240 1.0 2.5 0.7397668750000002 0.5851078603316326
cube_sd_head 4 240 1.0 2.75 0.7598687499999999 0.5849591836734693
cube_sd_head 4 240 1.0 3.0 0.776475 0.5729925860969388
cube_sd_head 4 240 1.0 3.25 0.7966587500000002 0.5758970822704081
cube_sd_head 4 240 1.0 3.5 0.8116924999999999 0.5650424904336735
cube_sd_head 4 240 1.0 3.75 0.8262756249999998 0.5685876913265306
cube_sd_head 4 240 1.0 4.0 0.8408768749999999 0.5527211415816327
cube_sd_head 4 260 0.0 0.0 0.7375 1.0
cube_sd_head 4 260 0.0 0.25 1.0 1.0
cube_sd_head 4 260 0.0 0.5 1.0 1.0
cube_sd_head 4 260 0.0 0.75 1.0 1.0
cube_sd_head 4 260 0.0 1.0 1.0 1.0
cube_sd_head 4 260 0.0 1.25 1.0 0.9999202806122449
cube_sd_head 4 260 0.0 1.5 1.0 0.9995216836734694
cube_sd_head 4 260 0.0 1.75 1.0 0.9819834183673468
cube_sd_head 4 260 0.0 2.0 1.0 0.9257015306122449
cube_sd_head 4 260 0.0 2.25 1.0 0.9365433673469388
cube_sd_head 4 260 0.0 2.5 1.0 0.9410873724489796
cube_sd_head 4 260 0.0 2.75 1.0 0.7928890306122449
cube_sd_head 4 260 0.0 3.0 1.0 0.8495695153061225
cube_sd_head 4 260 0.0 3.25 1.0 0.7752710459183674
cube_sd_head 4 260 0.0 3.5 1.0 0.7561383928571428
cube_sd_head 4 260 0.0 3.75 1.0 0.7250478316326531
cube_sd_head 4 260 0.0 4.0 1.0 0.651626275510204
cube_sd_head 4 260 0.2 0.0 0.6921181249999998 0.9906534598214287
cube_sd_head 4 260 0.2 0.25 0.7324018749999999 0.9890224011479593
cube_sd_head 4 260 0.2 0.5 0.8057918750000002 0.9860754942602042
cube_sd_head 4 260 0.2 0.75 0.8803525000000001 0.9790150669642856
cube_sd_head 4 260 0.2 1.0 0.9230525 0.9699741709183672
cube_sd_head 4 260 0.2 1.25 0.955675 0.9303212691326531
cube_sd_head 4 260 0.2 1.5 0.9776993749999999 0.923343431122449
cube_sd_head 4 260 0.2 1.75 0.98822625 0.9314372608418366
cube_sd_head 4 260 0.2 2.0 0.9953249999999998 0.8453515624999999
cube_sd_head 4 260 0.2 2.25 0.9980125000000001 0.8424857302295918
cube_sd_head 4 260 0.2 2.5 0.99910625 0.7719669164540817
cube_sd_head 4 260 0.2 2.75 0.9997500000000001 0.8226018016581633
cube_sd_head 4 260 0.2 3.0 0.9999056249999999 0.714863919005102
cube_sd_head 4 260 0.2 3.25 0.9999593750000001 0.7292803730867347
cube_sd_head 4 260 0.2 3.5 0.9999899999999999 0.7549043367346939
cube_sd_head 4 260 0.2 3.75 0.9999975000000001 0.7231863839285715
cube_sd_head 4 260 0.2 4.0 0.9999975000000001 0.7211470025510205
cube_sd_head 4 260 1.0 0.0 0.5781318750000001 0.6478843271683674
cube_sd_head 4 260 1.0 0.25 0.5855275 0.6453742825255102
cube_sd_head 4 260 1.0 0.5 0.59285875 0.6397710459183673
cube_sd_head 4 260 1.0 0.75 0.6059 0.635430006377551
cube_sd_head 4 260 1.0 1.0 0.6253243749999999 0.6341167091836735
cube_sd_head 4 260 1.0 1.25 0.6420175 0.6213289221938775
cube_sd_head 4 260 1.0 1.5 0.6623975 0.6107072704081633
cube_sd_head 4 260 1.0 1.75 0.6837456249999999 0.6042011320153061
cube_sd_head 4 260 1.0 2.0 0.7050612499999999 0.6068415975765307
cube_sd_head 4 260 1.0 2.25 0.7209568749999998 0.5762830835459184
cube_sd_head 4 260 1.0 2.5 0.7431049999999999 0.5942064732142858
cube_sd_head 4 260 1.0 2.75 0.7637218750000001 0.5920617825255102
cube_sd_head 4 260 1.0 3.0 0.7791368749999998 0.5857594068877551
cube_sd_head 4 260 1.0 3.25 0.7951456250000001 0.5914249043367347
cube_sd_head 4 260 1.0 3.5 0.8138650000000002 0.546619499362245
cube_sd_head 4 260 1.0 3.75 0.8257599999999999 0.5713535554846938
cube_sd_head 4 260 1.0 4.0 0.8417987499999999 0.5822868303571428
cube_sd_head 4 280 0.0 0.0 0.70875 1.0
cube_sd_head 4 280 0.0 0.25 1.0 1.0
cube_sd_head 4 280 0.0 0.5 1.0 1.0
cube_sd_head 4 280 0.0 0.75 1.0 1.0
cube_sd_head 4 280 0.0 1.0 1.0 1.0
cube_sd_head 4 280 0.0 1.25 1.0 1.0
cube_sd_head 4 280 0.0 1.5 1.0 0.9977678571428572
cube_sd_head 4 280 0.0 1.75 1.0 0.9987244897959183
cube_sd_head 4 280 0.0 2.0 1.0 0.9858896683673469
cube_sd_head 4 280 0.0 2.25 1.0 0.921875
cube_sd_head 4 280 0.0 2.5 1.0 0.8966039540816326
cube_sd_head 4 280 0.0 2.75 1.0 0.9119100765306122
cube_sd_head 4 280 0.0 3.0 1.0 0.808514030612245
cube_sd_head 4 280 0.0 3.25 1.0 0.8086734693877551
cube_sd_head 4 280 0.0 3.5 1.0 0.7575733418367347
cube_sd_head 4 280 0.0 3.75 1.0 0.7574139030612244
cube_sd_head 4 280 0.0 4.0 1.0 0.7366071428571429
cube_sd_head 4 280 0.2 0.0 0.68965125 0.9905923947704082
cube_sd_head 4 280 0.2 0.25 0.7292362500000001 0.9895455994897959
cube_sd_head 4 280 0.2 0.5 0.806321875 0.986070950255102
cube_sd_head 4 280 0.2 0.75 0.8696106250000003 0.9736713169642857
cube_sd_head 4 280 0.2 1.0 0.9258256250000001 0.9640856186224489
cube_sd_head 4 280 0.2 1.25 0.954973125 0.9462908163265307
cube_sd_head 4 280 0.2 1.5 0.9786575 0.9314029017857144
cube_sd_head 4 280 0.2 1.75 0.9894531249999998 0.8888309948979591
cube_sd_head 4 280 0.2 2.0 0.9953624999999999 0.8793778698979592
cube_sd_head 4 280 0.2 2.25 0.9980387500000001 0.8679253029336734
cube_sd_head 4 280 0.2 2.5 0.9991606250000001 0.8109363839285715
cube_sd_head 4 280 0.2 2.75 0.99976 0.8047327806122448
cube_sd_head 4 280 0.2 3.0 0.999921875 0.7782367665816325
cube_sd_head 4 280 0.2 3.25 0.9999681250000001 0.7472028858418367
cube_sd_head 4 280 0.2 3.5 0.999993125 0.7256855867346939
cube_sd_head 4 280 0.2 3.75 0.999999375 0.7404996014030611
cube_sd_head 4 280 0.2 4.0 1.0 0.7076808832908164
cube_sd_head 4 280 1.0 0.0 0.576726875 0.6473031728316326
cube_sd_head 4 280 1.0 0.25 0.5864825 0.6459497767857143
cube_sd_head 4 280 1.0 0.5 0.590066875 0.6417341358418367
cube_sd_head 4 280 1.0 0.75 0.6090706250000001 0.6373541932397959
cube_sd_head 4 280 1.0 1.0 0.622748125 0.6301248405612245
cube_sd_head 4 280 1.0 1.25 0.6450612499999999 0.6234834980867346
cube_sd_head 4 280 1.0 1.5 0.6610975 0.6130756536989797
cube_sd_head 4 280 1.0 1.75 0.681075625 0.5970421715561224
cube_sd_head 4 280 1.0 2.0 0.70101625 0.5979941007653061
cube_sd_head 4 280 1.0 2.25 0.72277 0.5955605070153062
cube_sd_head 4 280 1.0 2.5 0.7395156250000001 0.5867099011479593
cube_sd_head 4 280 1.0 2.75 0.75856375 0.5861061862244897
cube_sd_head 4 280 1.0 3.0 0.7778056250000001 0.572513313137755
cube_sd_head 4 280 1.0 3.25 0.794880625 0.575602519132653
cube_sd_head 4 280 1.0 3.5 0.8108362500000001 0.5820676817602041
cube_sd_head 4 280 1.0 3.75 0.8269362500000002 0.561944993622449
cube_sd_head 4 280 1.0 4.0 0.84383375 0.5733828125
cube_sd_head 4 300 0.0 0.0 0.730625 1.0
cube_sd_head 4 300 0.0 0.25 1.0 1.0
cube_sd_head 4 300 0.0 0.5 1.0 1.0
cube_sd_head 4 300 0.0 0.75 1.0 1.0
cube_sd_head 4 300 0.0 1.0 1.0 1.0
cube_sd_head 4 300 0.0 1.25 1.0 1.0
cube_sd_head 4 300 0.0 1.5 1.0 0.9977678571428572
cube_sd_head 4 300 0.0 1.75 1.0 0.993064413265306
cube_sd_head 4 300 0.0 2.0 1.0 0.9762436224489796
cube_sd_head 4 300 0.0 2.25 1.0 0.967235331632653
cube_sd_head 4 300 0.0 2.5 1.0 0.944595025510204
cube_sd_head 4 300 0.0 2.75 1.0 0.9159757653061225
cube_sd_head 4 300 0.0 3.0 1.0 0.8115433673469388
cube_sd_head 4 300 0.0 3.25 1.0 0.8514030612244898
cube_sd_head 4 300 0.0 3.5 1.0 0.794563137755102
cube_sd_head 4 300 0.0 3.75 1.0 0.7269610969387754
cube_sd_head 4 300 0.0 4.0 1.0 0.7451371173469388
cube_sd_head 4 300 0.2 0.0 0.70132875 0.9905611447704081
cube_sd_head 4 300 0.2 0.25 0.7323387499999999 0.9897447385204081
cube_sd_head 4 300 0.2 0.5 0.8052462500000002 0.9848324298469388
cube_sd_head 4 300 0.2 0.75 0.8713237500000001 0.9789320790816327
cube_sd_head 4 300 0.2 1.0 0.9219337499999999 0.9650896843112244
cube_sd_head 4 300 0.2 1.25 0.9569862500000003 0.9490357142857143
cube_sd_head 4 300 0.2 1.5 0.9764562499999999 0.9360882493622449
cube_sd_head 4 300 0.2 1.75 0.9893706250000001 0.8920420918367348
cube_sd_head 4 300 0.2 2.0 0.995525 0.8633022161989796
cube_sd_head 4 300 0.2 2.25 0.9978862499999999 0.8433484534438775
cube_sd_head 4 300 0.2 2.5 0.99923125 0.7917563775510205
cube_sd_head 4 300 0.2 2.75 0.9997399999999997 0.7793376913265306
cube_sd_head 4 300 0.2 3.0 0.9999037499999999 0.8102975924744897
cube_sd_head 4 300 0.2 3.25 0.999970625 0.7394623724489796
cube_sd_head 4 300 0.2 3.5 0.999994375 0.7253300382653061
cube_sd_head 4 300 0.2 3.75 0.999999375 0.7221094547193878
cube_sd_head 4 300 0.2 4.0 0.999999375 0.726110331632653
cube_sd_head 4 300 1.0 0.0 0.5839300000000001 0.6467141262755102
cube_sd_head 4 300 1.0 0.25 0.581138125 0.6458195153061226
cube_sd_head 4 300 1.0 0.5 0.5918775000000001 0.6402453762755101
cube_sd_head 4 300 1.0 0.75 0.602240625 0.6342097417091836
cube_sd_head 4 300 1.0 1.0 0.629438125 0.6273353794642856
cube_sd_head 4 300 1.0 1.25 0.64251 0.6198071588010203
cube_sd_head 4 300 1.0 1.5 0.6648818750000003 0.6225007971938776
cube_sd_head 4 300 1.0 1.75 0.682075625 0.591661431760204
cube_sd_head 4 300 1.0 2.0 0.7025256250000002 0.6072731186224489
cube_sd_head 4 300 1.0 2.25 0.7207475 0.5875080516581633
cube_sd_head 4 300 1.0 2.5 0.7401687500000002 0.5790420918367346
cube_sd_head 4 300 1.0 2.75 0.758444375 0.5837274394132652
cube_sd_head 4 300 1.0 3.0 0.7757256249999998 0.5783942920918368
cube_sd_head 4 300 1.0 3.25 0.7958937500000002 0.5686325733418368
cube_sd_head 4 300 1.0 3.5 0.8114662500000001 0.5775525350765306
cube_sd_head 4 300 1.0 3.75 0.8272700000000002 0.5514103954081633
cube_sd_head 4 300 1.0 4.0 0.8414825 0.5661377551020408
cube_sd_head 4 320 0.0 0.0 0.73125 1.0
cube_sd_head 4 320 0.0 0.25 1.0 1.0
cube_sd_head 4 320 0.0 0.5 1.0 1.0
cube_sd_head 4 320 0.0 0.75 1.0 1.0
cube_sd_head 4 320 0.0 1.0 1.0 1.0
cube_sd_head 4 320 0.0 1.25 1.0 1.0
cube_sd_head 4 320 0.0 1.5 1.0 0.9977678571428572
cube_sd_head 4 320 0.0 1.75 1.0 0.9958545918367347
cube_sd_head 4 320 0.0 2.0 1.0 0.9661192602040816
cube_sd_head 4 320 0.0 2.25 1.0 0.9390943877551021
cube_sd_head 4 320 0.0 2.5 1.0 0.9169323979591837
cube_sd_head 4 320 0.0 2.75 1.0 0.9206792091836735
cube_sd_head 4 320 0.0 3.0 1.0 0.879623724489796
cube_sd_head 4 320 0.0 3.25 1.0 0.6882971938775511
cube_sd_head 4 320 0.0 3.5 1.0 0.778938137755102
cube_sd_head 4 320 0.0 3.75 1.0 0.9058514030612246
cube_sd_head 4 320 0.0 4.0 1.0 0.7705676020408163
cube_sd_head 4 320 0.2 0.0 0.69853125 0.9905235172193878
cube_sd_head 4 320 0.2 0.25 0.7337481250000002 0.9890691167091837
cube_sd_head 4 320 0.2 0.5 0.7973012499999999 0.9853766741071428
cube_sd_head 4 320 0.2 0.75 0.877004375 0.977554049744898
cube_sd_head 4 320 0.2 1.0 0.9255862499999998 0.9634292091836734
cube_sd_head 4 320 0.2 1.25 0.9551900000000001 0.9423687818877552
cube_sd_head 4 320 0.2 1.5 0.9780925 0.926506457270408
cube_sd_head 4 320 0.2 1.75 0.9894750000000001 0.8705892857142857
cube_sd_head 4 320 0.2 2.0 0.9956956250000002 0.8788866390306123
cube_sd_head 4 320 0.2 2.25 0.9980781249999999 0.8220218431122449
cube_sd_head 4 320 0.2 2.5 0.99918125 0.8109849330357143
cube_sd_head 4 320 0.2 2.75 0.9997343750000001 0.7918262117346939
cube_sd_head 4 320 0.2 3.0 0.9999075 0.7808542729591836
cube_sd_head 4 320 0.2 3.25 0.9999681250000001 0.7087777423469388
cube_sd_head 4 320 0.2 3.5 0.9999918750000001 0.7607872289540816
cube_sd_head 4 320 0.2 3.75 0.9999968750000001 0.7487811702806122
cube_sd_head 4 320 0.2 4.0 1.0 0.7153145727040816
cube_sd_head 4 320 1.0 0.0 0.5810831249999999 0.6463769132653061
cube_sd_head 4 320 1.0 0.25 0.5838743750000001 0.6458463010204081
cube_sd_head 4 320 1.0 0.5 0.5889650000000001 0.6401043526785714
cube_sd_head 4 320 1.0 0.75 0.6071599999999999 0.6378494100765306
cube_sd_head 4 320 1.0 1.0 0.6262037500000001 0.6332901785714286
cube_sd_head 4 320 1.0 1.25 0.642434375 0.6237411511479592
cube_sd_head 4 320 1.0 1.5 0.661063125 0.6162649075255102
cube_sd_head 4 320 1.0 1.75 0.6846781249999999 0.6113683832908163
cube_sd_head 4 320 1.0 2.0 0.7042143749999998 0.5985290975765306
cube_sd_head 4 320 1.0 2.25 0.7231399999999999 0.5803916613520408
cube_sd_head 4 320 1.0 2.5 0.7410950000000001 0.5855900829081633
cube_sd_head 4 320 1.0 2.75 0.759744375 0.5833940529336735
cube_sd_head 4 320 1.0 3.0 0.7785556249999998 0.5720610650510205
cube_sd_head 4 320 1.0 3.25 0.7926025 0.5712609215561224
cube_sd_head 4 320 1.0 3.5 0.815026875 0.5546509885204082
cube_sd_head 4 320 1.0 3.75 0.824580625 0.5674890784438775
cube_sd_head 4 320 1.0 4.0 0.84319375 0.5942936065051021
cube_sd_head 4 340 0.0 0.0 0.7125 1.0
cube_sd_head 4 340 0.0 0.25 1.0 1.0
cube_sd_head 4 340 0.0 0.5 1.0 1.0
cube_sd_head 4 340 0.0 0.75 1.0 1.0
cube_sd_head 4 340 0.0 1.0 1.0 1.0
cube_sd_head 4 340 0.0 1.25 1.0 1.0
cube_sd_head 4 340 0.0 1.5 1.0 0.9999202806122449
cube_sd_head 4 340 0.0 1.75 1.0 0.9848533163265306
cube_sd_head 4 340 0.0 2.0 1.0 0.991470025510204
cube_sd_head 4 340 0.0 2.25 1.0 0.9701052295918368
cube_sd_head 4 340 0.0 2.5 1.0 0.9184470663265306
cube_sd_head 4 340 0.0 2.75 1.0 0.9362244897959183
cube_sd_head 4 340 0.0 3.0 1.0 0.8875956632653061
cube_sd_head 4 340 0.0 3.25 1.0 0.8099489795918368
cube_sd_head 4 340 0.0 3.5 1.0 0.8415975765306123
cube_sd_head 4 340 0.0 3.75 1.0 0.8160076530612246
cube_sd_head 4 340 0.0 4.0 1.0 0.8095503826530612
cube_sd_head 4 340 0.2 0.0 0.706664375 0.9903927774234694
cube_sd_head 4 340 0.2 0.25 0.73634 0.9895747767857143
cube_sd_head 4 340 0.2 0.5 0.8002231250000001 0.9853324298469388
cube_sd_head 4 340 0.2 0.75 0.8705593749999998 0.9781311383928571
cube_sd_head 4 340 0.2 1.0 0.9235493750000002 0.9608599330357144
cube_sd_head 4 340 0.2 1.25 0.9588724999999998 0.9378644770408162
cube_sd_head 4 340 0.2 1.5 0.9775 0.935874681122449
cube_sd_head 4 340 0.2 1.75 0.9888475000000001 0.9297251275510204
cube_sd_head 4 340 0.2 2.0 0.995870625 0.8610557238520409
cube_sd_head 4 340 0.2 2.25 0.9982149999999999 0.8287890625
cube_sd_head 4 340 0.2 2.5 0.9991318750000001 0.8337178730867347
cube_sd_head 4 340 0.2 2.75 0.9997343750000002 0.8100496651785715
cube_sd_head 4 340 0.2 3.0 0.999908125 0.7895213647959184
cube_sd_head 4 340 0.2 3.25 0.99997625 0.7482366868622448
cube_sd_head 4 340 0.2 3.5 0.9999937499999999 0.7378940529336735
cube_sd_head 4 340 0.2 3.75 1.0 0.7509921875
cube_sd_head 4 340 0.2 4.0 0.999999375 0.7374248246173469
cube_sd_head 4 340 1.0 0.0 0.5774162500000001 0.645697943239796
cube_sd_head 4 340 1.0 0.25 0.5789650000000001 0.6452558992346938
cube_sd_head 4 340 1.0 0.5 0.5902425 0.6397068718112245
cube_sd_head 4 340 1.0 0.75 0.605539375 0.6379147799744898
cube_sd_head 4 340 1.0 1.0 0.6187374999999999 0.6306264349489796
cube_sd_head 4 340 1.0 1.25 0.6430475 0.6198700573979592
cube_sd_head 4 340 1.0 1.5 0.6587937499999998 0.6090739795918367
cube_sd_head 4 340 1.0 1.75 0.682516875 0.5999433992346939
cube_sd_head 4 340 1.0 2.0 0.6995724999999999 0.5995486288265306
cube_sd_head 4 340 1.0 2.25 0.721730625 0.5803262117346939
cube_sd_head 4 340 1.0 2.5 0.7404324999999998 0.5793423947704082
cube_sd_head 4 340 1.0 2.75 0.7570356249999999 0.5811004464285714
cube_sd_head 4 340 1.0 3.0 0.7779406249999999 0.5748613679846939
cube_sd_head 4 340 1.0 3.25 0.796716875 0.5882515146683673
cube_sd_head 4 340 1.0 3.5 0.8099637499999999 0.5741702008928571
cube_sd_head 4 340 1.0 3.75 0.825385 0.5473495695153061
cube_sd_head 4 340 1.0 4.0 0.8420324999999999 0.5698696588010204
cube_sd_head 4 360 0.0 0.0 0.6975 1.0
cube_sd_head 4 360 0.0 0.25 1.0 1.0
cube_sd_head 4 360 0.0 0.5 1.0 1.0
cube_sd_head 4 360 0.0 0.75 1.0 1.0
cube_sd_head 4 360 0.0 1.0 1.0 1.0
cube_sd_head 4 360 0.0 1.25 1.0 1.0
cube_sd_head 4 360 0.0 1.5 1.0 1.0
cube_sd_head 4 360 0.0 1.75 1.0 0.9941804846938775
cube_sd_head 4 360 0.0 2.0 1.0 0.9702646683673468
cube_sd_head 4 360 0.0 2.25 1.0 0.9396524234693877
cube_sd_head 4 360 0.0 2.5 1.0 0.8995535714285714
cube_sd_head 4 360 0.0 2.75 1.0 0.8472576530612246
cube_sd_head 4 360 0.0 3.0 1.0 0.8779496173469388
cube_sd_head 4 360 0.0 3.25 1.0 0.6941964285714286
cube_sd_head 4 360 0.0 3.5 1.0 0.837531887755102
cube_sd_head 4 360 0.0 3.75 1.0 0.7755102040816327
cube_sd_head 4 360 0.0 4.0 1.0 0.8058035714285715
cube_sd_head 4 360 0.2 0.0 0.709898125 0.9903322704081633
cube_sd_head 4 360 0.2 0.25 0.736316875 0.9891986607142857
cube_sd_head 4 360 0.2 0.5 0.7993331249999999 0.984769212372449
cube_sd_head 4 360 0.2 0.75 0.8743581250000001 0.9780740593112244
cube_sd_head 4 360 0.2 1.0 0.9234587500000001 0.9653998724489796
cube_sd_head 4 360 0.2 1.25 0.9598049999999999 0.9461424585459184
cube_sd_head 4 360 0.2 1.5 0.975858125 0.9293922193877552
cube_sd_head 4 360 0.2 1.75 0.989916875 0.9114327168367347
cube_sd_head 4 360 0.2 2.0 0.9953200000000001 0.8578741230867346
cube_sd_head 4 360 0.2 2.25 0.998364375 0.8160240752551021
cube_sd_head 4 360 0.2 2.5 0.9991968750000001 0.8329257015306122
cube_sd_head 4 360 0.2 2.75 0.9997225000000001 0.7967494419642857
cube_sd_head 4 360 0.2 3.0 0.99989125 0.7785457589285715
cube_sd_head 4 360 0.2 3.25 0.999976875 0.7899854910714286
cube_sd_head 4 360 0.2 3.5 0.9999924999999998 0.738185905612245
cube_sd_head 4 360 0.2 3.75 0.9999975000000001 0.6636797672193877
cube_sd_head 4 360 0.2 4.0 1.0 0.7680357142857143
cube_sd_head 4 360 1.0 0.0 0.57411125 0.6452636320153061
cube_sd_head 4 360 1.0 0.25 0.5856887500000001 0.6446384725765306
cube_sd_head 4 360 1.0 0.5 0.5899743749999999 0.6402463329081631
cube_sd_head 4 360 1.0 0.75 0.6040112499999999 0.634761399872449
cube_sd_head 4 360 1.0 1.0 0.62130125 0.6284421237244898
cube_sd_head 4 360 1.0 1.25 0.6388499999999999 0.6186772959183673
cube_sd_head 4 360 1.0 1.5 0.6578037499999999 0.6139372608418368
cube_sd_head 4 360 1.0 1.75 0.6794856250000002 0.5935544483418368
cube_sd_head 4 360 1.0 2.0 0.7052775000000001 0.6015511001275511
cube_sd_head 4 360 1.0 2.25 0.7214400000000001 0.587823899872449
cube_sd_head 4 360 1.0 2.5 0.7398193750000002 0.5724044961734694
cube_sd_head 4 360 1.0 2.75 0.7596262499999998 0.5910542889030612
cube_sd_head 4 360 1.0 3.0 0.77627375 0.594409837372449
cube_sd_head 4 360 1.0 3.25 0.7917768749999999 0.5778657525510205
cube_sd_head 4 360 1.0 3.5 0.8119943749999998 0.5839496173469387
cube_sd_head 4 360 1.0 3.75 0.8278512499999999 0.5373081951530612
cube_sd_head 4 360 1.0 4.0 0.842141875 0.5384008290816327
cube_sd_head 4 380 0.0 0.0 0.703125 1.0
cube_sd_head 4 380 0.0 0.25 1.0 1.0
cube_sd_head 4 380 0.0 0.5 1.0 1.0
cube_sd_head 4 380 0.0 0.75 1.0 1.0
cube_sd_head 4 380 0.0 1.0 1.0 1.0
cube_sd_head 4 380 0.0 1.25 1.0 1.0
cube_sd_head 4 380 0.0 1.5 1.0 1.0
cube_sd_head 4 380 0.0 1.75 1.0 0.9996014030612245
cube_sd_head 4 380 0.0 2.0 1.0 0.9812659438775511
cube_sd_head 4 380 0.0 2.25 1.0 0.9455516581632654
cube_sd_head 4 380 0.0 2.5 1.0 0.9478635204081632
cube_sd_head 4 380 0.0 2.75 1.0 0.9508928571428571
cube_sd_head 4 380 0.0 3.0 1.0 0.8549904336734694
cube_sd_head 4 380 0.0 3.25 1.0 0.798469387755102
cube_sd_head 4 380 0.0 3.5 1.0 0.8162468112244898
cube_sd_head 4 380 0.0 3.75 1.0 0.8248565051020408
cube_sd_head 4 380 0.0 4.0 1.0 0.798469387755102
cube_sd_head 4 380 0.2 0.0 0.6901962500000002 0.9903069196428571
cube_sd_head 4 380 0.2 0.25 0.71971125 0.9891116071428572
cube_sd_head 4 380 0.2 0.5 0.8001 0.9843394451530613
cube_sd_head 4 380 0.2 0.75 0.8717075000000001 0.977955436862245
cube_sd_head 4 380 0.2 1.0 0.9234650000000001 0.9637666613520408
cube_sd_head 4 380 0.2 1.25 0.956703125 0.9515100446428572
cube_sd_head 4 380 0.2 1.5 0.9783637500000001 0.925851243622449
cube_sd_head 4 380 0.2 1.75 0.9898531249999999 0.9055836256377552
cube_sd_head 4 380 0.2 2.0 0.9946968749999999 0.8649037786989795
cube_sd_head 4 380 0.2 2.25 0.9979718749999997 0.8809669164540816
cube_sd_head 4 380 0.2 2.5 0.9991843750000001 0.7765605070153061
cube_sd_head 4 380 0.2 2.75 0.999711875 0.8158828124999999
cube_sd_head 4 380 0.2 3.0 0.9999187500000001 0.775804368622449
cube_sd_head 4 380 0.2 3.25 0.9999737500000001 0.7851596779336735
cube_sd_head 4 380 0.2 3.5 0.9999912499999999 0.7261560905612244
cube_sd_head 4 380 0.2 3.75 0.9999975000000001 0.7087066326530613
cube_sd_head 4 380 0.2 4.0 0.999999375 0.731534837372449
cube_sd_head 4 380 1.0 0.0 0.577508125 0.6451863042091837
cube_sd_head 4 380 1.0 0.25 0.581303125 0.6433966836734695
cube_sd_head 4 380 1.0 0.5 0.590835625 0.6413986766581633
cube_sd_head 4 380 1.0 0.75 0.60649875 0.6357642697704081
cube_sd_head 4 380 1.0 1.0 0.617995625 0.6323916613520408
cube_sd_head 4 380 1.0 1.25 0.6399400000000001 0.6274810267857143
cube_sd_head 4 380 1.0 1.5 0.661674375 0.609616868622449
cube_sd_head 4 380 1.0 1.75 0.6788875 0.6028313137755102
cube_sd_head 4 380 1.0 2.0 0.70211125 0.6056568080357143
cube_sd_head 4 380 1.0 2.25 0.7222387499999999 0.5892169961734695
cube_sd_head 4 380 1.0 2.5 0.737204375 0.5776772959183674
cube_sd_head 4 380 1.0 2.75 0.7563224999999999 0.5713723692602041
cube_sd_head 4 380 1.0 3.0 0.7769443749999999 0.574402662627551
cube_sd_head 4 380 1.0 3.25 0.794935 0.5762161989795918
cube_sd_head 4 380 1.0 3.5 0.8122424999999999 0.5766486766581633
cube_sd_head 4 380 1.0 3.75 0.8231975 0.5556631855867347
cube_sd_head 4 380 1.0 4.0 0.8401462500000001 0.5688136957908164
cube_sd_head 4 400 0.0 0.0 0.72875 1.0
cube_sd_head 4 400 0.0 0.25 1.0 1.0
cube_sd_head 4 400 0.0 0.5 1.0 1.0
cube_sd_head 4 400 0.0 0.75 1.0 1.0
cube_sd_head 4 400 0.0 1.0 1.0 1.0
cube_sd_head 4 400 0.0 1.25 1.0 1.0
cube_sd_head 4 400 0.0 1.5 1.0 1.0
cube_sd_head 4 400 0.0 1.75 1.0 0.9996014030612245
cube_sd_head 4 400 0.0 2.0 1.0 0.9915497448979592
cube_sd_head 4 400 0.0 2.25 1.0 0.9743303571428572
cube_sd_head 4 400 0.0 2.5 1.0 0.9517697704081634
cube_sd_head 4 400 0.0 2.75 1.0 0.9327965561224489
cube_sd_head 4 400 0.0 3.0 1.0 0.8825733418367347
cube_sd_head 4 400 0.0 3.25 1.0 0.9261001275510203
cube_sd_head 4 400 0.0 3.5 1.0 0.7799744897959184
cube_sd_head 4 400 0.0 3.75 1.0 0.8484534438775511
cube_sd_head 4 400 0.0 4.0 1.0 0.7836415816326531
cube_sd_head 4 400 0.2 0.0 0.6800543749999999 0.9902630739795919
cube_sd_head 4 400 0.2 0.25 0.74054625 0.9890111607142857
cube_sd_head 4 400 0.2 0.5 0.799574375 0.9851840720663265
cube_sd_head 4 400 0.2 0.75 0.8739206250000001 0.9792448182397959
cube_sd_head 4 400 0.2 1.0 0.9214775000000001 0.9611402264030613
cube_sd_head 4 400 0.2 1.25 0.9571500000000001 0.9488709343112245
cube_sd_head 4 400 0.2 1.5 0.9773549999999999 0.9344068080357143
cube_sd_head 4 400 0.2 1.75 0.989284375 0.887790656887755
cube_sd_head 4 400 0.2 2.0 0.99578875 0.8749322385204081
cube_sd_head 4 400 0.2 2.25 0.9979024999999999 0.8779742506377551
cube_sd_head 4 400 0.2 2.5 0.9992949999999999 0.8120725446428572
cube_sd_head 4 400 0.2 2.75 0.99973625 0.7642315051020409
cube_sd_head 4 400 0.2 3.0 0.9998812499999999 0.8086360012755103
cube_sd_head 4 400 0.2 3.25 0.9999793749999999 0.7735719866071429
cube_sd_head 4 400 0.2 3.5 0.9999924999999998 0.7233803411989796
cube_sd_head 4 400 0.2 3.75 0.99999875 0.7103042889030611
cube_sd_head 4 400 0.2 4.0 1.0 0.6623324298469389
cube_sd_head 4 400 1.0 0.0 0.5729468750000001 0.6445222417091837
cube_sd_head 4 400 1.0 0.25 0.5758812499999999 0.6423698182397959
cube_sd_head 4 400 1.0 0.5 0.58813625 0.6412489636479592
cube_sd_head 4 400 1.0 0.75 0.6059212500000001 0.6353346619897959
cube_sd_head 4 400 1.0 1.0 0.62017 0.6259738520408163
cube_sd_head 4 400 1.0 1.25 0.6408425 0.6202706473214286
cube_sd_head 4 400 1.0 1.5 0.6565806250000001 0.6091154336734694
cube_sd_head 4 400 1.0 1.75 0.6818493750000001 0.6036114477040816
cube_sd_head 4 400 1.0 2.0 0.7001724999999999 0.6067955994897959
cube_sd_head 4 400 1.0 2.25 0.7171812499999999 0.5836797672193877
cube_sd_head 4 400 1.0 2.5 0.7389212500000001 0.5836986607142858
cube_sd_head 4 400 1.0 2.75 0.7574681249999999 0.5853841677295919
cube_sd_head 4 400 1.0 3.0 0.7782150000000001 0.5793913424744898
cube_sd_head 4 400 1.0 3.25 0.7926581250000001 0.5632005739795918
cube_sd_head 4 400 1.0 3.5 0.8081075 0.5489297672193877
cube_sd_head 4 400 1.0 3.75 0.8249806249999999 0.5673363360969388
cube_sd_head 4 400 1.0 4.0 0.8426762500000002 0.574476881377551
