cube_sd_head 2 40 0.0 0.0 0.8333333333333334 0.75
cube_sd_head 2 40 0.0 0.25 1.0 0.75
cube_sd_head 2 40 0.0 0.5 1.0 0.75
cube_sd_head 2 40 0.0 0.75 1.0 0.75
cube_sd_head 2 40 0.0 1.0 1.0 0.75
cube_sd_head 2 40 0.0 1.25 1.0 0.75
cube_sd_head 2 40 0.0 1.5 1.0 0.6875
cube_sd_head 2 40 0.0 1.75 1.0 0.625
cube_sd_head 2 40 0.0 2.0 1.0 0.5625
cube_sd_head 2 40 0.0 2.25 1.0 0.375
cube_sd_head 2 40 0.0 2.5 1.0 0.5
cube_sd_head 2 40 0.0 2.75 1.0 0.5625
cube_sd_head 2 40 0.0 3.0 1.0 0.375
cube_sd_head 2 40 0.0 3.25 1.0 0.25
cube_sd_head 2 40 0.0 3.5 1.0 0.625
cube_sd_head 2 40 0.0 3.75 1.0 0.5625
cube_sd_head 2 40 0.0 4.0 1.0 0.625
cube_sd_head 2 40 0.2 0.0 0.8293333333333334 0.7430625
cube_sd_head 2 40 0.2 0.25 0.90375 0.752
cube_sd_head 2 40 0.2 0.5 0.9634166666666667 0.7175625
cube_sd_head 2 40 0.2 0.75 0.9925833333333333 0.6674374999999999
cube_sd_head 2 40 0.2 1.0 0.99675 0.710375
cube_sd_head 2 40 0.2 1.25 0.9974166666666667 0.714125
cube_sd_head 2 40 0.2 1.5 1.0 0.469875
cube_sd_head 2 40 0.2 1.75 1.0 0.6541875
cube_sd_head 2 40 0.2 2.0 1.0 0.49024999999999996
cube_sd_head 2 40 0.2 2.25 1.0 0.5371874999999999
cube_sd_head 2 40 0.2 2.5 1.0 0.461
cube_sd_head 2 40 0.2 2.75 1.0 0.6120625
cube_sd_head 2 40 0.2 3.0 1.0 0.638375
cube_sd_head 2 40 0.2 3.25 1.0 0.58025
cube_sd_head 2 40 0.2 3.5 1.0 0.5361875
cube_sd_head 2 40 0.2 3.75 1.0 0.6284375
cube_sd_head 2 40 0.2 4.0 1.0 0.5051249999999999
cube_sd_head 2 40 1.0 0.0 0.6223333333333333 0.5851875
cube_sd_head 2 40 1.0 0.25 0.6378333333333334 0.5811875
cube_sd_head 2 40 1.0 0.5 0.6689166666666667 0.5930625
cube_sd_head 2 40 1.0 0.75 0.6955833333333333 0.5445
cube_sd_head 2 40 1.0 1.0 0.7398333333333333 0.54925
cube_sd_head 2 40 1.0 1.25 0.7529166666666667 0.57
cube_sd_head 2 40 1.0 1.5 0.7864999999999999 0.5285624999999999
cube_sd_head 2 40 1.0 1.75 0.8298333333333333 0.5856874999999999
cube_sd_head 2 40 1.0 2.0 0.8301666666666666 0.5529375
cube_sd_head 2 40 1.0 2.25 0.8793333333333333 0.536125
cube_sd_head 2 40 1.0 2.5 0.8882499999999999 0.556625
cube_sd_head 2 40 1.0 2.75 0.9023333333333333 0.4816250000000001
cube_sd_head 2 40 1.0 3.0 0.9383333333333334 0.490875
cube_sd_head 2 40 1.0 3.25 0.9435833333333333 0.41675
cube_sd_head 2 40 1.0 3.5 0.9546666666666667 0.4185
cube_sd_head 2 40 1.0 3.75 0.9680833333333334 0.518
cube_sd_head 2 40 1.0 4.0 0.9790000000000001 0.5684374999999999
cube_sd_head 2 60 0.0 0.0 0.8333333333333334 0.75
cube_sd_head 2 60 0.0 0.25 1.0 0.75
cube_sd_head 2 60 0.0 0.5 1.0 0.75
cube_sd_head 2 60 0.0 0.75 1.0 0.75
cube_sd_head 2 60 0.0 1.0 1.0 0.75
cube_sd_head 2 60 0.0 1.25 1.0 0.625
cube_sd_head 2 60 0.0 1.5 1.0 0.75
cube_sd_head 2 60 0.0 1.75 1.0 0.75
cube_sd_head 2 60 0.0 2.0 1.0 0.625
cube_sd_head 2 60 0.0 2.25 1.0 0.625
cube_sd_head 2 60 0.0 2.5 1.0 0.5
cube_sd_head 2 60 0.0 2.75 1.0 0.75
cube_sd_head 2 60 0.0 3.0 1.0 0.625
cube_sd_head 2 60 0.0 3.25 1.0 0.5
cube_sd_head 2 60 0.0 3.5 1.0 0.5625
cube_sd_head 2 60 0.0 3.75 1.0 0.4375
cube_sd_head 2 60 0.0 4.0 1.0 0.5
cube_sd_head 2 60 0.2 0.0 0.826 0.7534375
cube_sd_head 2 60 0.2 0.25 0.9050833333333334 0.727125
cube_sd_head 2 60 0.2 0.5 0.9470833333333334 0.7215624999999999
cube_sd_head 2 60 0.2 0.75 0.9928333333333333 0.686375
cube_sd_head 2 60 0.2 1.0 0.9980833333333333 0.6616875
cube_sd_head 2 60 0.2 1.25 0.99975 0.6063125
cube_sd_head 2 60 0.2 1.5 0.9998333333333335 0.7328125000000001
cube_sd_head 2 60 0.2 1.75 1.0 0.5903125
cube_sd_head 2 60 0.2 2.0 1.0 0.6618125
cube_sd_head 2 60 0.2 2.25 1.0 0.4476875
cube_sd_head 2 60 0.2 2.5 1.0 0.4800625
cube_sd_head 2 60 0.2 2.75 1.0 0.552875
cube_sd_head 2 60 0.2 3.0 1.0 0.5475
cube_sd_head 2 60 0.2 3.25 1.0 0.7009375
cube_sd_head 2 60 0.2 3.5 1.0 0.53425
cube_sd_head 2 60 0.2 3.75 1.0 0.5178750000000001
cube_sd_head 2 60 0.2 4.0 1.0 0.6585
cube_sd_head 2 60 1.0 0.0 0.6323333333333334 0.588625
cube_sd_head 2 60 1.0 0.25 0.6454999999999999 0.5808125
cube_sd_head 2 60 1.0 0.5 0.6563333333333333 0.5629375
cube_sd_head 2 60 1.0 0.75 0.7077499999999999 0.5751875
cube_sd_head 2 60 1.0 1.0 0.72625 0.55575
cube_sd_head 2 60 1.0 1.25 0.7554166666666666 0.5356875000000001
cube_sd_head 2 60 1.0 1.5 0.8033333333333333 0.532625
cube_sd_head 2 60 1.0 1.75 0.8155833333333332 0.5091249999999999
cube_sd_head 2 60 1.0 2.0 0.8365 0.523625
cube_sd_head 2 60 1.0 2.25 0.8710000000000001 0.48906249999999996
cube_sd_head 2 60 1.0 2.5 0.895 0.5515
cube_sd_head 2 60 1.0 2.75 0.9107500000000001 0.561625
cube_sd_head 2 60 1.0 3.0 0.9255000000000001 0.5426875
cube_sd_head 2 60 1.0 3.25 0.9444166666666667 0.47024999999999995
cube_sd_head 2 60 1.0 3.5 0.9645000000000001 0.480125
cube_sd_head 2 60 1.0 3.75 0.9709166666666667 0.5143125
cube_sd_head 2 60 1.0 4.0 0.976 0.3921875
cube_sd_head 2 80 0.0 0.0 0.8333333333333334 0.75
cube_sd_head 2 80 0.0 0.25 1.0 0.75
cube_sd_head 2 80 0.0 0.5 1.0 0.75
cube_sd_head 2 80 0.0 0.75 1.0 0.75
cube_sd_head 2 80 0.0 1.0 1.0 0.75
cube_sd_head 2 80 0.0 1.25 1.0 0.75
cube_sd_head 2 80 0.0 1.5 1.0 0.75
cube_sd_head 2 80 0.0 1.75 1.0 0.6875
cube_sd_head 2 80 0.0 2.0 1.0 0.5
cube_sd_head 2 80 0.0 2.25 1.0 0.5
cube_sd_head 2 80 0.0 2.5 1.0 0.3125
cube_sd_head 2 80 0.0 2.75 1.0 0.5625
cube_sd_head 2 80 0.0 3.0 1.0 0.5625
cube_sd_head 2 80 0.0 3.25 1.0 0.75
cube_sd_head 2 80 0.0 3.5 1.0 0.5625
cube_sd_head 2 80 0.0 3.75 1.0 0.5625
cube_sd_head 2 80 0.0 4.0 1.0 0.75
cube_sd_head 2 80 0.2 0.0 0.8304166666666667 0.752875
cube_sd_head 2 80 0.2 0.25 0.8969999999999999 0.7261249999999999
cube_sd_head 2 80 0.2 0.5 0.9565833333333335 0.7395
cube_sd_head 2 80 0.2 0.75 0.98875 0.7034374999999999
cube_sd_head 2 80 0.2 1.0 0.9984166666666666 0.697875
cube_sd_head 2 80 0.2 1.25 0.9993333333333334 0.7145625
cube_sd_head 2 80 0.2 1.5 0.9998333333333335 0.707625
cube_sd_head 2 80 0.2 1.75 1.0 0.7040625
cube_sd_head 2 80 0.2 2.0 1.0 0.6379375
cube_sd_head 2 80 0.2 2.25 1.0 0.5351250000000001
cube_sd_head 2 80 0.2 2.5 1.0 0.3738125
cube_sd_head 2 80 0.2 2.75 1.0 0.5743125
cube_sd_head 2 80 0.2 3.0 1.0 0.655375
cube_sd_head 2 80 0.2 3.25 1.0 0.674375
cube_sd_head 2 80 0.2 3.5 1.0 0.70275
cube_sd_head 2 80 0.2 3.75 1.0 0.3766875
cube_sd_head 2 80 0.2 4.0 1.0 0.61525
cube_sd_head 2 80 1.0 0.0 0.621 0.5931875
cube_sd_head 2 80 1.0 0.25 0.6273333333333333 0.5896250000000001
cube_sd_head 2 80 1.0 0.5 0.6610833333333334 0.573875
cube_sd_head 2 80 1.0 0.75 0.6930833333333334 0.5778749999999999
cube_sd_head 2 80 1.0 1.0 0.7276666666666668 0.5331874999999999
cube_sd_head 2 80 1.0 1.25 0.75625 0.53775
cube_sd_head 2 80 1.0 1.5 0.7868333333333334 0.539625
cube_sd_head 2 80 1.0 1.75 0.8445833333333334 0.5448125
cube_sd_head 2 80 1.0 2.0 0.8530000000000001 0.49431250000000004
cube_sd_head 2 80 1.0 2.25 0.8729166666666667 0.5398125
cube_sd_head 2 80 1.0 2.5 0.8968333333333334 0.4948125
cube_sd_head 2 80 1.0 2.75 0.9235000000000001 0.5243125
cube_sd_head 2 80 1.0 3.0 0.93675 0.5054375
cube_sd_head 2 80 1.0 3.25 0.9474166666666667 0.562125
cube_sd_head 2 80 1.0 3.5 0.95425 0.5620625
cube_sd_head 2 80 1.0 3.75 0.9633333333333333 0.4856875
cube_sd_head 2 80 1.0 4.0 0.9764166666666667 0.5825625000000001
cube_sd_head 2 100 0.0 0.0 0.8333333333333334 0.75
cube_sd_head 2 100 0.0 0.25 1.0 0.75
cube_sd_head 2 100 0.0 0.5 1.0 0.75
cube_sd_head 2 100 0.0 0.75 1.0 0.75
cube_sd_head 2 100 0.0 1.0 1.0 0.6875
cube_sd_head 2 100 0.0 1.25 1.0 0.625
cube_sd_head 2 100 0.0 1.5 1.0 0.75
cube_sd_head 2 100 0.0 1.75 1.0 0.75
cube_sd_head 2 100 0.0 2.0 1.0 0.5625
cube_sd_head 2 100 0.0 2.25 1.0 0.4375
cube_sd_head 2 100 0.0 2.5 1.0 0.5
cube_sd_head 2 100 0.0 2.75 1.0 0.5
cube_sd_head 2 100 0.0 3.0 1.0 0.5625
cube_sd_head 2 100 0.0 3.25 1.0 0.5
cube_sd_head 2 100 0.0 3.5 1.0 0.5
cube_sd_head 2 100 0.0 3.75 1.0 0.625
cube_sd_head 2 100 0.0 4.0 1.0 0.5625
cube_sd_head 2 100 0.2 0.0 0.828 0.7533124999999999
cube_sd_head 2 100 0.2 0.25 0.9085833333333334 0.7500624999999999
cube_sd_head 2 100 0.2 0.5 0.9602499999999999 0.7124999999999999
cube_sd_head 2 100 0.2 0.75 0.9904166666666666 0.6873125
cube_sd_head 2 100 0.2 1.0 0.9976666666666666 0.6701874999999999
cube_sd_head 2 100 0.2 1.25 0.9995833333333334 0.6499375000000001
cube_sd_head 2 100 0.2 1.5 1.0 0.613
cube_sd_head 2 100 0.2 1.75 1.0 0.5529375
cube_sd_head 2 100 0.2 2.0 1.0 0.56125
cube_sd_head 2 100 0.2 2.25 1.0 0.4924375
cube_sd_head 2 100 0.2 2.5 1.0 0.6305625
cube_sd_head 2 100 0.2 2.75 1.0 0.5856250000000001
cube_sd_head 2 100 0.2 3.0 1.0 0.511625
cube_sd_head 2 100 0.2 3.25 1.0 0.6166875
cube_sd_head 2 100 0.2 3.5 1.0 0.4615625
cube_sd_head 2 100 0.2 3.75 1.0 0.540875
cube_sd_head 2 100 0.2 4.0 1.0 0.4613125
cube_sd_head 2 100 1.0 0.0 0.62525 0.5871875
cube_sd_head 2 100 1.0 0.25 0.63425 0.5779375
cube_sd_head 2 100 1.0 0.5 0.66225 0.5736875
cube_sd_head 2 100 1.0 0.75 0.7101666666666665 0.5691875000000001
cube_sd_head 2 100 1.0 1.0 0.7373333333333333 0.5391874999999999
cube_sd_head 2 100 1.0 1.25 0.7724166666666666 0.5223125
cube_sd_head 2 100 1.0 1.5 0.7913333333333332 0.546
cube_sd_head 2 100 1.0 1.75 0.8334166666666668 0.5394375
cube_sd_head 2 100 1.0 2.0 0.8524166666666667 0.546
cube_sd_head 2 100 1.0 2.25 0.8780833333333332 0.516375
cube_sd_head 2 100 1.0 2.5 0.8896666666666667 0.4798125
cube_sd_head 2 100 1.0 2.75 0.9208333333333333 0.52275
cube_sd_head 2 100 1.0 3.0 0.9296666666666668 0.472
cube_sd_head 2 100 1.0 3.25 0.9430833333333334 0.5551875
cube_sd_head 2 100 1.0 3.5 0.9605 0.600125
cube_sd_head 2 100 1.0 3.75 0.9660833333333333 0.45518749999999997
cube_sd_head 2 100 1.0 4.0 0.97625 0.48525
cube_sd_head 2 120 0.0 0.0 0.8333333333333334 0.75
cube_sd_head 2 120 0.0 0.25 1.0 0.75
cube_sd_head 2 120 0.0 0.5 1.0 0.75
cube_sd_head 2 120 0.0 0.75 1.0 0.75
cube_sd_head 2 120 0.0 1.0 1.0 0.75
cube_sd_head 2 120 0.0 1.25 1.0 0.6875
cube_sd_head 2 120 0.0 1.5 1.0 0.5625
cube_sd_head 2 120 0.0 1.75 1.0 0.75
cube_sd_head 2 120 0.0 2.0 1.0 0.625
cube_sd_head 2 120 0.0 2.25 1.0 0.75
cube_sd_head 2 120 0.0 2.5 1.0 0.625
cube_sd_head 2 120 0.0 2.75 1.0 0.5
cube_sd_head 2 120 0.0 3.0 1.0 0.5625
cube_sd_head 2 120 0.0 3.25 1.0 0.625
cube_sd_head 2 120 0.0 3.5 1.0 0.5
cube_sd_head 2 120 0.0 3.75 1.0 0.5625
cube_sd_head 2 120 0.0 4.0 1.0 0.5625
cube_sd_head 2 120 0.2 0.0 0.8289166666666666 0.740125
cube_sd_head 2 120 0.2 0.25 0.89925 0.739625
cube_sd_head 2 120 0.2 0.5 0.9588333333333333 0.7448125
cube_sd_head 2 120 0.2 0.75 0.9898333333333333 0.7238749999999999
cube_sd_head 2 120 0.2 1.0 0.9953333333333334 0.697125
cube_sd_head 2 120 0.2 1.25 0.9996666666666667 0.6755
cube_sd_head 2 120 0.2 1.5 0.9999166666666667 0.6628125
cube_sd_head 2 120 0.2 1.75 0.9999166666666667 0.48187500000000005
cube_sd_head 2 120 0.2 2.0 1.0 0.6360625
cube_sd_head 2 120 0.2 2.25 1.0 0.6295
cube_sd_head 2 120 0.2 2.5 1.0 0.7094375
cube_sd_head 2 120 0.2 2.75 1.0 0.61775
cube_sd_head 2 120 0.2 3.0 1.0 0.6601874999999999
cube_sd_head 2 120 0.2 3.25 1.0 0.4868125
cube_sd_head 2 120 0.2 3.5 1.0 0.48556249999999995
cube_sd_head 2 120 0.2 3.75 1.0 0.38418749999999996
cube_sd_head 2 120 0.2 4.0 1.0 0.7139375000000001
cube_sd_head 2 120 1.0 0.0 0.6184999999999999 0.5803750000000001
cube_sd_head 2 120 1.0 0.25 0.6346666666666666 0.5865
cube_sd_head 2 120 1.0 0.5 0.65525 0.5706875
cube_sd_head 2 120 1.0 0.75 0.6814166666666667 0.5498125
cube_sd_head 2 120 1.0 1.0 0.7140833333333334 0.5615625
cube_sd_head 2 120 1.0 1.25 0.7516666666666666 0.54975
cube_sd_head 2 120 1.0 1.5 0.7876666666666666 0.501875
cube_sd_head 2 120 1.0 1.75 0.8326666666666668 0.5251250000000001
cube_sd_head 2 120 1.0 2.0 0.8409166666666668 0.5125625
cube_sd_head 2 120 1.0 2.25 0.8696666666666667 0.5065625
cube_sd_head 2 120 1.0 2.5 0.9074166666666666 0.5045
cube_sd_head 2 120 1.0 2.75 0.9133333333333334 0.507625
cube_sd_head 2 120 1.0 3.0 0.9210833333333333 0.5329375000000001
cube_sd_head 2 120 1.0 3.25 0.9526666666666666 0.46675
cube_sd_head 2 120 1.0 3.5 0.95675 0.53
cube_sd_head 2 120 1.0 3.75 0.9701666666666666 0.5156875
cube_sd_head 2 120 1.0 4.0 0.9778333333333333 0.5110625
cube_sd_head 2 140 0.0 0.0 0.8333333333333334 0.75
cube_sd_head 2 140 0.0 0.25 1.0 0.75
cube_sd_head 2 140 0.0 0.5 1.0 0.75
cube_sd_head 2 140 0.0 0.75 1.0 0.75
cube_sd_head 2 140 0.0 1.0 1.0 0.75
cube_sd_head 2 140 0.0 1.25 1.0 0.625
cube_sd_head 2 140 0.0 1.5 1.0 0.75
cube_sd_head 2 140 0.0 1.75 1.0 0.75
cube_sd_head 2 140 0.0 2.0 1.0 0.6875
cube_sd_head 2 140 0.0 2.25 1.0 0.5625
cube_sd_head 2 140 0.0 2.5 1.0 0.5
cube_sd_head 2 140 0.0 2.75 1.0 0.75
cube_sd_head 2 140 0.0 3.0 1.0 0.5625
cube_sd_head 2 140 0.0 3.25 1.0 0.375
cube_sd_head 2 140 0.0 3.5 1.0 0.75
cube_sd_head 2 140 0.0 3.75 1.0 0.625
cube_sd_head 2 140 0.0 4.0 1.0 0.625
cube_sd_head 2 140 0.2 0.0 0.8323333333333335 0.7455625
cube_sd_head 2 140 0.2 0.25 0.9035833333333333 0.7389375
cube_sd_head 2 140 0.2 0.5 0.9514166666666668 0.72175
cube_sd_head 2 140 0.2 0.75 0.9851666666666666 0.7262500000000001
cube_sd_head 2 140 0.2 1.0 0.9981666666666666 0.7185625
cube_sd_head 2 140 0.2 1.25 0.9994999999999999 0.683875
cube_sd_head 2 140 0.2 1.5 0.9999166666666667 0.6187499999999999
cube_sd_head 2 140 0.2 1.75 1.0 0.6373125000000001
cube_sd_head 2 140 0.2 2.0 1.0 0.406375
cube_sd_head 2 140 0.2 2.25 1.0 0.502875
cube_sd_head 2 140 0.2 2.5 1.0 0.5763125
cube_sd_head 2 140 0.2 2.75 1.0 0.6326875
cube_sd_head 2 140 0.2 3.0 1.0 0.6763750000000001
cube_sd_head 2 140 0.2 3.25 1.0 0.5734375
cube_sd_head 2 140 0.2 3.5 1.0 0.511
cube_sd_head 2 140 0.2 3.75 1.0 0.4950625
cube_sd_head 2 140 0.2 4.0 1.0 0.5061875
cube_sd_head 2 140 1.0 0.0 0.6184166666666667 0.5785625
cube_sd_head 2 140 1.0 0.25 0.6185833333333334 0.57925
cube_sd_head 2 140 1.0 0.5 0.6480833333333333 0.5754375
cube_sd_head 2 140 1.0 0.75 0.67625 0.5646249999999999
cube_sd_head 2 140 1.0 1.0 0.7306666666666667 0.5608125
cube_sd_head 2 140 1.0 1.25 0.76675 0.5486875
cube_sd_head 2 140 1.0 1.5 0.8084166666666667 0.5436875
cube_sd_head 2 140 1.0 1.75 0.8159166666666667 0.5373125000000001
cube_sd_head 2 140 1.0 2.0 0.86 0.5185
cube_sd_head 2 140 1.0 2.25 0.8694999999999999 0.5105625
cube_sd_head 2 140 1.0 2.5 0.8986666666666667 0.5624375
cube_sd_head 2 140 1.0 2.75 0.9267500000000001 0.5171875
cube_sd_head 2 140 1.0 3.0 0.9325833333333334 0.5080625000000001
cube_sd_head 2 140 1.0 3.25 0.9514999999999999 0.5354375
cube_sd_head 2 140 1.0 3.5 0.96 0.5610625
cube_sd_head 2 140 1.0 3.75 0.9610833333333333 0.5285
cube_sd_head 2 140 1.0 4.0 0.9763333333333334 0.43700000000000006
cube_sd_head 2 160 0.0 0.0 0.8333333333333334 0.75
cube_sd_head 2 160 0.0 0.25 1.0 0.75
cube_sd_head 2 160 0.0 0.5 1.0 0.75
cube_sd_head 2 160 0.0 0.75 1.0 0.75
cube_sd_head 2 160 0.0 1.0 1.0 0.75
cube_sd_head 2 160 0.0 1.25 1.0 0.75
cube_sd_head 2 160 0.0 1.5 1.0 0.6875
cube_sd_head 2 160 0.0 1.75 1.0 0.6875
cube_sd_head 2 160 0.0 2.0 1.0 0.5625
cube_sd_head 2 160 0.0 2.25 1.0 0.625
cube_sd_head 2 160 0.0 2.5 1.0 0.5
cube_sd_head 2 160 0.0 2.75 1.0 0.625
cube_sd_head 2 160 0.0 3.0 1.0 0.5
cube_sd_head 2 160 0.0 3.25 1.0 0.75
cube_sd_head 2 160 0.0 3.5 1.0 0.6875
cube_sd_head 2 160 0.0 3.75 1.0 0.5625
cube_sd_head 2 160 0.0 4.0 1.0 0.625
cube_sd_head 2 160 0.2 0.0 0.8273333333333334 0.7414375
cube_sd_head 2 160 0.2 0.25 0.9091666666666667 0.7382500000000001
cube_sd_head 2 160 0.2 0.5 0.9560833333333333 0.738375
cube_sd_head 2 160 0.2 0.75 0.98875 0.69425
cube_sd_head 2 160 0.2 1.0 0.997 0.7003125
cube_sd_head 2 160 0.2 1.25 0.9993333333333334 0.6461875
cube_sd_head 2 160 0.2 1.5 1.0 0.6436249999999999
cube_sd_head 2 160 0.2 1.75 1.0 0.5956250000000001
cube_sd_head 2 160 0.2 2.0 1.0 0.5685625000000001
cube_sd_head 2 160 0.2 2.25 1.0 0.619
cube_sd_head 2 160 0.2 2.5 1.0 0.34674999999999995
cube_sd_head 2 160 0.2 2.75 1.0 0.5955625
cube_sd_head 2 160 0.2 3.0 1.0 0.57875
cube_sd_head 2 160 0.2 3.25 1.0 0.468375
cube_sd_head 2 160 0.2 3.5 1.0 0.5775000000000001
cube_sd_head 2 160 0.2 3.75 1.0 0.3165625
cube_sd_head 2 160 0.2 4.0 1.0 0.559375
cube_sd_head 2 160 1.0 0.0 0.6255000000000001 0.5738125
cube_sd_head 2 160 1.0 0.25 0.62125 0.5733125
cube_sd_head 2 160 1.0 0.5 0.6557499999999999 0.5654374999999999
cube_sd_head 2 160 1.0 0.75 0.7055833333333333 0.5529375000000001
cube_sd_head 2 160 1.0 1.0 0.7279166666666667 0.5516875
cube_sd_head 2 160 1.0 1.25 0.7573333333333333 0.5331250000000001
cube_sd_head 2 160 1.0 1.5 0.79425 0.5323125
cube_sd_head 2 160 1.0 1.75 0.8214166666666666 0.524
cube_sd_head 2 160 1.0 2.0 0.8330833333333333 0.5550625
cube_sd_head 2 160 1.0 2.25 0.8693333333333334 0.48674999999999996
cube_sd_head 2 160 1.0 2.5 0.9043333333333333 0.5565
cube_sd_head 2 160 1.0 2.75 0.9188333333333333 0.507375
cube_sd_head 2 160 1.0 3.0 0.9369999999999999 0.511125
cube_sd_head 2 160 1.0 3.25 0.9495 0.543125
cube_sd_head 2 160 1.0 3.5 0.9590000000000001 0.5265
cube_sd_head 2 160 1.0 3.75 0.96975 0.54125
cube_sd_head 2 160 1.0 4.0 0.9809166666666668 0.4671875
cube_sd_head 2 180 0.0 0.0 0.8333333333333334 0.75
cube_sd_head 2 180 0.0 0.25 1.0 0.75
cube_sd_head 2 180 0.0 0.5 1.0 0.75
cube_sd_head 2 180 0.0 0.75 1.0 0.75
cube_sd_head 2 180 0.0 1.0 1.0 0.75
cube_sd_head 2 180 0.0 1.25 1.0 0.75
cube_sd_head 2 180 0.0 1.5 1.0 0.6875
cube_sd_head 2 180 0.0 1.75 1.0 0.5625
cube_sd_head 2 180 0.0 2.0 1.0 0.625
cube_sd_head 2 180 0.0 2.25 1.0 0.5
cube_sd_head 2 180 0.0 2.5 1.0 0.5
cube_sd_head 2 180 0.0 2.75 1.0 0.5
cube_sd_head 2 180 0.0 3.0 1.0 0.4375
cube_sd_head 2 180 0.0 3.25 1.0 0.5625
cube_sd_head 2 180 0.0 3.5 1.0 0.6875
cube_sd_head 2 180 0.0 3.75 1.0 0.5
cube_sd_head 2 180 0.0 4.0 1.0 0.6875
cube_sd_head 2 180 0.2 0.0 0.8224166666666667 0.7573125
cube_sd_head 2 180 0.2 0.25 0.9035833333333333 0.7384375
cube_sd_head 2 180 0.2 0.5 0.9631666666666666 0.729
cube_sd_head 2 180 0.2 0.75 0.9845 0.7090000000000001
cube_sd_head 2 180 0.2 1.0 0.996 0.6856249999999999
cube_sd_head 2 180 0.2 1.25 0.9996666666666667 0.6268125
cube_sd_head 2 180 0.2 1.5 1.0 0.6966249999999998
cube_sd_head 2 180 0.2 1.75 0.9999166666666667 0.6831875000000001
cube_sd_head 2 180 0.2 2.0 1.0 0.5888125
cube_sd_head 2 180 0.2 2.25 1.0 0.5563125
cube_sd_head 2 180 0.2 2.5 1.0 0.5324375000000001
cube_sd_head 2 180 0.2 2.75 1.0 0.641
cube_sd_head 2 180 0.2 3.0 1.0 0.7126875
cube_sd_head 2 180 0.2 3.25 1.0 0.5796250000000001
cube_sd_head 2 180 0.2 3.5 1.0 0.5390625
cube_sd_head 2 180 0.2 3.75 1.0 0.5179374999999999
cube_sd_head 2 180 0.2 4.0 1.0 0.6823125
cube_sd_head 2 180 1.0 0.0 0.6148333333333333 0.5770625
cube_sd_head 2 180 1.0 0.25 0.627 0.5755
cube_sd_head 2 180 1.0 0.5 0.6504166666666666 0.5605
cube_sd_head 2 180 1.0 0.75 0.6869166666666667 0.557625
cube_sd_head 2 180 1.0 1.0 0.7188333333333334 0.5581875000000001
cube_sd_head 2 180 1.0 1.25 0.7589166666666666 0.535875
cube_sd_head 2 180 1.0 1.5 0.78625 0.5258750000000001
cube_sd_head 2 180 1.0 1.75 0.8218333333333333 0.528
cube_sd_head 2 180 1.0 2.0 0.8459166666666667 0.5395625
cube_sd_head 2 180 1.0 2.25 0.8732500000000001 0.5088125
cube_sd_head 2 180 1.0 2.5 0.9021666666666667 0.515625
cube_sd_head 2 180 1.0 2.75 0.9148333333333333 0.5245625
cube_sd_head 2 180 1.0 3.0 0.9225 0.5559375
cube_sd_head 2 180 1.0 3.25 0.9463333333333334 0.5146875
cube_sd_head 2 180 1.0 3.5 0.96125 0.527375
cube_sd_head 2 180 1.0 3.75 0.9700833333333333 0.475875
cube_sd_head 2 180 1.0 4.0 0.9743333333333334 0.5037499999999999
cube_sd_head 2 200 0.0 0.0 0.8333333333333334 0.75
cube_sd_head 2 200 0.0 0.25 1.0 0.75
cube_sd_head 2 200 0.0 0.5 1.0 0.75
cube_sd_head 2 200 0.0 0.75 1.0 0.75
cube_sd_head 2 200 0.0 1.0 1.0 0.75
cube_sd_head 2 200 0.0 1.25 1.0 0.75
cube_sd_head 2 200 0.0 1.5 1.0 0.75
cube_sd_head 2 200 0.0 1.75 1.0 0.6875
cube_sd_head 2 200 0.0 2.0 1.0 0.6875
cube_sd_head 2 200 0.0 2.25 1.0 0.625
cube_sd_head 2 200 0.0 2.5 1.0 0.5
cube_sd_head 2 200 0.0 2.75 1.0 0.5625
cube_sd_head 2 200 0.0 3.0 1.0 0.4375
cube_sd_head 2 200 0.0 3.25 1.0 0.5
cube_sd_head 2 200 0.0 3.5 1.0 0.6875
cube_sd_head 2 200 0.0 3.75 1.0 0.4375
cube_sd_head 2 200 0.0 4.0 1.0 0.6875
cube_sd_head 2 200 0.2 0.0 0.8288333333333333 0.7576875000000001
cube_sd_head 2 200 0.2 0.25 0.9004166666666666 0.7443124999999999
cube_sd_head 2 200 0.2 0.5 0.9626666666666667 0.721125
cube_sd_head 2 200 0.2 0.75 0.9867500000000001 0.7175
cube_sd_head 2 200 0.2 1.0 0.997 0.693625
cube_sd_head 2 200 0.2 1.25 0.9991666666666666 0.67825
cube_sd_head 2 200 0.2 1.5 0.9999166666666667 0.6323125
cube_sd_head 2 200 0.2 1.75 1.0 0.6288125
cube_sd_head 2 200 0.2 2.0 1.0 0.6928125
cube_sd_head 2 200 0.2 2.25 1.0 0.5712499999999999
cube_sd_head 2 200 0.2 2.5 1.0 0.6033124999999999
cube_sd_head 2 200 0.2 2.75 1.0 0.39075000000000004
cube_sd_head 2 200 0.2 3.0 1.0 0.6461874999999999
cube_sd_head 2 200 0.2 3.25 1.0 0.551625
cube_sd_head 2 200 0.2 3.5 1.0 0.41325
cube_sd_head 2 200 0.2 3.75 1.0 0.62075
cube_sd_head 2 200 0.2 4.0 1.0 0.6838124999999999
cube_sd_head 2 200 1.0 0.0 0.6151666666666668 0.571375
cube_sd_head 2 200 1.0 0.25 0.6263333333333333 0.5782499999999999
cube_sd_head 2 200 1.0 0.5 0.6526666666666667 0.573875
cube_sd_head 2 200 1.0 0.75 0.68825 0.54025
cube_sd_head 2 200 1.0 1.0 0.7236666666666668 0.531
cube_sd_head 2 200 1.0 1.25 0.7583333333333333 0.5585625
cube_sd_head 2 200 1.0 1.5 0.7895833333333333 0.5456875000000001
cube_sd_head 2 200 1.0 1.75 0.8280833333333333 0.534625
cube_sd_head 2 200 1.0 2.0 0.8532500000000001 0.5143125
cube_sd_head 2 200 1.0 2.25 0.8709166666666667 0.5373749999999999
cube_sd_head 2 200 1.0 2.5 0.898 0.5299375
cube_sd_head 2 200 1.0 2.75 0.9066666666666667 0.53775
cube_sd_head 2 200 1.0 3.0 0.9319999999999999 0.5034375
cube_sd_head 2 200 1.0 3.25 0.94075 0.5246875
cube_sd_head 2 200 1.0 3.5 0.9562499999999999 0.5009375
cube_sd_head 2 200 1.0 3.75 0.9693333333333333 0.4444375
cube_sd_head 2 200 1.0 4.0 0.9745833333333334 0.5186875
cube_sd_head 2 220 0.0 0.0 0.8333333333333334 0.75
cube_sd_head 2 220 0.0 0.25 1.0 0.75
cube_sd_head 2 220 0.0 0.5 1.0 0.75
cube_sd_head 2 220 0.0 0.75 1.0 0.75
cube_sd_head 2 220 0.0 1.0 1.0 0.75
cube_sd_head 2 220 0.0 1.25 1.0 0.75
cube_sd_head 2 220 0.0 1.5 1.0 0.75
cube_sd_head 2 220 0.0 1.75 1.0 0.5
cube_sd_head 2 220 0.0 2.0 1.0 0.6875
cube_sd_head 2 220 0.0 2.25 1.0 0.75
cube_sd_head 2 220 0.0 2.5 1.0 0.625
cube_sd_head 2 220 0.0 2.75 1.0 0.75
cube_sd_head 2 220 0.0 3.0 1.0 0.6875
cube_sd_head 2 220 0.0 3.25 1.0 0.5625
cube_sd_head 2 220 0.0 3.5 1.0 0.5
cube_sd_head 2 220 0.0 3.75 1.0 0.25
cube_sd_head 2 220 0.0 4.0 1.0 0.5625
cube_sd_head 2 220 0.2 0.0 0.8283333333333333 0.735125
cube_sd_head 2 220 0.2 0.25 0.89075 0.7343125
cube_sd_head 2 220 0.2 0.5 0.9639166666666666 0.7261875
cube_sd_head 2 220 0.2 0.75 0.9880833333333334 0.709875
cube_sd_head 2 220 0.2 1.0 0.9985 0.6915625000000001
cube_sd_head 2 220 0.2 1.25 0.9996666666666667 0.6745
cube_sd_head 2 220 0.2 1.5 1.0 0.6325624999999999
cube_sd_head 2 220 0.2 1.75 1.0 0.60225
cube_sd_head 2 220 0.2 2.0 1.0 0.6160625
cube_sd_head 2 220 0.2 2.25 1.0 0.5713125
cube_sd_head 2 220 0.2 2.5 1.0 0.5913125
cube_sd_head 2 220 0.2 2.75 1.0 0.5974375000000001
cube_sd_head 2 220 0.2 3.0 1.0 0.5671875
cube_sd_head 2 220 0.2 3.25 1.0 0.3755625
cube_sd_head 2 220 0.2 3.5 1.0 0.46599999999999997
cube_sd_head 2 220 0.2 3.75 1.0 0.44337499999999996
cube_sd_head 2 220 0.2 4.0 1.0 0.65425
cube_sd_head 2 220 1.0 0.0 0.6105833333333334 0.5749375
cube_sd_head 2 220 1.0 0.25 0.6158333333333333 0.5769375
cube_sd_head 2 220 1.0 0.5 0.6525 0.567125
cube_sd_head 2 220 1.0 0.75 0.6724166666666666 0.568875
cube_sd_head 2 220 1.0 1.0 0.7195 0.5625
cube_sd_head 2 220 1.0 1.25 0.7484166666666666 0.550375
cube_sd_head 2 220 1.0 1.5 0.7827500000000001 0.5125
cube_sd_head 2 220 1.0 1.75 0.8209166666666667 0.5343125
cube_sd_head 2 220 1.0 2.0 0.8461666666666666 0.5345625
cube_sd_head 2 220 1.0 2.25 0.8611666666666666 0.5339375
cube_sd_head 2 220 1.0 2.5 0.89525 0.525875
cube_sd_head 2 220 1.0 2.75 0.9103333333333333 0.5535
cube_sd_head 2 220 1.0 3.0 0.9331666666666667 0.518375
cube_sd_head 2 220 1.0 3.25 0.9467499999999999 0.535
cube_sd_head 2 220 1.0 3.5 0.9610833333333333 0.5036875000000001
cube_sd_head 2 220 1.0 3.75 0.9710000000000001 0.5124375000000001
cube_sd_head 2 220 1.0 4.0 0.9738333333333333 0.4991875
cube_sd_head 2 240 0.0 0.0 0.8333333333333334 0.75
cube_sd_head 2 240 0.0 0.25 1.0 0.75
cube_sd_head 2 240 0.0 0.5 1.0 0.75
cube_sd_head 2 240 0.0 0.75 1.0 0.75
cube_sd_head 2 240 0.0 1.0 1.0 0.75
cube_sd_head 2 240 0.0 1.25 1.0 0.75
cube_sd_head 2 240 0.0 1.5 1.0 0.75
cube_sd_head 2 240 0.0 1.75 1.0 0.6875
cube_sd_head 2 240 0.0 2.0 1.0 0.625
cube_sd_head 2 240 0.0 2.25 1.0 0.75
cube_sd_head 2 240 0.0 2.5 1.0 0.75
cube_sd_head 2 240 0.0 2.75 1.0 0.5625
cube_sd_head 2 240 0.0 3.0 1.0 0.6875
cube_sd_head 2 240 0.0 3.25 1.0 0.75
cube_sd_head 2 240 0.0 3.5 1.0 0.625
cube_sd_head 2 240 0.0 3.75 1.0 0.3125
cube_sd_head 2 240 0.0 4.0 1.0 0.6875
cube_sd_head 2 240 0.2 0.0 0.8241666666666667 0.7390000000000001
cube_sd_head 2 240 0.2 0.25 0.9043333333333333 0.730375
cube_sd_head 2 240 0.2 0.5 0.9604166666666667 0.7278125
cube_sd_head 2 240 0.2 0.75 0.9869166666666667 0.7385625
cube_sd_head 2 240 0.2 1.0 0.9976666666666666 0.6815625000000001
cube_sd_head 2 240 0.2 1.25 0.9995833333333334 0.6917500000000001
cube_sd_head 2 240 0.2 1.5 1.0 0.6796875
cube_sd_head 2 240 0.2 1.75 1.0 0.62875
cube_sd_head 2 240 0.2 2.0 1.0 0.5869375
cube_sd_head 2 240 0.2 2.25 1.0 0.540125
cube_sd_head 2 240 0.2 2.5 1.0 0.6499375000000001
cube_sd_head 2 240 0.2 2.75 1.0 0.620625
cube_sd_head 2 240 0.2 3.0 1.0 0.6874375
cube_sd_head 2 240 0.2 3.25 1.0 0.4113125
cube_sd_head 2 240 0.2 3.5 1.0 0.47975
cube_sd_head 2 240 0.2 3.75 1.0 0.5195
cube_sd_head 2 240 0.2 4.0 1.0 0.48512500000000003
cube_sd_head 2 240 1.0 0.0 0.614 0.573625
cube_sd_head 2 240 1.0 0.25 0.6258333333333334 0.580375
cube_sd_head 2 240 1.0 0.5 0.6539166666666666 0.55975
cube_sd_head 2 240 1.0 0.75 0.6750833333333334 0.5463749999999999
cube_sd_head 2 240 1.0 1.0 0.7175833333333334 0.558
cube_sd_head 2 240 1.0 1.25 0.7628333333333334 0.5509999999999999
cube_sd_head 2 240 1.0 1.5 0.7880833333333334 0.5421875
cube_sd_head 2 240 1.0 1.75 0.8192499999999999 0.549375
cube_sd_head 2 240 1.0 2.0 0.8510833333333333 0.546
cube_sd_head 2 240 1.0 2.25 0.8714166666666667 0.5356875
cube_sd_head 2 240 1.0 2.5 0.8966666666666666 0.497875
cube_sd_head 2 240 1.0 2.75 0.9109166666666667 0.525875
cube_sd_head 2 240 1.0 3.0 0.9348333333333333 0.4945625
cube_sd_head 2 240 1.0 3.25 0.9429166666666666 0.5471874999999999
cube_sd_head 2 240 1.0 3.5 0.9561666666666667 0.4685
cube_sd_head 2 240 1.0 3.75 0.9659999999999999 0.5545
cube_sd_head 2 240 1.0 4.0 0.9759166666666667 0.4545
cube_sd_head 2 260 0.0 0.0 0.8333333333333334 0.75
cube_sd_head 2 260 0.0 0.25 1.0 0.75
cube_sd_head 2 260 0.0 0.5 1.0 0.75
cube_sd_head 2 260 0.0 0.75 1.0 0.75
cube_sd_head 2 260 0.0 1.0 1.0 0.75
cube_sd_head 2 260 0.0 1.25 1.0 0.75
cube_sd_head 2 260 0.0 1.5 1.0 0.75
cube_sd_head 2 260 0.0 1.75 1.0 0.75
cube_sd_head 2 260 0.0 2.0 1.0 0.5625
cube_sd_head 2 260 0.0 2.25 1.0 0.5
cube_sd_head 2 260 0.0 2.5 1.0 0.6875
cube_sd_head 2 260 0.0 2.75 1.0 0.6875
cube_sd_head 2 260 0.0 3.0 1.0 0.5
cube_sd_head 2 260 0.0 3.25 1.0 0.6875
cube_sd_head 2 260 0.0 3.5 1.0 0.6875
cube_sd_head 2 260 0.0 3.75 1.0 0.25
cube_sd_head 2 260 0.0 4.0 1.0 0.5625
cube_sd_head 2 260 0.2 0.0 0.8280833333333333 0.7516875000000001
cube_sd_head 2 260 0.2 0.25 0.9060833333333335 0.748125
cube_sd_head 2 260 0.2 0.5 0.9576666666666668 0.7449375
cube_sd_head 2 260 0.2 0.75 0.9876666666666667 0.7160625
cube_sd_head 2 260 0.2 1.0 0.9954166666666667 0.7148749999999999
cube_sd_head 2 260 0.2 1.25 0.9994166666666667 0.659125
cube_sd_head 2 260 0.2 1.5 0.9999166666666667 0.6263749999999999
cube_sd_head 2 260 0.2 1.75 1.0 0.6671875
cube_sd_head 2 260 0.2 2.0 1.0 0.58975
cube_sd_head 2 260 0.2 2.25 1.0 0.714
cube_sd_head 2 260 0.2 2.5 1.0 0.612625
cube_sd_head 2 260 0.2 2.75 1.0 0.7490625
cube_sd_head 2 260 0.2 3.0 1.0 0.681625
cube_sd_head 2 260 0.2 3.25 1.0 0.3365
cube_sd_head 2 260 0.2 3.5 1.0 0.5820624999999999
cube_sd_head 2 260 0.2 3.75 1.0 0.6354375
cube_sd_head 2 260 0.2 4.0 1.0 0.581375
cube_sd_head 2 260 1.0 0.0 0.6091666666666667 0.5724375
cube_sd_head 2 260 1.0 0.25 0.6164999999999999 0.565125
cube_sd_head 2 260 1.0 0.5 0.64775 0.5626875
cube_sd_head 2 260 1.0 0.75 0.6895833333333333 0.551375
cube_sd_head 2 260 1.0 1.0 0.7155833333333333 0.5630625
cube_sd_head 2 260 1.0 1.25 0.7435 0.5318125
cube_sd_head 2 260 1.0 1.5 0.79625 0.5219374999999999
cube_sd_head 2 260 1.0 1.75 0.81025 0.5308124999999999
cube_sd_head 2 260 1.0 2.0 0.8410833333333333 0.5308125
cube_sd_head 2 260 1.0 2.25 0.8698333333333332 0.5550625
cube_sd_head 2 260 1.0 2.5 0.89875 0.52675
cube_sd_head 2 260 1.0 2.75 0.9081666666666667 0.5498125
cube_sd_head 2 260 1.0 3.0 0.9289999999999999 0.487
cube_sd_head 2 260 1.0 3.25 0.9449166666666667 0.5034375
cube_sd_head 2 260 1.0 3.5 0.9601666666666667 0.49993750000000003
cube_sd_head 2 260 1.0 3.75 0.9654166666666667 0.4613125
cube_sd_head 2 260 1.0 4.0 0.9736666666666666 0.49831249999999994
cube_sd_head 2 280 0.0 0.0 0.8333333333333334 0.75
cube_sd_head 2 280 0.0 0.25 1.0 0.75
cube_sd_head 2 280 0.0 0.5 1.0 0.75
cube_sd_head 2 280 0.0 0.75 1.0 0.75
cube_sd_head 2 280 0.0 1.0 1.0 0.75
cube_sd_head 2 280 0.0 1.25 1.0 0.75
cube_sd_head 2 280 0.0 1.5 1.0 0.75
cube_sd_head 2 280 0.0 1.75 1.0 0.6875
cube_sd_head 2 280 0.0 2.0 1.0 0.75
cube_sd_head 2 280 0.0 2.25 1.0 0.5
cube_sd_head 2 280 0.0 2.5 1.0 0.6875
cube_sd_head 2 280 0.0 2.75 1.0 0.625
cube_sd_head 2 280 0.0 3.0 1.0 0.625
cube_sd_head 2 280 0.0 3.25 1.0 0.625
cube_sd_head 2 280 0.0 3.5 1.0 0.5
cube_sd_head 2 280 0.0 3.75 1.0 0.75
cube_sd_head 2 280 0.0 4.0 1.0 0.6875
cube_sd_head 2 280 0.2 0.0 0.824 0.731125
cube_sd_head 2 280 0.2 0.25 0.89325 0.7376875
cube_sd_head 2 280 0.2 0.5 0.9635833333333333 0.7062499999999999
cube_sd_head 2 280 0.2 0.75 0.9888333333333333 0.7123125
cube_sd_head 2 280 0.2 1.0 0.997 0.705125
cube_sd_head 2 280 0.2 1.25 0.9996666666666667 0.6559375
cube_sd_head 2 280 0.2 1.5 0.9999166666666667 0.6795
cube_sd_head 2 280 0.2 1.75 1.0 0.6288125
cube_sd_head 2 280 0.2 2.0 1.0 0.6785
cube_sd_head 2 280 0.2 2.25 1.0 0.5992500000000001
cube_sd_head 2 280 0.2 2.5 1.0 0.5740625
cube_sd_head 2 280 0.2 2.75 1.0 0.6455
cube_sd_head 2 280 0.2 3.0 1.0 0.4110625
cube_sd_head 2 280 0.2 3.25 1.0 0.638375
cube_sd_head 2 280 0.2 3.5 1.0 0.5646875
cube_sd_head 2 280 0.2 3.75 1.0 0.5888125
cube_sd_head 2 280 0.2 4.0 1.0 0.45275000000000004
cube_sd_head 2 280 1.0 0.0 0.61675 0.5778125
cube_sd_head 2 280 1.0 0.25 0.6209166666666666 0.57125
cube_sd_head 2 280 1.0 0.5 0.6463333333333333 0.5489375
cube_sd_head 2 280 1.0 0.75 0.6706666666666666 0.552
cube_sd_head 2 280 1.0 1.0 0.7100833333333334 0.5543125
cube_sd_head 2 280 1.0 1.25 0.7410833333333334 0.53575
cube_sd_head 2 280 1.0 1.5 0.7759166666666667 0.5531250000000001
cube_sd_head 2 280 1.0 1.75 0.8118333333333334 0.5373749999999999
cube_sd_head 2 280 1.0 2.0 0.8413333333333334 0.52075
cube_sd_head 2 280 1.0 2.25 0.8710833333333333 0.5297499999999999
cube_sd_head 2 280 1.0 2.5 0.9028333333333333 0.5088125
cube_sd_head 2 280 1.0 2.75 0.9138333333333333 0.5233125000000001
cube_sd_head 2 280 1.0 3.0 0.9235833333333333 0.48906249999999996
cube_sd_head 2 280 1.0 3.25 0.9456666666666668 0.5503125
cube_sd_head 2 280 1.0 3.5 0.9498333333333333 0.47768750000000004
cube_sd_head 2 280 1.0 3.75 0.9615833333333333 0.5320625
cube_sd_head 2 280 1.0 4.0 0.9747499999999999 0.5241875
cube_sd_head 2 300 0.0 0.0 0.8333333333333334 0.75
cube_sd_head 2 300 0.0 0.25 1.0 0.75
cube_sd_head 2 300 0.0 0.5 1.0 0.75
cube_sd_head 2 300 0.0 0.75 1.0 0.75
cube_sd_head 2 300 0.0 1.0 1.0 0.75
cube_sd_head 2 300 0.0 1.25 1.0 0.75
cube_sd_head 2 300 0.0 1.5 1.0 0.75
cube_sd_head 2 300 0.0 1.75 1.0 0.75
cube_sd_head 2 300 0.0 2.0 1.0 0.5625
cube_sd_head 2 300 0.0 2.25 1.0 0.75
cube_sd_head 2 300 0.0 2.5 1.0 0.75
cube_sd_head 2 300 0.0 2.75 1.0 0.75
cube_sd_head 2 300 0.0 3.0 1.0 0.6875
cube_sd_head 2 300 0.0 3.25 1.0 0.75
cube_sd_head 2 300 0.0 3.5 1.0 0.5
cube_sd_head 2 300 0.0 3.75 1.0 0.3125
cube_sd_head 2 300 0.0 4.0 1.0 0.6875
cube_sd_head 2 300 0.2 0.0 0.8231666666666667 0.7368125000000001
cube_sd_head 2 300 0.2 0.25 0.9020833333333332 0.74175
cube_sd_head 2 300 0.2 0.5 0.9553333333333334 0.7350625
cube_sd_head 2 300 0.2 0.75 0.9865 0.7354375
cube_sd_head 2 300 0.2 1.0 0.9966666666666667 0.686125
cube_sd_head 2 300 0.2 1.25 0.9996666666666667 0.648375
cube_sd_head 2 300 0.2 1.5 1.0 0.621625
cube_sd_head 2 300 0.2 1.75 1.0 0.7075625
cube_sd_head 2 300 0.2 2.0 1.0 0.623375
cube_sd_head 2 300 0.2 2.25 1.0 0.5379375
cube_sd_head 2 300 0.2 2.5 1.0 0.6033124999999999
cube_sd_head 2 300 0.2 2.75 1.0 0.5246250000000001
cube_sd_head 2 300 0.2 3.0 1.0 0.48187499999999994
cube_sd_head 2 300 0.2 3.25 1.0 0.6189374999999999
cube_sd_head 2 300 0.2 3.5 1.0 0.6120000000000001
cube_sd_head 2 300 0.2 3.75 1.0 0.5183125
cube_sd_head 2 300 0.2 4.0 1.0 0.464375
cube_sd_head 2 300 1.0 0.0 0.6185833333333333 0.5721875000000001
cube_sd_head 2 300 1.0 0.25 0.6170833333333334 0.571875
cube_sd_head 2 300 1.0 0.5 0.65125 0.5571875
cube_sd_head 2 300 1.0 0.75 0.6805 0.545625
cube_sd_head 2 300 1.0 1.0 0.7055833333333332 0.5463125
cube_sd_head 2 300 1.0 1.25 0.7498333333333332 0.5360625000000001
cube_sd_head 2 300 1.0 1.5 0.7764166666666666 0.5357500000000001
cube_sd_head 2 300 1.0 1.75 0.8036666666666666 0.5349375000000001
cube_sd_head 2 300 1.0 2.0 0.842 0.5186875000000001
cube_sd_head 2 300 1.0 2.25 0.8733333333333334 0.48850000000000005
cube_sd_head 2 300 1.0 2.5 0.8986666666666667 0.5256875000000001
cube_sd_head 2 300 1.0 2.75 0.9061666666666667 0.5300625
cube_sd_head 2 300 1.0 3.0 0.9242499999999999 0.513875
cube_sd_head 2 300 1.0 3.25 0.9521666666666667 0.5128125
cube_sd_head 2 300 1.0 3.5 0.9530833333333334 0.512375
cube_sd_head 2 300 1.0 3.75 0.9584166666666666 0.557125
cube_sd_head 2 300 1.0 4.0 0.9711666666666666 0.554125
cube_sd_head 2 320 0.0 0.0 0.8333333333333334 0.75
cube_sd_head 2 320 0.0 0.25 1.0 0.75
cube_sd_head 2 320 0.0 0.5 1.0 0.75
cube_sd_head 2 320 0.0 0.75 1.0 0.75
cube_sd_head 2 320 0.0 1.0 1.0 0.75
cube_sd_head 2 320 0.0 1.25 1.0 0.75
cube_sd_head 2 320 0.0 1.5 1.0 0.75
cube_sd_head 2 320 0.0 1.75 1.0 0.75
cube_sd_head 2 320 0.0 2.0 1.0 0.6875
cube_sd_head 2 320 0.0 2.25 1.0 0.625
cube_sd_head 2 320 0.0 2.5 1.0 0.625
cube_sd_head 2 320 0.0 2.75 1.0 0.5
cube_sd_head 2 320 0.0 3.0 1.0 0.5625
cube_sd_head 2 320 0.0 3.25 1.0 0.625
cube_sd_head 2 320 0.0 3.5 1.0 0.5625
cube_sd_head 2 320 0.0 3.75 1.0 0.25
cube_sd_head 2 320 0.0 4.0 1.0 0.625
cube_sd_head 2 320 0.2 0.0 0.83175 0.7550625
cube_sd_head 2 320 0.2 0.25 0.895 0.7411874999999999
cube_sd_head 2 320 0.2 0.5 0.95975 0.7365625
cube_sd_head 2 320 0.2 0.75 0.9855 0.7258125
cube_sd_head 2 320 0.2 1.0 0.9969166666666668 0.6769375
cube_sd_head 2 320 0.2 1.25 0.99925 0.6725
cube_sd_head 2 320 0.2 1.5 0.9998333333333335 0.6479374999999999
cube_sd_head 2 320 0.2 1.75 1.0 0.648875
cube_sd_head 2 320 0.2 2.0 1.0 0.5553125000000001
cube_sd_head 2 320 0.2 2.25 1.0 0.67425
cube_sd_head 2 320 0.2 2.5 1.0 0.6813125
cube_sd_head 2 320 0.2 2.75 1.0 0.579125
cube_sd_head 2 320 0.2 3.0 1.0 0.6258125
cube_sd_head 2 320 0.2 3.25 1.0 0.5729375
cube_sd_head 2 320 0.2 3.5 1.0 0.6111249999999999
cube_sd_head 2 320 0.2 3.75 1.0 0.6911875
cube_sd_head 2 320 0.2 4.0 1.0 0.5915625
cube_sd_head 2 320 1.0 0.0 0.6113333333333333 0.57775
cube_sd_head 2 320 1.0 0.25 0.6225833333333334 0.571375
cube_sd_head 2 320 1.0 0.5 0.6400833333333333 0.573375
cube_sd_head 2 320 1.0 0.75 0.6744166666666667 0.5558749999999999
cube_sd_head 2 320 1.0 1.0 0.7190833333333333 0.5466249999999999
cube_sd_head 2 320 1.0 1.25 0.7403333333333334 0.532
cube_sd_head 2 320 1.0 1.5 0.7893333333333333 0.54025
cube_sd_head 2 320 1.0 1.75 0.8177500000000001 0.534875
cube_sd_head 2 320 1.0 2.0 0.8456666666666667 0.5320625
cube_sd_head 2 320 1.0 2.25 0.8642500000000001 0.5349999999999999
cube_sd_head 2 320 1.0 2.5 0.8868333333333333 0.5214375
cube_sd_head 2 320 1.0 2.75 0.8989166666666667 0.5165
cube_sd_head 2 320 1.0 3.0 0.9265 0.5388124999999999
cube_sd_head 2 320 1.0 3.25 0.9430000000000001 0.534125
cube_sd_head 2 320 1.0 3.5 0.9521666666666667 0.5189375
cube_sd_head 2 320 1.0 3.75 0.9670000000000001 0.514875
cube_sd_head 2 320 1.0 4.0 0.9707500000000001 0.5119375
cube_sd_head 2 340 0.0 0.0 0.8333333333333334 0.75
cube_sd_head 2 340 0.0 0.25 1.0 0.75
cube_sd_head 2 340 0.0 0.5 1.0 0.75
cube_sd_head 2 340 0.0 0.75 1.0 0.75
cube_sd_head 2 340 0.0 1.0 1.0 0.75
cube_sd_head 2 340 0.0 1.25 1.0 0.75
cube_sd_head 2 340 0.0 1.5 1.0 0.75
cube_sd_head 2 340 0.0 1.75 1.0 0.75
cube_sd_head 2 340 0.0 2.0 1.0 0.75
cube_sd_head 2 340 0.0 2.25 1.0 0.75
cube_sd_head 2 340 0.0 2.5 1.0 0.75
cube_sd_head 2 340 0.0 2.75 1.0 0.5
cube_sd_head 2 340 0.0 3.0 1.0 0.5625
cube_sd_head 2 340 0.0 3.25 1.0 0.6875
cube_sd_head 2 340 0.0 3.5 1.0 0.75
cube_sd_head 2 340 0.0 3.75 1.0 0.625
cube_sd_head 2 340 0.0 4.0 1.0 0.5
cube_sd_head 2 340 0.2 0.0 0.8296666666666667 0.7382500000000001
cube_sd_head 2 340 0.2 0.25 0.8895 0.745125
cube_sd_head 2 340 0.2 0.5 0.9579999999999999 0.7369375
cube_sd_head 2 340 0.2 0.75 0.9854166666666666 0.711375
cube_sd_head 2 340 0.2 1.0 0.9972500000000001 0.688625
cube_sd_head 2 340 0.2 1.25 0.9995833333333334 0.6903124999999999
cube_sd_head 2 340 0.2 1.5 1.0 0.6875
cube_sd_head 2 340 0.2 1.75 1.0 0.6751875
cube_sd_head 2 340 0.2 2.0 1.0 0.5949375
cube_sd_head 2 340 0.2 2.25 1.0 0.6383125000000001
cube_sd_head 2 340 0.2 2.5 1.0 0.5486875
cube_sd_head 2 340 0.2 2.75 1.0 0.5253125
cube_sd_head 2 340 0.2 3.0 1.0 0.477
cube_sd_head 2 340 0.2 3.25 1.0 0.6003125
cube_sd_head 2 340 0.2 3.5 1.0 0.6226875
cube_sd_head 2 340 0.2 3.75 1.0 0.5805625
cube_sd_head 2 340 0.2 4.0 1.0 0.6936874999999999
cube_sd_head 2 340 1.0 0.0 0.6139166666666666 0.5765625
cube_sd_head 2 340 1.0 0.25 0.6198333333333333 0.5619999999999999
cube_sd_head 2 340 1.0 0.5 0.6471666666666667 0.5606249999999999
cube_sd_head 2 340 1.0 0.75 0.6769999999999999 0.5515000000000001
cube_sd_head 2 340 1.0 1.0 0.7094166666666667 0.5429999999999999
cube_sd_head 2 340 1.0 1.25 0.7511666666666666 0.558125
cube_sd_head 2 340 1.0 1.5 0.7857499999999998 0.5351250000000001
cube_sd_head 2 340 1.0 1.75 0.8059166666666666 0.51725
cube_sd_head 2 340 1.0 2.0 0.8455833333333334 0.5189375
cube_sd_head 2 340 1.0 2.25 0.8717499999999999 0.5158125
cube_sd_head 2 340 1.0 2.5 0.8945 0.5216875
cube_sd_head 2 340 1.0 2.75 0.9130000000000001 0.54175
cube_sd_head 2 340 1.0 3.0 0.9296666666666665 0.5513124999999999
cube_sd_head 2 340 1.0 3.25 0.9448333333333334 0.5394375
cube_sd_head 2 340 1.0 3.5 0.9562499999999999 0.482125
cube_sd_head 2 340 1.0 3.75 0.9655833333333333 0.49724999999999997
cube_sd_head 2 340 1.0 4.0 0.9735 0.5098750000000001
cube_sd_head 2 360 0.0 0.0 0.8333333333333334 0.75
cube_sd_head 2 360 0.0 0.25 1.0 0.75
cube_sd_head 2 360 0.0 0.5 1.0 0.75
cube_sd_head 2 360 0.0 0.75 1.0 0.75
cube_sd_head 2 360 0.0 1.0 1.0 0.75
cube_sd_head 2 360 0.0 1.25 1.0 0.75
cube_sd_head 2 360 0.0 1.5 1.0 0.75
cube_sd_head 2 360 0.0 1.75 1.0 0.75
cube_sd_head 2 360 0.0 2.0 1.0 0.6875
cube_sd_head 2 360 0.0 2.25 1.0 0.625
cube_sd_head 2 360 0.0 2.5 1.0 0.625
cube_sd_head 2 360 0.0 2.75 1.0 0.75
cube_sd_head 2 360 0.0 3.0 1.0 0.625
cube_sd_head 2 360 0.0 3.25 1.0 0.625
cube_sd_head 2 360 0.0 3.5 1.0 0.625
cube_sd_head 2 360 0.0 3.75 1.0 0.5625
cube_sd_head 2 360 0.0 4.0 1.0 0.4375
cube_sd_head 2 360 0.2 0.0 0.8300000000000001 0.742625
cube_sd_head 2 360 0.2 0.25 0.8955833333333333 0.7463124999999999
cube_sd_head 2 360 0.2 0.5 0.9562499999999999 0.741
cube_sd_head 2 360 0.2 0.75 0.9846666666666666 0.7311875
cube_sd_head 2 360 0.2 1.0 0.9956666666666667 0.6979375
cube_sd_head 2 360 0.2 1.25 0.9994166666666667 0.6686875000000001
cube_sd_head 2 360 0.2 1.5 0.9998333333333335 0.684125
cube_sd_head 2 360 0.2 1.75 1.0 0.614375
cube_sd_head 2 360 0.2 2.0 1.0 0.6845625
cube_sd_head 2 360 0.2 2.25 1.0 0.60175
cube_sd_head 2 360 0.2 2.5 1.0 0.558625
cube_sd_head 2 360 0.2 2.75 1.0 0.602375
cube_sd_head 2 360 0.2 3.0 1.0 0.5025625
cube_sd_head 2 360 0.2 3.25 1.0 0.3915625
cube_sd_head 2 360 0.2 3.5 1.0 0.4434375
cube_sd_head 2 360 0.2 3.75 1.0 0.6665625000000001
cube_sd_head 2 360 0.2 4.0 1.0 0.5028125
cube_sd_head 2 360 1.0 0.0 0.6086666666666667 0.571
cube_sd_head 2 360 1.0 0.25 0.6103333333333334 0.5658125
cube_sd_head 2 360 1.0 0.5 0.6373333333333333 0.557375
cube_sd_head 2 360 1.0 0.75 0.6668333333333334 0.5490625
cube_sd_head 2 360 1.0 1.0 0.7084166666666668 0.545875
cube_sd_head 2 360 1.0 1.25 0.7349166666666668 0.5431250000000001
cube_sd_head 2 360 1.0 1.5 0.7773333333333333 0.532625
cube_sd_head 2 360 1.0 1.75 0.8076666666666666 0.52
cube_sd_head 2 360 1.0 2.0 0.8314166666666667 0.5341875
cube_sd_head 2 360 1.0 2.25 0.8675 0.502375
cube_sd_head 2 360 1.0 2.5 0.8937499999999999 0.5428124999999999
cube_sd_head 2 360 1.0 2.75 0.9003333333333333 0.521125
cube_sd_head 2 360 1.0 3.0 0.92575 0.508375
cube_sd_head 2 360 1.0 3.25 0.9380833333333333 0.5463125
cube_sd_head 2 360 1.0 3.5 0.9513333333333334 0.507125
cube_sd_head 2 360 1.0 3.75 0.9605 0.5243125
cube_sd_head 2 360 1.0 4.0 0.9733333333333333 0.48368750000000005
cube_sd_head 2 380 0.0 0.0 0.8333333333333334 0.75
cube_sd_head 2 380 0.0 0.25 1.0 0.75
cube_sd_head 2 380 0.0 0.5 1.0 0.75
cube_sd_head 2 380 0.0 0.75 1.0 0.75
cube_sd_head 2 380 0.0 1.0 1.0 0.75
cube_sd_head 2 380 0.0 1.25 1.0 0.75
cube_sd_head 2 380 0.0 1.5 1.0 0.6875
cube_sd_head 2 380 0.0 1.75 1.0 0.6875
cube_sd_head 2 380 0.0 2.0 1.0 0.6875
cube_sd_head 2 380 0.0 2.25 1.0 0.625
cube_sd_head 2 380 0.0 2.5 1.0 0.75
cube_sd_head 2 380 0.0 2.75 1.0 0.75
cube_sd_head 2 380 0.0 3.0 1.0 0.625
cube_sd_head 2 380 0.0 3.25 1.0 0.75
cube_sd_head 2 380 0.0 3.5 1.0 0.625
cube_sd_head 2 380 0.0 3.75 1.0 0.75
cube_sd_head 2 380 0.0 4.0 1.0 0.5
cube_sd_head 2 380 0.2 0.0 0.8258333333333333 0.7358750000000001
cube_sd_head 2 380 0.2 0.25 0.8966666666666666 0.7408125
cube_sd_head 2 380 0.2 0.5 0.9562499999999999 0.7218125
cube_sd_head 2 380 0.2 0.75 0.9831666666666666 0.700375
cube_sd_head 2 380 0.2 1.0 0.9960833333333333 0.6765000000000001
cube_sd_head 2 380 0.2 1.25 0.9995833333333334 0.68475
cube_sd_head 2 380 0.2 1.5 0.9998333333333335 0.6454375
cube_sd_head 2 380 0.2 1.75 1.0 0.616375
cube_sd_head 2 380 0.2 2.0 1.0 0.6136875
cube_sd_head 2 380 0.2 2.25 1.0 0.5378749999999999
cube_sd_head 2 380 0.2 2.5 1.0 0.7538125
cube_sd_head 2 380 0.2 2.75 1.0 0.653
cube_sd_head 2 380 0.2 3.0 1.0 0.5843750000000001
cube_sd_head 2 380 0.2 3.25 1.0 0.5277499999999999
cube_sd_head 2 380 0.2 3.5 1.0 0.62
cube_sd_head 2 380 0.2 3.75 1.0 0.5549375
cube_sd_head 2 380 0.2 4.0 1.0 0.615125
cube_sd_head 2 380 1.0 0.0 0.6023333333333334 0.5644374999999999
cube_sd_head 2 380 1.0 0.25 0.61325 0.5664374999999999
cube_sd_head 2 380 1.0 0.5 0.6373333333333333 0.5553750000000001
cube_sd_head 2 380 1.0 0.75 0.6746666666666666 0.5511874999999999
cube_sd_head 2 380 1.0 1.0 0.7149166666666665 0.5370625
cube_sd_head 2 380 1.0 1.25 0.7272500000000001 0.53325
cube_sd_head 2 380 1.0 1.5 0.7805 0.5190625
cube_sd_head 2 380 1.0 1.75 0.7979166666666666 0.516
cube_sd_head 2 380 1.0 2.0 0.83975 0.5256875
cube_sd_head 2 380 1.0 2.25 0.87 0.5299999999999999
cube_sd_head 2 380 1.0 2.5 0.8922500000000001 0.5255624999999999
cube_sd_head 2 380 1.0 2.75 0.90125 0.5066875
cube_sd_head 2 380 1.0 3.0 0.9274166666666668 0.5161875
cube_sd_head 2 380 1.0 3.25 0.9445 0.5119374999999999
cube_sd_head 2 380 1.0 3.5 0.9531666666666667 0.489375
cube_sd_head 2 380 1.0 3.75 0.961 0.533625
cube_sd_head 2 380 1.0 4.0 0.9739999999999999 0.45525
cube_sd_head 2 400 0.0 0.0 0.8333333333333334 0.75
cube_sd_head 2 400 0.0 0.25 1.0 0.75
cube_sd_head 2 400 0.0 0.5 1.0 0.75
cube_sd_head 2 400 0.0 0.75 1.0 0.75
cube_sd_head 2 400 0.0 1.0 1.0 0.75
cube_sd_head 2 400 0.0 1.25 1.0 0.75
cube_sd_head 2 400 0.0 1.5 1.0 0.75
cube_sd_head 2 400 0.0 1.75 1.0 0.6875
cube_sd_head 2 400 0.0 2.0 1.0 0.75
cube_sd_head 2 400 0.0 2.25 1.0 0.4375
cube_sd_head 2 400 0.0 2.5 1.0 0.75
cube_sd_head 2 400 0.0 2.75 1.0 0.625
cube_sd_head 2 400 0.0 3.0 1.0 0.75
cube_sd_head 2 400 0.0 3.25 1.0 0.6875
cube_sd_head 2 400 0.0 3.5 1.0 0.5625
cube_sd_head 2 400 0.0 3.75 1.0 0.25
cube_sd_head 2 400 0.0 4.0 1.0 0.625
cube_sd_head 2 400 0.2 0.0 0.8248333333333333 0.738375
cube_sd_head 2 400 0.2 0.25 0.8979166666666667 0.7513125
cube_sd_head 2 400 0.2 0.5 0.9515833333333333 0.7204375
cube_sd_head 2 400 0.2 0.75 0.9861666666666666 0.7148749999999999
cube_sd_head 2 400 0.2 1.0 0.9940833333333333 0.7173750000000001
cube_sd_head 2 400 0.2 1.25 0.9985 0.71225
cube_sd_head 2 400 0.2 1.5 0.9999166666666667 0.6855
cube_sd_head 2 400 0.2 1.75 1.0 0.6039375
cube_sd_head 2 400 0.2 2.0 1.0 0.6184375
cube_sd_head 2 400 0.2 2.25 1.0 0.6214375000000001
cube_sd_head 2 400 0.2 2.5 1.0 0.5356875
cube_sd_head 2 400 0.2 2.75 1.0 0.5466875
cube_sd_head 2 400 0.2 3.0 1.0 0.552
cube_sd_head 2 400 0.2 3.25 1.0 0.5054375
cube_sd_head 2 400 0.2 3.5 1.0 0.5338125
cube_sd_head 2 400 0.2 3.75 1.0 0.4090625
cube_sd_head 2 400 0.2 4.0 1.0 0.529
cube_sd_head 2 400 1.0 0.0 0.6065833333333334 0.5641875000000001
cube_sd_head 2 400 1.0 0.25 0.61375 0.5606249999999999
cube_sd_head 2 400 1.0 0.5 0.6399166666666667 0.5627500000000001
cube_sd_head 2 400 1.0 0.75 0.6679166666666667 0.54
cube_sd_head 2 400 1.0 1.0 0.7109166666666665 0.5458125
cube_sd_head 2 400 1.0 1.25 0.7460833333333334 0.5314375
cube_sd_head 2 400 1.0 1.5 0.7790833333333333 0.5601875
cube_sd_head 2 400 1.0 1.75 0.8055833333333333 0.5304375
cube_sd_head 2 400 1.0 2.0 0.84075 0.527125
cube_sd_head 2 400 1.0 2.25 0.8641666666666667 0.5133125000000001
cube_sd_head 2 400 1.0 2.5 0.8836666666666666 0.4961875
cube_sd_head 2 400 1.0 2.75 0.9050833333333334 0.5369999999999999
cube_sd_head 2 400 1.0 3.0 0.9225833333333333 0.51325
cube_sd_head 2 400 1.0 3.25 0.94 0.5165625
cube_sd_head 2 400 1.0 3.5 0.94725 0.49249999999999994
cube_sd_head 2 400 1.0 3.75 0.9634999999999999 0.500625
cube_sd_head 2 400 1.0 4.0 0.9740000000000001 0.516875
